#
# There is insufficient memory for the Java Runtime Environment to continue.
# Native memory allocation (mmap) failed to map 236978176 bytes for G1 virtual space
# Possible reasons:
#   The system is out of physical RAM or swap space
#   The process is running with CompressedOops enabled, and the Java Heap may be blocking the growth of the native heap
# Possible solutions:
#   Reduce memory load on the system
#   Increase physical memory or swap space
#   Check if swap backing store is full
#   Decrease Java heap size (-Xmx/-Xms)
#   Decrease number of Java threads
#   Decrease Java thread stack sizes (-Xss)
#   Set larger code cache with -XX:ReservedCodeCacheSize=
#   JVM is running with Unscaled Compressed Oops mode in which the Java heap is
#     placed in the first 4GB address space. The Java Heap base address is the
#     maximum limit for the native heap growth. Please use -XX:HeapBaseMinAddress
#     to set the Java Heap base and to place the Java Heap above 4GB virtual address.
# This output file may be truncated or incomplete.
#
#  Out of Memory Error (os_windows.cpp:3825), pid=89036, tid=83228
#
# JRE version: OpenJDK Runtime Environment (17.0.9) (build 17.0.9+0--11185874)
# Java VM: OpenJDK 64-Bit Server VM (17.0.9+0--11185874, mixed mode, tiered, compressed oops, compressed class ptrs, g1 gc, windows-amd64)
# No core dump will be written. Minidumps are not enabled by default on client versions of Windows
#

---------------  S U M M A R Y ------------

Command Line: org.jetbrains.kotlin.cli.jvm.K2JVMCompiler @D:\Mobile\Kisaan1.0\app\build\20240414_14677820338020071477.compiler.options

Host: 12th Gen Intel(R) Core(TM) i5-1235U, 12 cores, 7G,  Windows 11 , 64 bit Build 22621 (10.0.22621.1105)
Time: Sun Apr 14 13:24:44 2024 Pacific Daylight Time elapsed time: 13.177317 seconds (0d 0h 0m 13s)

---------------  T H R E A D  ---------------

Current thread (0x000001e5fca1fae0):  VMThread "VM Thread" [stack: 0x000000cd62500000,0x000000cd62600000] [id=83228]

Stack: [0x000000cd62500000,0x000000cd62600000]
Native frames: (J=compiled Java code, j=interpreted, Vv=VM code, C=native code)
V  [jvm.dll+0x6886e9]
V  [jvm.dll+0x841e4a]
V  [jvm.dll+0x843a8e]
V  [jvm.dll+0x8440f3]
V  [jvm.dll+0x24c14f]
V  [jvm.dll+0x685499]
V  [jvm.dll+0x679c2a]
V  [jvm.dll+0x30cf9b]
V  [jvm.dll+0x314446]
V  [jvm.dll+0x36425e]
V  [jvm.dll+0x36448f]
V  [jvm.dll+0x2e2d68]
V  [jvm.dll+0x2e0f44]
V  [jvm.dll+0x2e054c]
V  [jvm.dll+0x3253fb]
V  [jvm.dll+0x8487eb]
V  [jvm.dll+0x849531]
V  [jvm.dll+0x849a4d]
V  [jvm.dll+0x849e24]
V  [jvm.dll+0x849ef0]
V  [jvm.dll+0x7f06aa]
V  [jvm.dll+0x687565]
C  [ucrtbase.dll+0x29363]
C  [KERNEL32.DLL+0x126bd]
C  [ntdll.dll+0x5dfb8]

VM_Operation (0x000000cd61ffaf50): G1CollectForAllocation, mode: safepoint, requested by thread 0x000001e5e0a15220


---------------  P R O C E S S  ---------------

Threads class SMR info:
_java_thread_list=0x000001e5fcbc6690, length=13, elements={
0x000001e5e0a15220, 0x000001e5fca235b0, 0x000001e5fca23f70, 0x000001e5fca336f0,
0x000001e5fca340b0, 0x000001e5fca38a90, 0x000001e5fca39660, 0x000001e5fcbbffb0,
0x000001e5fcbc0e70, 0x000001e5fcbc2790, 0x000001e5fcd26750, 0x000001e5fcd26240,
0x000001e5fcd328d0
}

Java Threads: ( => current thread )
  0x000001e5e0a15220 JavaThread "main" [_thread_blocked, id=95456, stack(0x000000cd61f00000,0x000000cd62000000)]
  0x000001e5fca235b0 JavaThread "Reference Handler" daemon [_thread_blocked, id=97224, stack(0x000000cd62600000,0x000000cd62700000)]
  0x000001e5fca23f70 JavaThread "Finalizer" daemon [_thread_blocked, id=97544, stack(0x000000cd62700000,0x000000cd62800000)]
  0x000001e5fca336f0 JavaThread "Signal Dispatcher" daemon [_thread_blocked, id=86840, stack(0x000000cd62800000,0x000000cd62900000)]
  0x000001e5fca340b0 JavaThread "Attach Listener" daemon [_thread_blocked, id=105796, stack(0x000000cd62900000,0x000000cd62a00000)]
  0x000001e5fca38a90 JavaThread "Service Thread" daemon [_thread_blocked, id=97468, stack(0x000000cd62a00000,0x000000cd62b00000)]
  0x000001e5fca39660 JavaThread "Monitor Deflation Thread" daemon [_thread_blocked, id=87956, stack(0x000000cd62b00000,0x000000cd62c00000)]
  0x000001e5fcbbffb0 JavaThread "C2 CompilerThread0" daemon [_thread_in_native, id=100592, stack(0x000000cd62c00000,0x000000cd62d00000)]
  0x000001e5fcbc0e70 JavaThread "C1 CompilerThread0" daemon [_thread_blocked, id=98032, stack(0x000000cd62d00000,0x000000cd62e00000)]
  0x000001e5fcbc2790 JavaThread "Sweeper thread" daemon [_thread_blocked, id=108448, stack(0x000000cd62e00000,0x000000cd62f00000)]
  0x000001e5fcd26750 JavaThread "Notification Thread" daemon [_thread_blocked, id=90056, stack(0x000000cd62f00000,0x000000cd63000000)]
  0x000001e5fcd26240 JavaThread "Common-Cleaner" daemon [_thread_blocked, id=33716, stack(0x000000cd63100000,0x000000cd63200000)]
  0x000001e5fcd328d0 JavaThread "C2 CompilerThread1" daemon [_thread_in_native, id=104100, stack(0x000000cd63200000,0x000000cd63300000)]

Other Threads:
=>0x000001e5fca1fae0 VMThread "VM Thread" [stack: 0x000000cd62500000,0x000000cd62600000] [id=83228]
  0x000001e5fcbe7540 WatcherThread [stack: 0x000000cd63000000,0x000000cd63100000] [id=90052]
  0x000001e5e0a701a0 GCTaskThread "GC Thread#0" [stack: 0x000000cd62000000,0x000000cd62100000] [id=83564]
  0x000001e5fd43d7c0 GCTaskThread "GC Thread#1" [stack: 0x000000cd63300000,0x000000cd63400000] [id=94560]
  0x000001e5fd3ff250 GCTaskThread "GC Thread#2" [stack: 0x000000cd63400000,0x000000cd63500000] [id=90528]
  0x000001e5fd4059f0 GCTaskThread "GC Thread#3" [stack: 0x000000cd63500000,0x000000cd63600000] [id=89828]
  0x000001e5fd4068c0 GCTaskThread "GC Thread#4" [stack: 0x000000cd63600000,0x000000cd63700000] [id=104032]
  0x000001e5fd8c6850 GCTaskThread "GC Thread#5" [stack: 0x000000cd63700000,0x000000cd63800000] [id=62972]
  0x000001e5fdc273d0 GCTaskThread "GC Thread#6" [stack: 0x000000cd63800000,0x000000cd63900000] [id=103120]
  0x000001e5fdb05420 GCTaskThread "GC Thread#7" [stack: 0x000000cd63900000,0x000000cd63a00000] [id=99548]
  0x000001e5fdc38520 GCTaskThread "GC Thread#8" [stack: 0x000000cd63a00000,0x000000cd63b00000] [id=96284]
  0x000001e5fdcfd910 GCTaskThread "GC Thread#9" [stack: 0x000000cd63d00000,0x000000cd63e00000] [id=99760]
  0x000001e5e0a80870 ConcurrentGCThread "G1 Main Marker" [stack: 0x000000cd62100000,0x000000cd62200000] [id=88388]
  0x000001e5e0a813f0 ConcurrentGCThread "G1 Conc#0" [stack: 0x000000cd62200000,0x000000cd62300000] [id=106928]
  0x000001e5fdc387e0 ConcurrentGCThread "G1 Conc#1" [stack: 0x000000cd63b00000,0x000000cd63c00000] [id=97596]
  0x000001e5fdb4f930 ConcurrentGCThread "G1 Conc#2" [stack: 0x000000cd63c00000,0x000000cd63d00000] [id=75464]
  0x000001e5e0ace7c0 ConcurrentGCThread "G1 Refine#0" [stack: 0x000000cd62300000,0x000000cd62400000] [id=103728]
  0x000001e5859d7250 ConcurrentGCThread "G1 Refine#1" [stack: 0x000000cd63e00000,0x000000cd63f00000] [id=106816]
  0x000001e5859d7540 ConcurrentGCThread "G1 Refine#2" [stack: 0x000000cd63f00000,0x000000cd64000000] [id=91248]
  0x000001e5859d60b0 ConcurrentGCThread "G1 Refine#3" [stack: 0x000000cd64000000,0x000000cd64100000] [id=102536]
  0x000001e5859d54f0 ConcurrentGCThread "G1 Refine#4" [stack: 0x000000cd64100000,0x000000cd64200000] [id=88572]
  0x000001e5859d57e0 ConcurrentGCThread "G1 Refine#5" [stack: 0x000000cd64200000,0x000000cd64300000] [id=106680]
  0x000001e5859d6f60 ConcurrentGCThread "G1 Refine#6" [stack: 0x000000cd64300000,0x000000cd64400000] [id=88260]
  0x000001e5fc878250 ConcurrentGCThread "G1 Service" [stack: 0x000000cd62400000,0x000000cd62500000] [id=99652]

Threads with active compile tasks:
C2 CompilerThread0    13188 16804       4       org.jetbrains.kotlin.backend.jvm.ir.JvmIrTypeUtilsKt::eraseTypeParameters (548 bytes)
C2 CompilerThread1    13188 16795       4       org.jetbrains.org.objectweb.asm.Frame::merge (395 bytes)

VM state: at safepoint (normal execution)

VM Mutex/Monitor currently owned by a thread:  ([mutex/lock_event])
[0x000001e5e0a0fcd0] Threads_lock - owner thread: 0x000001e5fca1fae0
[0x000001e5e0a10db0] Heap_lock - owner thread: 0x000001e5e0a15220

Heap address: 0x0000000084400000, size: 1980 MB, Compressed Oops mode: 32-bit

CDS archive(s) not mapped
Compressed class space mapped at: 0x0000000100000000-0x0000000140000000, reserved size: 1073741824
Narrow klass base: 0x0000000000000000, Narrow klass shift: 3, Narrow klass range: 0x140000000

GC Precious Log:
 CPUs: 12 total, 12 available
 Memory: 7916M
 Large Page Support: Disabled
 NUMA Support: Disabled
 Compressed Oops: Enabled (32-bit)
 Heap Region Size: 1M
 Heap Min Capacity: 8M
 Heap Initial Capacity: 124M
 Heap Max Capacity: 1980M
 Pre-touch: Disabled
 Parallel Workers: 10
 Concurrent Workers: 3
 Concurrent Refinement Workers: 10
 Periodic GC: Disabled

Heap:
 garbage-first heap   total 231424K, used 122685K [0x0000000084400000, 0x0000000100000000)
  region size 1024K, 6 young (6144K), 6 survivors (6144K)
 Metaspace       used 88114K, committed 88512K, reserved 1179648K
  class space    used 9488K, committed 9664K, reserved 1048576K

Heap Regions: E=young(eden), S=young(survivor), O=old, HS=humongous(starts), HC=humongous(continues), CS=collection set, F=free, OA=open archive, CA=closed archive, TAMS=top-at-mark-start (previous, next)
|   0|0x0000000084400000, 0x0000000084500000, 0x0000000084500000|100%|HS|  |TAMS 0x0000000084500000, 0x0000000084400000| Complete 
|   1|0x0000000084500000, 0x0000000084600000, 0x0000000084600000|100%|HC|  |TAMS 0x0000000084600000, 0x0000000084500000| Complete 
|   2|0x0000000084600000, 0x0000000084700000, 0x0000000084700000|100%|HC|  |TAMS 0x0000000084700000, 0x0000000084600000| Complete 
|   3|0x0000000084700000, 0x0000000084800000, 0x0000000084800000|100%|HC|  |TAMS 0x0000000084800000, 0x0000000084700000| Complete 
|   4|0x0000000084800000, 0x0000000084900000, 0x0000000084900000|100%| O|  |TAMS 0x0000000084900000, 0x0000000084800000| Untracked 
|   5|0x0000000084900000, 0x0000000084a00000, 0x0000000084a00000|100%| O|  |TAMS 0x0000000084a00000, 0x0000000084900000| Untracked 
|   6|0x0000000084a00000, 0x0000000084b00000, 0x0000000084b00000|100%| O|  |TAMS 0x0000000084b00000, 0x0000000084a00000| Untracked 
|   7|0x0000000084b00000, 0x0000000084c00000, 0x0000000084c00000|100%| O|  |TAMS 0x0000000084c00000, 0x0000000084b00000| Untracked 
|   8|0x0000000084c00000, 0x0000000084d00000, 0x0000000084d00000|100%| O|  |TAMS 0x0000000084d00000, 0x0000000084c00000| Untracked 
|   9|0x0000000084d00000, 0x0000000084e00000, 0x0000000084e00000|100%| O|  |TAMS 0x0000000084d00000, 0x0000000084d00000| Untracked 
|  10|0x0000000084e00000, 0x0000000084f00000, 0x0000000084f00000|100%| O|  |TAMS 0x0000000084f00000, 0x0000000084e00000| Untracked 
|  11|0x0000000084f00000, 0x0000000085000000, 0x0000000085000000|100%| O|  |TAMS 0x0000000085000000, 0x0000000084f00000| Untracked 
|  12|0x0000000085000000, 0x0000000085100000, 0x0000000085100000|100%| O|  |TAMS 0x0000000085100000, 0x0000000085000000| Untracked 
|  13|0x0000000085100000, 0x0000000085200000, 0x0000000085200000|100%| O|  |TAMS 0x0000000085200000, 0x0000000085100000| Untracked 
|  14|0x0000000085200000, 0x0000000085300000, 0x0000000085300000|100%| O|  |TAMS 0x0000000085300000, 0x0000000085200000| Untracked 
|  15|0x0000000085300000, 0x0000000085400000, 0x0000000085400000|100%| O|  |TAMS 0x0000000085400000, 0x0000000085300000| Untracked 
|  16|0x0000000085400000, 0x0000000085500000, 0x0000000085500000|100%| O|  |TAMS 0x0000000085500000, 0x0000000085400000| Untracked 
|  17|0x0000000085500000, 0x0000000085600000, 0x0000000085600000|100%| O|  |TAMS 0x0000000085600000, 0x0000000085500000| Untracked 
|  18|0x0000000085600000, 0x0000000085700000, 0x0000000085700000|100%| O|  |TAMS 0x0000000085600000, 0x0000000085600000| Untracked 
|  19|0x0000000085700000, 0x0000000085800000, 0x0000000085800000|100%| O|  |TAMS 0x0000000085800000, 0x0000000085700000| Untracked 
|  20|0x0000000085800000, 0x0000000085900000, 0x0000000085900000|100%| O|  |TAMS 0x0000000085900000, 0x0000000085800000| Untracked 
|  21|0x0000000085900000, 0x0000000085a00000, 0x0000000085a00000|100%| O|  |TAMS 0x0000000085a00000, 0x0000000085900000| Untracked 
|  22|0x0000000085a00000, 0x0000000085b00000, 0x0000000085b00000|100%| O|  |TAMS 0x0000000085b00000, 0x0000000085a00000| Untracked 
|  23|0x0000000085b00000, 0x0000000085c00000, 0x0000000085c00000|100%| O|  |TAMS 0x0000000085c00000, 0x0000000085b00000| Untracked 
|  24|0x0000000085c00000, 0x0000000085d00000, 0x0000000085d00000|100%| O|  |TAMS 0x0000000085d00000, 0x0000000085c00000| Untracked 
|  25|0x0000000085d00000, 0x0000000085e00000, 0x0000000085e00000|100%| O|  |TAMS 0x0000000085e00000, 0x0000000085d00000| Untracked 
|  26|0x0000000085e00000, 0x0000000085f00000, 0x0000000085f00000|100%|HS|  |TAMS 0x0000000085f00000, 0x0000000085e00000| Complete 
|  27|0x0000000085f00000, 0x0000000086000000, 0x0000000086000000|100%|HC|  |TAMS 0x0000000086000000, 0x0000000085f00000| Complete 
|  28|0x0000000086000000, 0x0000000086100000, 0x0000000086100000|100%| O|  |TAMS 0x0000000086100000, 0x0000000086000000| Untracked 
|  29|0x0000000086100000, 0x0000000086200000, 0x0000000086200000|100%| O|  |TAMS 0x0000000086200000, 0x0000000086100000| Untracked 
|  30|0x0000000086200000, 0x0000000086300000, 0x0000000086300000|100%| O|  |TAMS 0x0000000086300000, 0x0000000086200000| Untracked 
|  31|0x0000000086300000, 0x0000000086400000, 0x0000000086400000|100%| O|  |TAMS 0x0000000086400000, 0x0000000086300000| Untracked 
|  32|0x0000000086400000, 0x0000000086500000, 0x0000000086500000|100%| O|  |TAMS 0x0000000086500000, 0x0000000086400000| Untracked 
|  33|0x0000000086500000, 0x0000000086600000, 0x0000000086600000|100%| O|  |TAMS 0x0000000086600000, 0x0000000086500000| Untracked 
|  34|0x0000000086600000, 0x0000000086700000, 0x0000000086700000|100%| O|  |TAMS 0x0000000086700000, 0x0000000086600000| Untracked 
|  35|0x0000000086700000, 0x0000000086800000, 0x0000000086800000|100%| O|  |TAMS 0x0000000086800000, 0x0000000086700000| Untracked 
|  36|0x0000000086800000, 0x0000000086900000, 0x0000000086900000|100%| O|  |TAMS 0x0000000086900000, 0x0000000086800000| Untracked 
|  37|0x0000000086900000, 0x0000000086a00000, 0x0000000086a00000|100%| O|  |TAMS 0x0000000086a00000, 0x0000000086900000| Untracked 
|  38|0x0000000086a00000, 0x0000000086b00000, 0x0000000086b00000|100%| O|  |TAMS 0x0000000086b00000, 0x0000000086a00000| Untracked 
|  39|0x0000000086b00000, 0x0000000086c00000, 0x0000000086c00000|100%| O|  |TAMS 0x0000000086c00000, 0x0000000086b00000| Untracked 
|  40|0x0000000086c00000, 0x0000000086d00000, 0x0000000086d00000|100%| O|  |TAMS 0x0000000086d00000, 0x0000000086c00000| Untracked 
|  41|0x0000000086d00000, 0x0000000086e00000, 0x0000000086e00000|100%| O|  |TAMS 0x0000000086e00000, 0x0000000086d00000| Untracked 
|  42|0x0000000086e00000, 0x0000000086f00000, 0x0000000086f00000|100%| O|  |TAMS 0x0000000086f00000, 0x0000000086e00000| Untracked 
|  43|0x0000000086f00000, 0x0000000087000000, 0x0000000087000000|100%| O|  |TAMS 0x0000000086f00000, 0x0000000086f00000| Untracked 
|  44|0x0000000087000000, 0x0000000087100000, 0x0000000087100000|100%| O|  |TAMS 0x0000000087000000, 0x0000000087000000| Untracked 
|  45|0x0000000087100000, 0x0000000087200000, 0x0000000087200000|100%| O|  |TAMS 0x0000000087200000, 0x0000000087100000| Untracked 
|  46|0x0000000087200000, 0x0000000087300000, 0x0000000087300000|100%| O|  |TAMS 0x0000000087300000, 0x0000000087200000| Untracked 
|  47|0x0000000087300000, 0x0000000087400000, 0x0000000087400000|100%| O|  |TAMS 0x0000000087400000, 0x0000000087300000| Untracked 
|  48|0x0000000087400000, 0x0000000087500000, 0x0000000087500000|100%| O|  |TAMS 0x0000000087500000, 0x0000000087400000| Untracked 
|  49|0x0000000087500000, 0x0000000087600000, 0x0000000087600000|100%| O|  |TAMS 0x0000000087600000, 0x0000000087500000| Untracked 
|  50|0x0000000087600000, 0x0000000087700000, 0x0000000087700000|100%| O|  |TAMS 0x0000000087700000, 0x0000000087600000| Untracked 
|  51|0x0000000087700000, 0x0000000087800000, 0x0000000087800000|100%| O|  |TAMS 0x0000000087800000, 0x0000000087700000| Untracked 
|  52|0x0000000087800000, 0x0000000087900000, 0x0000000087900000|100%| O|  |TAMS 0x0000000087900000, 0x0000000087800000| Untracked 
|  53|0x0000000087900000, 0x0000000087a00000, 0x0000000087a00000|100%| O|  |TAMS 0x0000000087951000, 0x0000000087900000| Untracked 
|  54|0x0000000087a00000, 0x0000000087b00000, 0x0000000087b00000|100%| O|  |TAMS 0x0000000087a00000, 0x0000000087a00000| Untracked 
|  55|0x0000000087b00000, 0x0000000087c00000, 0x0000000087c00000|100%| O|  |TAMS 0x0000000087b00000, 0x0000000087b00000| Untracked 
|  56|0x0000000087c00000, 0x0000000087d00000, 0x0000000087d00000|100%| O|  |TAMS 0x0000000087c00000, 0x0000000087c00000| Untracked 
|  57|0x0000000087d00000, 0x0000000087e00000, 0x0000000087e00000|100%| O|  |TAMS 0x0000000087d00000, 0x0000000087d00000| Untracked 
|  58|0x0000000087e00000, 0x0000000087f00000, 0x0000000087f00000|100%| O|  |TAMS 0x0000000087e00000, 0x0000000087e00000| Untracked 
|  59|0x0000000087f00000, 0x0000000088000000, 0x0000000088000000|100%| O|  |TAMS 0x0000000087f00000, 0x0000000087f00000| Untracked 
|  60|0x0000000088000000, 0x0000000088100000, 0x0000000088100000|100%| O|  |TAMS 0x0000000088000000, 0x0000000088000000| Untracked 
|  61|0x0000000088100000, 0x0000000088200000, 0x0000000088200000|100%| O|  |TAMS 0x0000000088100000, 0x0000000088100000| Untracked 
|  62|0x0000000088200000, 0x0000000088300000, 0x0000000088300000|100%| O|  |TAMS 0x0000000088200000, 0x0000000088200000| Untracked 
|  63|0x0000000088300000, 0x0000000088400000, 0x0000000088400000|100%| O|  |TAMS 0x0000000088300000, 0x0000000088300000| Untracked 
|  64|0x0000000088400000, 0x0000000088500000, 0x0000000088500000|100%| O|  |TAMS 0x0000000088400000, 0x0000000088400000| Untracked 
|  65|0x0000000088500000, 0x0000000088600000, 0x0000000088600000|100%| O|  |TAMS 0x0000000088500000, 0x0000000088500000| Untracked 
|  66|0x0000000088600000, 0x0000000088700000, 0x0000000088700000|100%| O|  |TAMS 0x0000000088600000, 0x0000000088600000| Untracked 
|  67|0x0000000088700000, 0x0000000088800000, 0x0000000088800000|100%| O|  |TAMS 0x0000000088700000, 0x0000000088700000| Untracked 
|  68|0x0000000088800000, 0x0000000088900000, 0x0000000088900000|100%| O|  |TAMS 0x0000000088800000, 0x0000000088800000| Untracked 
|  69|0x0000000088900000, 0x0000000088a00000, 0x0000000088a00000|100%| O|  |TAMS 0x0000000088900000, 0x0000000088900000| Untracked 
|  70|0x0000000088a00000, 0x0000000088b00000, 0x0000000088b00000|100%| O|  |TAMS 0x0000000088a00000, 0x0000000088a00000| Untracked 
|  71|0x0000000088b00000, 0x0000000088c00000, 0x0000000088c00000|100%| O|  |TAMS 0x0000000088b00000, 0x0000000088b00000| Untracked 
|  72|0x0000000088c00000, 0x0000000088d00000, 0x0000000088d00000|100%| O|  |TAMS 0x0000000088c00000, 0x0000000088c00000| Untracked 
|  73|0x0000000088d00000, 0x0000000088e00000, 0x0000000088e00000|100%| O|  |TAMS 0x0000000088d00000, 0x0000000088d00000| Untracked 
|  74|0x0000000088e00000, 0x0000000088f00000, 0x0000000088f00000|100%| O|  |TAMS 0x0000000088e00000, 0x0000000088e00000| Untracked 
|  75|0x0000000088f00000, 0x0000000089000000, 0x0000000089000000|100%| O|  |TAMS 0x0000000088f00000, 0x0000000088f00000| Untracked 
|  76|0x0000000089000000, 0x0000000089100000, 0x0000000089100000|100%| O|  |TAMS 0x0000000089000000, 0x0000000089000000| Untracked 
|  77|0x0000000089100000, 0x0000000089200000, 0x0000000089200000|100%| O|  |TAMS 0x0000000089100000, 0x0000000089100000| Untracked 
|  78|0x0000000089200000, 0x0000000089300000, 0x0000000089300000|100%| O|  |TAMS 0x0000000089200000, 0x0000000089200000| Untracked 
|  79|0x0000000089300000, 0x0000000089400000, 0x0000000089400000|100%| O|  |TAMS 0x0000000089300000, 0x0000000089300000| Untracked 
|  80|0x0000000089400000, 0x0000000089500000, 0x0000000089500000|100%| O|  |TAMS 0x0000000089400000, 0x0000000089400000| Untracked 
|  81|0x0000000089500000, 0x0000000089600000, 0x0000000089600000|100%| O|  |TAMS 0x0000000089500000, 0x0000000089500000| Untracked 
|  82|0x0000000089600000, 0x0000000089700000, 0x0000000089700000|100%| O|  |TAMS 0x0000000089600000, 0x0000000089600000| Untracked 
|  83|0x0000000089700000, 0x0000000089800000, 0x0000000089800000|100%| O|  |TAMS 0x0000000089700000, 0x0000000089700000| Untracked 
|  84|0x0000000089800000, 0x0000000089900000, 0x0000000089900000|100%| O|  |TAMS 0x0000000089800000, 0x0000000089800000| Untracked 
|  85|0x0000000089900000, 0x0000000089a00000, 0x0000000089a00000|100%| O|  |TAMS 0x0000000089900000, 0x0000000089900000| Untracked 
|  86|0x0000000089a00000, 0x0000000089b00000, 0x0000000089b00000|100%| O|  |TAMS 0x0000000089a00000, 0x0000000089a00000| Untracked 
|  87|0x0000000089b00000, 0x0000000089c00000, 0x0000000089c00000|100%| O|  |TAMS 0x0000000089b00000, 0x0000000089b00000| Untracked 
|  88|0x0000000089c00000, 0x0000000089d00000, 0x0000000089d00000|100%| O|  |TAMS 0x0000000089c00000, 0x0000000089c00000| Untracked 
|  89|0x0000000089d00000, 0x0000000089e00000, 0x0000000089e00000|100%| O|  |TAMS 0x0000000089d00000, 0x0000000089d00000| Untracked 
|  90|0x0000000089e00000, 0x0000000089f00000, 0x0000000089f00000|100%| O|  |TAMS 0x0000000089e00000, 0x0000000089e00000| Untracked 
|  91|0x0000000089f00000, 0x000000008a000000, 0x000000008a000000|100%| O|  |TAMS 0x0000000089f00000, 0x0000000089f00000| Untracked 
|  92|0x000000008a000000, 0x000000008a100000, 0x000000008a100000|100%| O|  |TAMS 0x000000008a000000, 0x000000008a000000| Untracked 
|  93|0x000000008a100000, 0x000000008a200000, 0x000000008a200000|100%| O|  |TAMS 0x000000008a100000, 0x000000008a100000| Untracked 
|  94|0x000000008a200000, 0x000000008a300000, 0x000000008a300000|100%| O|  |TAMS 0x000000008a200000, 0x000000008a200000| Untracked 
|  95|0x000000008a300000, 0x000000008a400000, 0x000000008a400000|100%| O|  |TAMS 0x000000008a300000, 0x000000008a300000| Untracked 
|  96|0x000000008a400000, 0x000000008a500000, 0x000000008a500000|100%| O|  |TAMS 0x000000008a400000, 0x000000008a400000| Untracked 
|  97|0x000000008a500000, 0x000000008a600000, 0x000000008a600000|100%| O|  |TAMS 0x000000008a500000, 0x000000008a500000| Untracked 
|  98|0x000000008a600000, 0x000000008a700000, 0x000000008a700000|100%| O|  |TAMS 0x000000008a600000, 0x000000008a600000| Untracked 
|  99|0x000000008a700000, 0x000000008a800000, 0x000000008a800000|100%| O|  |TAMS 0x000000008a700000, 0x000000008a700000| Untracked 
| 100|0x000000008a800000, 0x000000008a900000, 0x000000008a900000|100%| O|  |TAMS 0x000000008a800000, 0x000000008a800000| Untracked 
| 101|0x000000008a900000, 0x000000008aa00000, 0x000000008aa00000|100%| O|  |TAMS 0x000000008a900000, 0x000000008a900000| Untracked 
| 102|0x000000008aa00000, 0x000000008ab00000, 0x000000008ab00000|100%| O|  |TAMS 0x000000008aa00000, 0x000000008aa00000| Untracked 
| 103|0x000000008ab00000, 0x000000008ac00000, 0x000000008ac00000|100%| O|  |TAMS 0x000000008ab00000, 0x000000008ab00000| Untracked 
| 104|0x000000008ac00000, 0x000000008ad00000, 0x000000008ad00000|100%| O|  |TAMS 0x000000008ac00000, 0x000000008ac00000| Untracked 
| 105|0x000000008ad00000, 0x000000008ae00000, 0x000000008ae00000|100%| O|  |TAMS 0x000000008ad00000, 0x000000008ad00000| Untracked 
| 106|0x000000008ae00000, 0x000000008af00000, 0x000000008af00000|100%| O|  |TAMS 0x000000008ae00000, 0x000000008ae00000| Untracked 
| 107|0x000000008af00000, 0x000000008b000000, 0x000000008b000000|100%| O|  |TAMS 0x000000008af00000, 0x000000008af00000| Untracked 
| 108|0x000000008b000000, 0x000000008b100000, 0x000000008b100000|100%| O|  |TAMS 0x000000008b000000, 0x000000008b000000| Untracked 
| 109|0x000000008b100000, 0x000000008b200000, 0x000000008b200000|100%| O|  |TAMS 0x000000008b100000, 0x000000008b100000| Untracked 
| 110|0x000000008b200000, 0x000000008b300000, 0x000000008b300000|100%| O|  |TAMS 0x000000008b200000, 0x000000008b200000| Untracked 
| 111|0x000000008b300000, 0x000000008b400000, 0x000000008b400000|100%| O|  |TAMS 0x000000008b300000, 0x000000008b300000| Untracked 
| 112|0x000000008b400000, 0x000000008b500000, 0x000000008b500000|100%| O|  |TAMS 0x000000008b400000, 0x000000008b400000| Untracked 
| 113|0x000000008b500000, 0x000000008b5cf400, 0x000000008b600000| 80%| O|  |TAMS 0x000000008b500000, 0x000000008b500000| Untracked 
| 114|0x000000008b600000, 0x000000008b600000, 0x000000008b700000|  0%| F|  |TAMS 0x000000008b600000, 0x000000008b600000| Untracked 
| 115|0x000000008b700000, 0x000000008b700000, 0x000000008b800000|  0%| F|  |TAMS 0x000000008b700000, 0x000000008b700000| Untracked 
| 116|0x000000008b800000, 0x000000008b800000, 0x000000008b900000|  0%| F|  |TAMS 0x000000008b800000, 0x000000008b800000| Untracked 
| 117|0x000000008b900000, 0x000000008b900000, 0x000000008ba00000|  0%| F|  |TAMS 0x000000008b900000, 0x000000008b900000| Untracked 
| 118|0x000000008ba00000, 0x000000008ba00000, 0x000000008bb00000|  0%| F|  |TAMS 0x000000008ba00000, 0x000000008ba00000| Untracked 
| 119|0x000000008bb00000, 0x000000008bb00000, 0x000000008bc00000|  0%| F|  |TAMS 0x000000008bb00000, 0x000000008bb00000| Untracked 
| 120|0x000000008bc00000, 0x000000008bc00000, 0x000000008bd00000|  0%| F|  |TAMS 0x000000008bc00000, 0x000000008bc00000| Untracked 
| 121|0x000000008bd00000, 0x000000008bd00000, 0x000000008be00000|  0%| F|  |TAMS 0x000000008bd00000, 0x000000008bd00000| Untracked 
| 122|0x000000008be00000, 0x000000008be00000, 0x000000008bf00000|  0%| F|  |TAMS 0x000000008be00000, 0x000000008be00000| Untracked 
| 123|0x000000008bf00000, 0x000000008bf00000, 0x000000008c000000|  0%| F|  |TAMS 0x000000008bf00000, 0x000000008bf00000| Untracked 
| 124|0x000000008c000000, 0x000000008c000000, 0x000000008c100000|  0%| F|  |TAMS 0x000000008c000000, 0x000000008c000000| Untracked 
| 125|0x000000008c100000, 0x000000008c100000, 0x000000008c200000|  0%| F|  |TAMS 0x000000008c100000, 0x000000008c100000| Untracked 
| 126|0x000000008c200000, 0x000000008c200000, 0x000000008c300000|  0%| F|  |TAMS 0x000000008c200000, 0x000000008c200000| Untracked 
| 127|0x000000008c300000, 0x000000008c300000, 0x000000008c400000|  0%| F|  |TAMS 0x000000008c300000, 0x000000008c300000| Untracked 
| 128|0x000000008c400000, 0x000000008c400000, 0x000000008c500000|  0%| F|  |TAMS 0x000000008c400000, 0x000000008c400000| Untracked 
| 129|0x000000008c500000, 0x000000008c500000, 0x000000008c600000|  0%| F|  |TAMS 0x000000008c500000, 0x000000008c500000| Untracked 
| 130|0x000000008c600000, 0x000000008c600000, 0x000000008c700000|  0%| F|  |TAMS 0x000000008c600000, 0x000000008c600000| Untracked 
| 131|0x000000008c700000, 0x000000008c700000, 0x000000008c800000|  0%| F|  |TAMS 0x000000008c700000, 0x000000008c700000| Untracked 
| 132|0x000000008c800000, 0x000000008c800000, 0x000000008c900000|  0%| F|  |TAMS 0x000000008c800000, 0x000000008c800000| Untracked 
| 133|0x000000008c900000, 0x000000008c900000, 0x000000008ca00000|  0%| F|  |TAMS 0x000000008c900000, 0x000000008c900000| Untracked 
| 134|0x000000008ca00000, 0x000000008ca00000, 0x000000008cb00000|  0%| F|  |TAMS 0x000000008ca00000, 0x000000008ca00000| Untracked 
| 135|0x000000008cb00000, 0x000000008cb00000, 0x000000008cc00000|  0%| F|  |TAMS 0x000000008cb00000, 0x000000008cb00000| Untracked 
| 136|0x000000008cc00000, 0x000000008cc00000, 0x000000008cd00000|  0%| F|  |TAMS 0x000000008cc00000, 0x000000008cc00000| Untracked 
| 137|0x000000008cd00000, 0x000000008cd00000, 0x000000008ce00000|  0%| F|  |TAMS 0x000000008cd00000, 0x000000008cd00000| Untracked 
| 138|0x000000008ce00000, 0x000000008ce00000, 0x000000008cf00000|  0%| F|  |TAMS 0x000000008ce00000, 0x000000008ce00000| Untracked 
| 139|0x000000008cf00000, 0x000000008cf00000, 0x000000008d000000|  0%| F|  |TAMS 0x000000008cf00000, 0x000000008cf00000| Untracked 
| 140|0x000000008d000000, 0x000000008d000000, 0x000000008d100000|  0%| F|  |TAMS 0x000000008d000000, 0x000000008d000000| Untracked 
| 141|0x000000008d100000, 0x000000008d100000, 0x000000008d200000|  0%| F|  |TAMS 0x000000008d100000, 0x000000008d100000| Untracked 
| 142|0x000000008d200000, 0x000000008d200000, 0x000000008d300000|  0%| F|  |TAMS 0x000000008d200000, 0x000000008d200000| Untracked 
| 143|0x000000008d300000, 0x000000008d300000, 0x000000008d400000|  0%| F|  |TAMS 0x000000008d300000, 0x000000008d300000| Untracked 
| 144|0x000000008d400000, 0x000000008d400000, 0x000000008d500000|  0%| F|  |TAMS 0x000000008d400000, 0x000000008d400000| Untracked 
| 145|0x000000008d500000, 0x000000008d500000, 0x000000008d600000|  0%| F|  |TAMS 0x000000008d500000, 0x000000008d500000| Untracked 
| 146|0x000000008d600000, 0x000000008d600000, 0x000000008d700000|  0%| F|  |TAMS 0x000000008d600000, 0x000000008d600000| Untracked 
| 147|0x000000008d700000, 0x000000008d700000, 0x000000008d800000|  0%| F|  |TAMS 0x000000008d700000, 0x000000008d700000| Untracked 
| 148|0x000000008d800000, 0x000000008d800000, 0x000000008d900000|  0%| F|  |TAMS 0x000000008d800000, 0x000000008d800000| Untracked 
| 149|0x000000008d900000, 0x000000008da00000, 0x000000008da00000|100%| S|CS|TAMS 0x000000008d900000, 0x000000008d900000| Complete 
| 150|0x000000008da00000, 0x000000008da00000, 0x000000008db00000|  0%| F|  |TAMS 0x000000008da00000, 0x000000008da00000| Untracked 
| 151|0x000000008db00000, 0x000000008db00000, 0x000000008dc00000|  0%| F|  |TAMS 0x000000008db00000, 0x000000008db00000| Untracked 
| 152|0x000000008dc00000, 0x000000008dc00000, 0x000000008dd00000|  0%| F|  |TAMS 0x000000008dc00000, 0x000000008dc00000| Untracked 
| 153|0x000000008dd00000, 0x000000008dd00000, 0x000000008de00000|  0%| F|  |TAMS 0x000000008dd00000, 0x000000008dd00000| Untracked 
| 154|0x000000008de00000, 0x000000008df00000, 0x000000008df00000|100%| S|CS|TAMS 0x000000008de00000, 0x000000008de00000| Complete 
| 155|0x000000008df00000, 0x000000008e000000, 0x000000008e000000|100%| S|CS|TAMS 0x000000008df00000, 0x000000008df00000| Complete 
| 156|0x000000008e000000, 0x000000008e100000, 0x000000008e100000|100%| S|CS|TAMS 0x000000008e000000, 0x000000008e000000| Complete 
| 157|0x000000008e100000, 0x000000008e200000, 0x000000008e200000|100%| S|CS|TAMS 0x000000008e100000, 0x000000008e100000| Complete 
| 158|0x000000008e200000, 0x000000008e300000, 0x000000008e300000|100%| S|CS|TAMS 0x000000008e200000, 0x000000008e200000| Complete 
| 159|0x000000008e300000, 0x000000008e300000, 0x000000008e400000|  0%| F|  |TAMS 0x000000008e300000, 0x000000008e300000| Untracked 
| 160|0x000000008e400000, 0x000000008e400000, 0x000000008e500000|  0%| F|  |TAMS 0x000000008e400000, 0x000000008e400000| Untracked 
| 161|0x000000008e500000, 0x000000008e500000, 0x000000008e600000|  0%| F|  |TAMS 0x000000008e500000, 0x000000008e500000| Untracked 
| 162|0x000000008e600000, 0x000000008e600000, 0x000000008e700000|  0%| F|  |TAMS 0x000000008e600000, 0x000000008e600000| Untracked 
| 163|0x000000008e700000, 0x000000008e700000, 0x000000008e800000|  0%| F|  |TAMS 0x000000008e700000, 0x000000008e700000| Untracked 
| 164|0x000000008e800000, 0x000000008e800000, 0x000000008e900000|  0%| F|  |TAMS 0x000000008e800000, 0x000000008e800000| Untracked 
| 165|0x000000008e900000, 0x000000008e900000, 0x000000008ea00000|  0%| F|  |TAMS 0x000000008e900000, 0x000000008e900000| Untracked 
| 166|0x000000008ea00000, 0x000000008ea00000, 0x000000008eb00000|  0%| F|  |TAMS 0x000000008ea00000, 0x000000008ea00000| Untracked 
| 167|0x000000008eb00000, 0x000000008eb00000, 0x000000008ec00000|  0%| F|  |TAMS 0x000000008eb00000, 0x000000008eb00000| Untracked 
| 168|0x000000008ec00000, 0x000000008ec00000, 0x000000008ed00000|  0%| F|  |TAMS 0x000000008ec00000, 0x000000008ec00000| Untracked 
| 169|0x000000008ed00000, 0x000000008ed00000, 0x000000008ee00000|  0%| F|  |TAMS 0x000000008ed00000, 0x000000008ed00000| Untracked 
| 170|0x000000008ee00000, 0x000000008ee00000, 0x000000008ef00000|  0%| F|  |TAMS 0x000000008ee00000, 0x000000008ee00000| Untracked 
| 171|0x000000008ef00000, 0x000000008ef00000, 0x000000008f000000|  0%| F|  |TAMS 0x000000008ef00000, 0x000000008ef00000| Untracked 
| 172|0x000000008f000000, 0x000000008f000000, 0x000000008f100000|  0%| F|  |TAMS 0x000000008f000000, 0x000000008f000000| Untracked 
| 173|0x000000008f100000, 0x000000008f100000, 0x000000008f200000|  0%| F|  |TAMS 0x000000008f100000, 0x000000008f100000| Untracked 
| 174|0x000000008f200000, 0x000000008f200000, 0x000000008f300000|  0%| F|  |TAMS 0x000000008f200000, 0x000000008f200000| Untracked 
| 175|0x000000008f300000, 0x000000008f300000, 0x000000008f400000|  0%| F|  |TAMS 0x000000008f300000, 0x000000008f300000| Untracked 
| 176|0x000000008f400000, 0x000000008f400000, 0x000000008f500000|  0%| F|  |TAMS 0x000000008f400000, 0x000000008f400000| Untracked 
| 177|0x000000008f500000, 0x000000008f500000, 0x000000008f600000|  0%| F|  |TAMS 0x000000008f500000, 0x000000008f500000| Untracked 
| 178|0x000000008f600000, 0x000000008f600000, 0x000000008f700000|  0%| F|  |TAMS 0x000000008f600000, 0x000000008f600000| Untracked 
| 179|0x000000008f700000, 0x000000008f700000, 0x000000008f800000|  0%| F|  |TAMS 0x000000008f700000, 0x000000008f700000| Untracked 
| 180|0x000000008f800000, 0x000000008f800000, 0x000000008f900000|  0%| F|  |TAMS 0x000000008f800000, 0x000000008f800000| Untracked 
| 181|0x000000008f900000, 0x000000008f900000, 0x000000008fa00000|  0%| F|  |TAMS 0x000000008f900000, 0x000000008f900000| Untracked 
| 182|0x000000008fa00000, 0x000000008fa00000, 0x000000008fb00000|  0%| F|  |TAMS 0x000000008fa00000, 0x000000008fa00000| Untracked 
| 183|0x000000008fb00000, 0x000000008fb00000, 0x000000008fc00000|  0%| F|  |TAMS 0x000000008fb00000, 0x000000008fb00000| Untracked 
| 184|0x000000008fc00000, 0x000000008fc00000, 0x000000008fd00000|  0%| F|  |TAMS 0x000000008fc00000, 0x000000008fc00000| Untracked 
| 185|0x000000008fd00000, 0x000000008fd00000, 0x000000008fe00000|  0%| F|  |TAMS 0x000000008fd00000, 0x000000008fd00000| Untracked 
| 186|0x000000008fe00000, 0x000000008fe00000, 0x000000008ff00000|  0%| F|  |TAMS 0x000000008fe00000, 0x000000008fe00000| Untracked 
| 187|0x000000008ff00000, 0x000000008ff00000, 0x0000000090000000|  0%| F|  |TAMS 0x000000008ff00000, 0x000000008ff00000| Untracked 
| 188|0x0000000090000000, 0x0000000090000000, 0x0000000090100000|  0%| F|  |TAMS 0x0000000090000000, 0x0000000090000000| Untracked 
| 189|0x0000000090100000, 0x0000000090100000, 0x0000000090200000|  0%| F|  |TAMS 0x0000000090100000, 0x0000000090100000| Untracked 
| 190|0x0000000090200000, 0x0000000090200000, 0x0000000090300000|  0%| F|  |TAMS 0x0000000090200000, 0x0000000090200000| Untracked 
| 191|0x0000000090300000, 0x0000000090300000, 0x0000000090400000|  0%| F|  |TAMS 0x0000000090300000, 0x0000000090300000| Untracked 
| 192|0x0000000090400000, 0x0000000090400000, 0x0000000090500000|  0%| F|  |TAMS 0x0000000090400000, 0x0000000090400000| Untracked 
| 193|0x0000000090500000, 0x0000000090500000, 0x0000000090600000|  0%| F|  |TAMS 0x0000000090500000, 0x0000000090500000| Untracked 
| 194|0x0000000090600000, 0x0000000090600000, 0x0000000090700000|  0%| F|  |TAMS 0x0000000090600000, 0x0000000090600000| Untracked 
| 195|0x0000000090700000, 0x0000000090700000, 0x0000000090800000|  0%| F|  |TAMS 0x0000000090700000, 0x0000000090700000| Untracked 
| 196|0x0000000090800000, 0x0000000090800000, 0x0000000090900000|  0%| F|  |TAMS 0x0000000090800000, 0x0000000090800000| Untracked 
| 197|0x0000000090900000, 0x0000000090900000, 0x0000000090a00000|  0%| F|  |TAMS 0x0000000090900000, 0x0000000090900000| Untracked 
| 198|0x0000000090a00000, 0x0000000090a00000, 0x0000000090b00000|  0%| F|  |TAMS 0x0000000090a00000, 0x0000000090a00000| Untracked 
| 199|0x0000000090b00000, 0x0000000090b00000, 0x0000000090c00000|  0%| F|  |TAMS 0x0000000090b00000, 0x0000000090b00000| Untracked 
| 200|0x0000000090c00000, 0x0000000090c00000, 0x0000000090d00000|  0%| F|  |TAMS 0x0000000090c00000, 0x0000000090c00000| Untracked 
| 201|0x0000000090d00000, 0x0000000090d00000, 0x0000000090e00000|  0%| F|  |TAMS 0x0000000090d00000, 0x0000000090d00000| Untracked 
| 202|0x0000000090e00000, 0x0000000090e00000, 0x0000000090f00000|  0%| F|  |TAMS 0x0000000090e00000, 0x0000000090e00000| Untracked 
| 203|0x0000000090f00000, 0x0000000090f00000, 0x0000000091000000|  0%| F|  |TAMS 0x0000000090f00000, 0x0000000090f00000| Untracked 
| 204|0x0000000091000000, 0x0000000091000000, 0x0000000091100000|  0%| F|  |TAMS 0x0000000091000000, 0x0000000091000000| Untracked 
| 205|0x0000000091100000, 0x0000000091100000, 0x0000000091200000|  0%| F|  |TAMS 0x0000000091100000, 0x0000000091100000| Untracked 
| 206|0x0000000091200000, 0x0000000091200000, 0x0000000091300000|  0%| F|  |TAMS 0x0000000091200000, 0x0000000091200000| Untracked 
| 207|0x0000000091300000, 0x0000000091300000, 0x0000000091400000|  0%| F|  |TAMS 0x0000000091300000, 0x0000000091300000| Untracked 
| 208|0x0000000091400000, 0x0000000091400000, 0x0000000091500000|  0%| F|  |TAMS 0x0000000091400000, 0x0000000091400000| Untracked 
| 209|0x0000000091500000, 0x0000000091500000, 0x0000000091600000|  0%| F|  |TAMS 0x0000000091500000, 0x0000000091500000| Untracked 
| 210|0x0000000091600000, 0x0000000091600000, 0x0000000091700000|  0%| F|  |TAMS 0x0000000091600000, 0x0000000091600000| Untracked 
| 211|0x0000000091700000, 0x0000000091700000, 0x0000000091800000|  0%| F|  |TAMS 0x0000000091700000, 0x0000000091700000| Untracked 
| 212|0x0000000091800000, 0x0000000091800000, 0x0000000091900000|  0%| F|  |TAMS 0x0000000091800000, 0x0000000091800000| Untracked 
| 213|0x0000000091900000, 0x0000000091900000, 0x0000000091a00000|  0%| F|  |TAMS 0x0000000091900000, 0x0000000091900000| Untracked 
| 214|0x0000000091a00000, 0x0000000091a00000, 0x0000000091b00000|  0%| F|  |TAMS 0x0000000091a00000, 0x0000000091a00000| Untracked 
| 215|0x0000000091b00000, 0x0000000091b00000, 0x0000000091c00000|  0%| F|  |TAMS 0x0000000091b00000, 0x0000000091b00000| Untracked 
| 216|0x0000000091c00000, 0x0000000091c00000, 0x0000000091d00000|  0%| F|  |TAMS 0x0000000091c00000, 0x0000000091c00000| Untracked 
| 217|0x0000000091d00000, 0x0000000091d00000, 0x0000000091e00000|  0%| F|  |TAMS 0x0000000091d00000, 0x0000000091d00000| Untracked 
| 218|0x0000000091e00000, 0x0000000091e00000, 0x0000000091f00000|  0%| F|  |TAMS 0x0000000091e00000, 0x0000000091e00000| Untracked 
| 219|0x0000000091f00000, 0x0000000091f00000, 0x0000000092000000|  0%| F|  |TAMS 0x0000000091f00000, 0x0000000091f00000| Untracked 
| 220|0x0000000092000000, 0x0000000092000000, 0x0000000092100000|  0%| F|  |TAMS 0x0000000092000000, 0x0000000092000000| Untracked 
| 221|0x0000000092100000, 0x0000000092100000, 0x0000000092200000|  0%| F|  |TAMS 0x0000000092100000, 0x0000000092100000| Untracked 
| 222|0x0000000092200000, 0x0000000092200000, 0x0000000092300000|  0%| F|  |TAMS 0x0000000092200000, 0x0000000092200000| Untracked 
| 223|0x0000000092300000, 0x0000000092300000, 0x0000000092400000|  0%| F|  |TAMS 0x0000000092300000, 0x0000000092300000| Untracked 
| 224|0x0000000092400000, 0x0000000092400000, 0x0000000092500000|  0%| F|  |TAMS 0x0000000092400000, 0x0000000092400000| Untracked 
| 225|0x0000000092500000, 0x0000000092500000, 0x0000000092600000|  0%| F|  |TAMS 0x0000000092500000, 0x0000000092500000| Untracked 

Card table byte_map: [0x000001e5f5770000,0x000001e5f5b50000] _byte_map_base: 0x000001e5f534e000

Marking Bits (Prev, Next): (CMBitMap*) 0x000001e5e0a70800, (CMBitMap*) 0x000001e5e0a707c0
 Prev Bits: [0x000001e5f7e20000, 0x000001e5f9d10000)
 Next Bits: [0x000001e5f5f30000, 0x000001e5f7e20000)

Polling page: 0x000001e5e0780000

Metaspace:

Usage:
  Non-class:     76.78 MB used.
      Class:      9.27 MB used.
       Both:     86.05 MB used.

Virtual space:
  Non-class space:      128.00 MB reserved,      77.00 MB ( 60%) committed,  2 nodes.
      Class space:        1.00 GB reserved,       9.44 MB ( <1%) committed,  1 nodes.
             Both:        1.12 GB reserved,      86.44 MB (  8%) committed. 

Chunk freelists:
   Non-Class:  3.05 MB
       Class:  6.61 MB
        Both:  9.66 MB

MaxMetaspaceSize: unlimited
CompressedClassSpaceSize: 1.00 GB
Initial GC threshold: 21.00 MB
Current GC threshold: 92.75 MB
CDS: off
MetaspaceReclaimPolicy: balanced
 - commit_granule_bytes: 65536.
 - commit_granule_words: 8192.
 - virtual_space_node_default_size: 8388608.
 - enlarge_chunks_in_place: 1.
 - new_chunks_are_fully_committed: 0.
 - uncommit_free_chunks: 1.
 - use_allocation_guard: 0.
 - handle_deallocations: 1.


Internal statistics:

num_allocs_failed_limit: 6.
num_arena_births: 458.
num_arena_deaths: 0.
num_vsnodes_births: 3.
num_vsnodes_deaths: 0.
num_space_committed: 1381.
num_space_uncommitted: 0.
num_chunks_returned_to_freelist: 6.
num_chunks_taken_from_freelist: 3324.
num_chunk_merges: 6.
num_chunk_splits: 2725.
num_chunks_enlarged: 2374.
num_inconsistent_stats: 0.

CodeHeap 'non-profiled nmethods': size=120000Kb used=7390Kb max_used=7789Kb free=112609Kb
 bounds [0x000001e5ed1e0000, 0x000001e5ed980000, 0x000001e5f4710000]
CodeHeap 'profiled nmethods': size=120000Kb used=39624Kb max_used=41710Kb free=80375Kb
 bounds [0x000001e5e5710000, 0x000001e5e7fd0000, 0x000001e5ecc40000]
CodeHeap 'non-nmethods': size=5760Kb used=1415Kb max_used=1464Kb free=4344Kb
 bounds [0x000001e5ecc40000, 0x000001e5eceb0000, 0x000001e5ed1e0000]
 total_blobs=14617 nmethods=13871 adapters=653
 compilation: enabled
              stopped_count=0, restarted_count=0
 full_count=0

Compilation events (20 events):
Event: 13.134 Thread 0x000001e5fcbc0e70 16831       2       org.jetbrains.kotlin.serialization.deserialization.descriptors.DeserializedClassDescriptor$DeserializedClassMemberScope::createClassId (25 bytes)
Event: 13.135 Thread 0x000001e5fcbc0e70 nmethod 16831 0x000001e5e5a54a90 code [0x000001e5e5a54c80, 0x000001e5e5a54f98]
Event: 13.136 Thread 0x000001e5fcbc0e70 16832       3       org.jetbrains.kotlin.codegen.optimization.boxing.RedundantBoxingMethodTransformer::getValuesStoredOrLoadedToVariable (261 bytes)
Event: 13.138 Thread 0x000001e5fcbc0e70 nmethod 16832 0x000001e5e7dedf90 code [0x000001e5e7dee4e0, 0x000001e5e7df16a8]
Event: 13.138 Thread 0x000001e5fcbc0e70 16833       3       org.jetbrains.kotlin.codegen.optimization.temporaryVals.StoreLoadFrame::merge (83 bytes)
Event: 13.140 Thread 0x000001e5fcbc0e70 nmethod 16833 0x000001e5e6eb7e10 code [0x000001e5e6eb8280, 0x000001e5e6eba2f8]
Event: 13.140 Thread 0x000001e5fcbc0e70 16836 %     3       org.jetbrains.kotlin.codegen.optimization.common.UtilKt::stripOptimizationMarkers @ 14 (51 bytes)
Event: 13.141 Thread 0x000001e5fcbc0e70 nmethod 16836% 0x000001e5e768da90 code [0x000001e5e768de80, 0x000001e5e768f6c8]
Event: 13.141 Thread 0x000001e5fcbc0e70 16834 %     3       org.jetbrains.kotlin.codegen.optimization.NegatedJumpsMethodTransformer::transform @ 37 (198 bytes)
Event: 13.142 Thread 0x000001e5fcbc0e70 nmethod 16834% 0x000001e5e7b42690 code [0x000001e5e7b42a80, 0x000001e5e7b44968]
Event: 13.142 Thread 0x000001e5fcbc0e70 16835 %     3       org.jetbrains.kotlin.codegen.optimization.RedundantCheckcastsBeforeAastoreMethodTransformer::transform @ 26 (146 bytes)
Event: 13.143 Thread 0x000001e5fcbc0e70 nmethod 16835% 0x000001e5e7377090 code [0x000001e5e73774a0, 0x000001e5e7379188]
Event: 13.143 Thread 0x000001e5fcbc0e70 16838       2       org.jetbrains.kotlin.codegen.serialization.JvmSerializerExtension$SignatureSerializer::mapTypeDefault (68 bytes)
Event: 13.143 Thread 0x000001e5fcbc0e70 nmethod 16838 0x000001e5e653ac90 code [0x000001e5e653ae80, 0x000001e5e653b1b8]
Event: 13.148 Thread 0x000001e5fcbc0e70 16839       2       org.jetbrains.org.objectweb.asm.ByteVector::encodeUtf8 (337 bytes)
Event: 13.149 Thread 0x000001e5fcbc0e70 nmethod 16839 0x000001e5e5fba490 code [0x000001e5e5fba6c0, 0x000001e5e5fbaf18]
Event: 13.151 Thread 0x000001e5fcbc0e70 16840       2       org.jetbrains.org.objectweb.asm.MethodWriter::visitAnnotableParameterCount (18 bytes)
Event: 13.152 Thread 0x000001e5fcbc0e70 nmethod 16840 0x000001e5e5fae090 code [0x000001e5e5fae220, 0x000001e5e5fae358]
Event: 13.152 Thread 0x000001e5fcbc0e70 16841       2       org.jetbrains.kotlin.backend.jvm.codegen.SwitchGenerator$CallToLabel::<init> (27 bytes)
Event: 13.153 Thread 0x000001e5fcbc0e70 nmethod 16841 0x000001e5e749cb10 code [0x000001e5e749cd40, 0x000001e5e749d238]

GC Heap History (20 events):
Event: 4.898 GC heap after
{Heap after GC invocations=21 (full 0):
 garbage-first heap   total 108544K, used 54385K [0x0000000084400000, 0x0000000100000000)
  region size 1024K, 1 young (1024K), 1 survivors (1024K)
 Metaspace       used 56761K, committed 56960K, reserved 1114112K
  class space    used 6713K, committed 6784K, reserved 1048576K
}
Event: 4.990 GC heap before
{Heap before GC invocations=21 (full 0):
 garbage-first heap   total 108544K, used 84081K [0x0000000084400000, 0x0000000100000000)
  region size 1024K, 30 young (30720K), 1 survivors (1024K)
 Metaspace       used 56766K, committed 56960K, reserved 1114112K
  class space    used 6713K, committed 6784K, reserved 1048576K
}
Event: 4.995 GC heap after
{Heap after GC invocations=22 (full 0):
 garbage-first heap   total 108544K, used 56052K [0x0000000084400000, 0x0000000100000000)
  region size 1024K, 3 young (3072K), 3 survivors (3072K)
 Metaspace       used 56766K, committed 56960K, reserved 1114112K
  class space    used 6713K, committed 6784K, reserved 1048576K
}
Event: 5.085 GC heap before
{Heap before GC invocations=23 (full 0):
 garbage-first heap   total 108544K, used 84724K [0x0000000084400000, 0x0000000100000000)
  region size 1024K, 31 young (31744K), 3 survivors (3072K)
 Metaspace       used 56776K, committed 56960K, reserved 1114112K
  class space    used 6713K, committed 6784K, reserved 1048576K
}
Event: 5.093 GC heap after
{Heap after GC invocations=24 (full 0):
 garbage-first heap   total 231424K, used 58722K [0x0000000084400000, 0x0000000100000000)
  region size 1024K, 3 young (3072K), 3 survivors (3072K)
 Metaspace       used 56776K, committed 56960K, reserved 1114112K
  class space    used 6713K, committed 6784K, reserved 1048576K
}
Event: 5.109 GC heap before
{Heap before GC invocations=24 (full 0):
 garbage-first heap   total 231424K, used 66914K [0x0000000084400000, 0x0000000100000000)
  region size 1024K, 11 young (11264K), 3 survivors (3072K)
 Metaspace       used 56794K, committed 57024K, reserved 1114112K
  class space    used 6713K, committed 6784K, reserved 1048576K
}
Event: 5.113 GC heap after
{Heap after GC invocations=25 (full 0):
 garbage-first heap   total 231424K, used 58945K [0x0000000084400000, 0x0000000100000000)
  region size 1024K, 1 young (1024K), 1 survivors (1024K)
 Metaspace       used 56794K, committed 57024K, reserved 1114112K
  class space    used 6713K, committed 6784K, reserved 1048576K
}
Event: 5.490 GC heap before
{Heap before GC invocations=25 (full 0):
 garbage-first heap   total 231424K, used 184897K [0x0000000084400000, 0x0000000100000000)
  region size 1024K, 124 young (126976K), 1 survivors (1024K)
 Metaspace       used 56797K, committed 57024K, reserved 1114112K
  class space    used 6713K, committed 6784K, reserved 1048576K
}
Event: 5.501 GC heap after
{Heap after GC invocations=26 (full 0):
 garbage-first heap   total 231424K, used 71545K [0x0000000084400000, 0x0000000100000000)
  region size 1024K, 14 young (14336K), 14 survivors (14336K)
 Metaspace       used 56797K, committed 57024K, reserved 1114112K
  class space    used 6713K, committed 6784K, reserved 1048576K
}
Event: 7.579 GC heap before
{Heap before GC invocations=26 (full 0):
 garbage-first heap   total 231424K, used 170873K [0x0000000084400000, 0x0000000100000000)
  region size 1024K, 111 young (113664K), 14 survivors (14336K)
 Metaspace       used 60241K, committed 60480K, reserved 1114112K
  class space    used 6887K, committed 6976K, reserved 1048576K
}
Event: 7.595 GC heap after
{Heap after GC invocations=27 (full 0):
 garbage-first heap   total 231424K, used 82598K [0x0000000084400000, 0x0000000100000000)
  region size 1024K, 13 young (13312K), 13 survivors (13312K)
 Metaspace       used 60241K, committed 60480K, reserved 1114112K
  class space    used 6887K, committed 6976K, reserved 1048576K
}
Event: 9.206 GC heap before
{Heap before GC invocations=27 (full 0):
 garbage-first heap   total 231424K, used 175782K [0x0000000084400000, 0x0000000100000000)
  region size 1024K, 103 young (105472K), 13 survivors (13312K)
 Metaspace       used 66500K, committed 66816K, reserved 1114112K
  class space    used 7461K, committed 7616K, reserved 1048576K
}
Event: 9.218 GC heap after
{Heap after GC invocations=28 (full 0):
 garbage-first heap   total 231424K, used 92011K [0x0000000084400000, 0x0000000100000000)
  region size 1024K, 10 young (10240K), 10 survivors (10240K)
 Metaspace       used 66500K, committed 66816K, reserved 1114112K
  class space    used 7461K, committed 7616K, reserved 1048576K
}
Event: 10.588 GC heap before
{Heap before GC invocations=28 (full 0):
 garbage-first heap   total 231424K, used 179051K [0x0000000084400000, 0x0000000100000000)
  region size 1024K, 95 young (97280K), 10 survivors (10240K)
 Metaspace       used 73696K, committed 74112K, reserved 1179648K
  class space    used 8258K, committed 8448K, reserved 1048576K
}
Event: 10.603 GC heap after
{Heap after GC invocations=29 (full 0):
 garbage-first heap   total 231424K, used 104324K [0x0000000084400000, 0x0000000100000000)
  region size 1024K, 12 young (12288K), 12 survivors (12288K)
 Metaspace       used 73696K, committed 74112K, reserved 1179648K
  class space    used 8258K, committed 8448K, reserved 1048576K
}
Event: 11.892 GC heap before
{Heap before GC invocations=29 (full 0):
 garbage-first heap   total 231424K, used 182148K [0x0000000084400000, 0x0000000100000000)
  region size 1024K, 88 young (90112K), 12 survivors (12288K)
 Metaspace       used 86020K, committed 86336K, reserved 1179648K
  class space    used 9408K, committed 9536K, reserved 1048576K
}
Event: 11.907 GC heap after
{Heap after GC invocations=30 (full 0):
 garbage-first heap   total 231424K, used 111494K [0x0000000084400000, 0x0000000100000000)
  region size 1024K, 7 young (7168K), 7 survivors (7168K)
 Metaspace       used 86020K, committed 86336K, reserved 1179648K
  class space    used 9408K, committed 9536K, reserved 1048576K
}
Event: 12.577 GC heap before
{Heap before GC invocations=30 (full 0):
 garbage-first heap   total 231424K, used 185222K [0x0000000084400000, 0x0000000100000000)
  region size 1024K, 79 young (80896K), 7 survivors (7168K)
 Metaspace       used 87587K, committed 87936K, reserved 1179648K
  class space    used 9466K, committed 9600K, reserved 1048576K
}
Event: 12.592 GC heap after
{Heap after GC invocations=31 (full 0):
 garbage-first heap   total 231424K, used 117760K [0x0000000084400000, 0x0000000100000000)
  region size 1024K, 7 young (7168K), 7 survivors (7168K)
 Metaspace       used 87587K, committed 87936K, reserved 1179648K
  class space    used 9466K, committed 9600K, reserved 1048576K
}
Event: 13.155 GC heap before
{Heap before GC invocations=31 (full 0):
 garbage-first heap   total 231424K, used 186368K [0x0000000084400000, 0x0000000100000000)
  region size 1024K, 74 young (75776K), 7 survivors (7168K)
 Metaspace       used 88114K, committed 88512K, reserved 1179648K
  class space    used 9488K, committed 9664K, reserved 1048576K
}

Dll operation events (2 events):
Event: 0.004 Loaded shared library C:\Program Files\Android\Android Studio\jbr\bin\java.dll
Event: 1.064 Loaded shared library C:\Program Files\Android\Android Studio\jbr\bin\verify.dll

Deoptimization events (20 events):
Event: 13.101 Thread 0x000001e5e0a15220 DEOPT PACKING pc=0x000001e5ed918b8c sp=0x000000cd61ffd4a0
Event: 13.101 Thread 0x000001e5e0a15220 DEOPT UNPACKING pc=0x000001e5ecc969a3 sp=0x000000cd61ffd238 mode 2
Event: 13.101 Thread 0x000001e5e0a15220 Uncommon trap: trap_request=0xffffffde fr.pc=0x000001e5ed918b8c relative=0x000000000000670c
Event: 13.101 Thread 0x000001e5e0a15220 Uncommon trap: reason=class_check action=maybe_recompile pc=0x000001e5ed918b8c method=org.jetbrains.kotlin.backend.jvm.mapping.IrTypeMapper.computeClassInternalName(Lorg/jetbrains/kotlin/ir/declarations/IrClass;)Ljava/lang/StringBuilder; @ 148 c2
Event: 13.101 Thread 0x000001e5e0a15220 DEOPT PACKING pc=0x000001e5ed918b8c sp=0x000000cd61ffd4b0
Event: 13.101 Thread 0x000001e5e0a15220 DEOPT UNPACKING pc=0x000001e5ecc969a3 sp=0x000000cd61ffd248 mode 2
Event: 13.101 Thread 0x000001e5e0a15220 Uncommon trap: trap_request=0xffffffde fr.pc=0x000001e5ed918b8c relative=0x000000000000670c
Event: 13.101 Thread 0x000001e5e0a15220 Uncommon trap: reason=class_check action=maybe_recompile pc=0x000001e5ed918b8c method=org.jetbrains.kotlin.backend.jvm.mapping.IrTypeMapper.computeClassInternalName(Lorg/jetbrains/kotlin/ir/declarations/IrClass;)Ljava/lang/StringBuilder; @ 148 c2
Event: 13.101 Thread 0x000001e5e0a15220 DEOPT PACKING pc=0x000001e5ed918b8c sp=0x000000cd61ffd4b0
Event: 13.101 Thread 0x000001e5e0a15220 DEOPT UNPACKING pc=0x000001e5ecc969a3 sp=0x000000cd61ffd248 mode 2
Event: 13.102 Thread 0x000001e5e0a15220 Uncommon trap: trap_request=0xffffffde fr.pc=0x000001e5ed918b8c relative=0x000000000000670c
Event: 13.102 Thread 0x000001e5e0a15220 Uncommon trap: reason=class_check action=maybe_recompile pc=0x000001e5ed918b8c method=org.jetbrains.kotlin.backend.jvm.mapping.IrTypeMapper.computeClassInternalName(Lorg/jetbrains/kotlin/ir/declarations/IrClass;)Ljava/lang/StringBuilder; @ 148 c2
Event: 13.102 Thread 0x000001e5e0a15220 DEOPT PACKING pc=0x000001e5ed918b8c sp=0x000000cd61ffd5b0
Event: 13.102 Thread 0x000001e5e0a15220 DEOPT UNPACKING pc=0x000001e5ecc969a3 sp=0x000000cd61ffd348 mode 2
Event: 13.135 Thread 0x000001e5e0a15220 Uncommon trap: trap_request=0xffffff45 fr.pc=0x000001e5ed5c56e0 relative=0x0000000000001820
Event: 13.135 Thread 0x000001e5e0a15220 Uncommon trap: reason=unstable_if action=reinterpret pc=0x000001e5ed5c56e0 method=org.jetbrains.kotlin.codegen.optimization.boxing.RedundantBoxingMethodTransformer.getValuesStoredOrLoadedToVariable(Lorg/jetbrains/org/objectweb/asm/tree/LocalVariableNode;L
Event: 13.135 Thread 0x000001e5e0a15220 DEOPT PACKING pc=0x000001e5ed5c56e0 sp=0x000000cd61ffd620
Event: 13.135 Thread 0x000001e5e0a15220 DEOPT UNPACKING pc=0x000001e5ecc969a3 sp=0x000000cd61ffd5f0 mode 2
Event: 13.137 Thread 0x000001e5e0a15220 DEOPT PACKING pc=0x000001e5e7dc24af sp=0x000000cd61ffd450
Event: 13.137 Thread 0x000001e5e0a15220 DEOPT UNPACKING pc=0x000001e5ecc97143 sp=0x000000cd61ffc998 mode 0

Classes unloaded (0 events):
No events

Classes redefined (0 events):
No events

Internal exceptions (20 events):
Event: 4.384 Thread 0x000001e5e0a15220 Implicit null exception at 0x000001e5ed2e7709 to 0x000001e5ed2e77f0
Event: 4.384 Thread 0x000001e5e0a15220 Implicit null exception at 0x000001e5ed2423d8 to 0x000001e5ed24246a
Event: 4.407 Thread 0x000001e5e0a15220 Implicit null exception at 0x000001e5ed23288f to 0x000001e5ed232905
Event: 4.469 Thread 0x000001e5e0a15220 Exception <a 'java/lang/NoSuchMethodError'{0x000000008a56d300}: 'java.lang.Object java.lang.invoke.DirectMethodHandle$Holder.invokeInterface(java.lang.Object, java.lang.Object, java.lang.Object)'> (0x000000008a56d300) 
thrown [s\src\hotspot\share\interpreter\linkResolver.cpp, line 771]
Event: 4.469 Thread 0x000001e5e0a15220 Exception <a 'java/lang/IncompatibleClassChangeError'{0x000000008a570c70}: Found class java.lang.Object, but interface was expected> (0x000000008a570c70) 
thrown [s\src\hotspot\share\interpreter\linkResolver.cpp, line 838]
Event: 4.626 Thread 0x000001e5e0a15220 Exception <a 'java/lang/NoSuchMethodError'{0x0000000089bc9ec8}: 'int java.lang.invoke.DirectMethodHandle$Holder.invokeStaticInit(java.lang.Object, int)'> (0x0000000089bc9ec8) 
thrown [s\src\hotspot\share\interpreter\linkResolver.cpp, line 771]
Event: 6.031 Thread 0x000001e5e0a15220 Exception <a 'java/lang/NoSuchMethodError'{0x000000008f672ac8}: 'java.lang.Object java.lang.invoke.DirectMethodHandle$Holder.newInvokeSpecial(java.lang.Object, java.lang.Object, java.lang.Object, java.lang.Object, java.lang.Object, java.lang.Object, java.lang.Object)'> (0x000000008f672ac8) 
thrown [s\src\hotspot\share\interpreter\linkResolver.cpp, line 771]
Event: 6.032 Thread 0x000001e5e0a15220 Exception <a 'java/lang/NoSuchMethodError'{0x000000008f679660}: 'java.lang.Object java.lang.invoke.Invokers$Holder.linkToTargetMethod(java.lang.Object, java.lang.Object, java.lang.Object, java.lang.Object, java.lang.Object, java.lang.Object, java.lang.Object)'> (0x000000008f679660) 
thrown [s\src\hotspot\share\interpreter\linkResolver.cpp, line 771]
Event: 7.805 Thread 0x000001e5e0a15220 Implicit null exception at 0x000001e5ed6701dc to 0x000001e5ed67074c
Event: 8.691 Thread 0x000001e5e0a15220 Implicit null exception at 0x000001e5ed27c9ea to 0x000001e5ed27cba8
Event: 8.855 Thread 0x000001e5e0a15220 Implicit null exception at 0x000001e5ed65b35a to 0x000001e5ed65b63c
Event: 8.992 Thread 0x000001e5e0a15220 Exception <a 'java/lang/NoSuchMethodError'{0x000000008d953c38}: 'java.lang.Object java.lang.invoke.DirectMethodHandle$Holder.invokeStaticInit(java.lang.Object, java.lang.Object, java.lang.Object, java.lang.Object)'> (0x000000008d953c38) 
thrown [s\src\hotspot\share\interpreter\linkResolver.cpp, line 771]
Event: 9.226 Thread 0x000001e5e0a15220 Exception <a 'java/lang/NoSuchMethodError'{0x0000000092582718}: 'java.lang.Object java.lang.invoke.DirectMethodHandle$Holder.newInvokeSpecial(java.lang.Object, java.lang.Object, java.lang.Object, int, int)'> (0x0000000092582718) 
thrown [s\src\hotspot\share\interpreter\linkResolver.cpp, line 771]
Event: 9.227 Thread 0x000001e5e0a15220 Exception <a 'java/lang/NoSuchMethodError'{0x0000000092586558}: 'java.lang.Object java.lang.invoke.DirectMethodHandle$Holder.invokeSpecial(java.lang.Object, java.lang.Object, java.lang.Object, java.lang.Object, int, int)'> (0x0000000092586558) 
thrown [s\src\hotspot\share\interpreter\linkResolver.cpp, line 771]
Event: 9.278 Thread 0x000001e5e0a15220 Exception <a 'java/lang/NoSuchMethodError'{0x00000000922729d8}: 'java.lang.Object java.lang.invoke.DirectMethodHandle$Holder.invokeSpecial(java.lang.Object, java.lang.Object, int, int, java.lang.Object, java.lang.Object, java.lang.Object, java.lang.Object, java.lang.Object)'> (0x00000000922729d8) 
thrown [s\src\hotspot\share\interpreter\linkResolver.cpp, line 771]
Event: 9.287 Thread 0x000001e5e0a15220 Implicit null exception at 0x000001e5ed249ded to 0x000001e5ed24a00c
Event: 9.294 Thread 0x000001e5e0a15220 Exception <a 'java/lang/NoSuchMethodError'{0x0000000092104fe0}: 'java.lang.Object java.lang.invoke.DirectMethodHandle$Holder.invokeStatic(java.lang.Object, int, java.lang.Object)'> (0x0000000092104fe0) 
thrown [s\src\hotspot\share\interpreter\linkResolver.cpp, line 771]
Event: 9.300 Thread 0x000001e5e0a15220 Exception <a 'java/lang/NoSuchMethodError'{0x000000009212a998}: 'java.lang.Object java.lang.invoke.DirectMethodHandle$Holder.newInvokeSpecial(java.lang.Object, int, java.lang.Object, java.lang.Object)'> (0x000000009212a998) 
thrown [s\src\hotspot\share\interpreter\linkResolver.cpp, line 771]
Event: 9.457 Thread 0x000001e5e0a15220 Exception <a 'java/lang/NoSuchMethodError'{0x00000000918335a8}: 'java.lang.Object java.lang.invoke.DirectMethodHandle$Holder.newInvokeSpecial(java.lang.Object, java.lang.Object, int, int, java.lang.Object, java.lang.Object, java.lang.Object)'> (0x00000000918335a8) 
thrown [s\src\hotspot\share\interpreter\linkResolver.cpp, line 771]
Event: 9.457 Thread 0x000001e5e0a15220 Exception <a 'java/lang/NoSuchMethodError'{0x00000000918383a0}: 'java.lang.Object java.lang.invoke.DirectMethodHandle$Holder.invokeSpecial(java.lang.Object, java.lang.Object, java.lang.Object, int, int, java.lang.Object, java.lang.Object, java.lang.Object)'> (0x00000000918383a0) 
thrown [s\src\hotspot\share\interpreter\linkResolver.cpp, line 771]

VM Operations (20 events):
Event: 12.065 Executing VM operation: ICBufferFull done
Event: 12.217 Executing VM operation: ICBufferFull
Event: 12.217 Executing VM operation: ICBufferFull done
Event: 12.441 Executing VM operation: ICBufferFull
Event: 12.441 Executing VM operation: ICBufferFull done
Event: 12.532 Executing VM operation: ICBufferFull
Event: 12.533 Executing VM operation: ICBufferFull done
Event: 12.577 Executing VM operation: G1CollectForAllocation
Event: 12.592 Executing VM operation: G1CollectForAllocation done
Event: 12.755 Executing VM operation: ICBufferFull
Event: 12.756 Executing VM operation: ICBufferFull done
Event: 12.958 Executing VM operation: HandshakeAllThreads
Event: 12.958 Executing VM operation: HandshakeAllThreads done
Event: 12.979 Executing VM operation: ICBufferFull
Event: 12.979 Executing VM operation: ICBufferFull done
Event: 13.026 Executing VM operation: HandshakeAllThreads
Event: 13.026 Executing VM operation: HandshakeAllThreads done
Event: 13.085 Executing VM operation: HandshakeAllThreads
Event: 13.085 Executing VM operation: HandshakeAllThreads done
Event: 13.155 Executing VM operation: G1CollectForAllocation

Events (20 events):
Event: 13.115 Thread 0x000001e5fcbc2790 flushing nmethod 0x000001e5e7c1d910
Event: 13.115 Thread 0x000001e5fcbc2790 flushing nmethod 0x000001e5e7c1e510
Event: 13.115 Thread 0x000001e5fcbc2790 flushing nmethod 0x000001e5e7c20290
Event: 13.115 Thread 0x000001e5fcbc2790 flushing nmethod 0x000001e5e7c4bb10
Event: 13.115 Thread 0x000001e5fcbc2790 flushing nmethod 0x000001e5e7c8bc90
Event: 13.116 Thread 0x000001e5fcbc2790 flushing nmethod 0x000001e5e7caa790
Event: 13.116 Thread 0x000001e5fcbc2790 flushing nmethod 0x000001e5e7ce6d10
Event: 13.116 Thread 0x000001e5fcbc2790 flushing nmethod 0x000001e5e7cf9290
Event: 13.116 Thread 0x000001e5fcbc2790 flushing nmethod 0x000001e5e7d14410
Event: 13.116 Thread 0x000001e5fcbc2790 flushing nmethod 0x000001e5e7d49b10
Event: 13.116 Thread 0x000001e5fcbc2790 flushing nmethod 0x000001e5e7d4d610
Event: 13.116 Thread 0x000001e5fcbc2790 flushing nmethod 0x000001e5e7d61b10
Event: 13.116 Thread 0x000001e5fcbc2790 flushing nmethod 0x000001e5e7d6db90
Event: 13.116 Thread 0x000001e5fcbc2790 flushing nmethod 0x000001e5e7d9c710
Event: 13.116 Thread 0x000001e5fcbc2790 flushing nmethod 0x000001e5e7dc7790
Event: 13.116 Thread 0x000001e5fcbc2790 flushing nmethod 0x000001e5e7dedf90
Event: 13.116 Thread 0x000001e5fcbc2790 flushing nmethod 0x000001e5e7df0790
Event: 13.116 Thread 0x000001e5fcbc2790 flushing nmethod 0x000001e5e7e06990
Event: 13.116 Thread 0x000001e5fcbc2790 flushing nmethod 0x000001e5e7e17e90
Event: 13.117 Thread 0x000001e5fcbc2790 flushing nmethod 0x000001e5e7e89b10


Dynamic libraries:
0x00007ff79adc0000 - 0x00007ff79adca000 	C:\Program Files\Android\Android Studio\jbr\bin\java.exe
0x00007ff813890000 - 0x00007ff813aa4000 	C:\Windows\SYSTEM32\ntdll.dll
0x00007ff812f60000 - 0x00007ff813023000 	C:\Windows\System32\KERNEL32.DLL
0x00007ff8112e0000 - 0x00007ff81167d000 	C:\Windows\System32\KERNELBASE.dll
0x00007ff811070000 - 0x00007ff811181000 	C:\Windows\System32\ucrtbase.dll
0x00007fffe9dd0000 - 0x00007fffe9de7000 	C:\Program Files\Android\Android Studio\jbr\bin\jli.dll
0x00007ff80d9b0000 - 0x00007ff80d9cb000 	C:\Program Files\Android\Android Studio\jbr\bin\VCRUNTIME140.dll
0x00007ff813160000 - 0x00007ff81330d000 	C:\Windows\System32\USER32.dll
0x00007ff8112b0000 - 0x00007ff8112d6000 	C:\Windows\System32\win32u.dll
0x00007ff813580000 - 0x00007ff8135a9000 	C:\Windows\System32\GDI32.dll
0x00007ffff4480000 - 0x00007ffff470e000 	C:\Windows\WinSxS\amd64_microsoft.windows.common-controls_6595b64144ccf1df_6.0.22621.608_none_a9444ca7c10bb01d\COMCTL32.dll
0x00007ff810cb0000 - 0x00007ff810dc2000 	C:\Windows\System32\gdi32full.dll
0x00007ff813090000 - 0x00007ff813137000 	C:\Windows\System32\msvcrt.dll
0x00007ff811190000 - 0x00007ff81122a000 	C:\Windows\System32\msvcp_win.dll
0x00007ff811680000 - 0x00007ff8116b2000 	C:\Windows\System32\IMM32.DLL
0x00007ff80bcd0000 - 0x00007ff80bcdc000 	C:\Program Files\Android\Android Studio\jbr\bin\vcruntime140_1.dll
0x00007ffff9f20000 - 0x00007ffff9fad000 	C:\Program Files\Android\Android Studio\jbr\bin\msvcp140.dll
0x00007fffaee60000 - 0x00007fffafae3000 	C:\Program Files\Android\Android Studio\jbr\bin\server\jvm.dll
0x00007ff812eb0000 - 0x00007ff812f5e000 	C:\Windows\System32\ADVAPI32.dll
0x00007ff8116c0000 - 0x00007ff811764000 	C:\Windows\System32\sechost.dll
0x00007ff811b20000 - 0x00007ff811c35000 	C:\Windows\System32\RPCRT4.dll
0x00007ff810b80000 - 0x00007ff810bcd000 	C:\Windows\SYSTEM32\POWRPROF.dll
0x00007fffeb460000 - 0x00007fffeb469000 	C:\Windows\SYSTEM32\WSOCK32.dll
0x00007ff809aa0000 - 0x00007ff809ad4000 	C:\Windows\SYSTEM32\WINMM.dll
0x00007ff8135b0000 - 0x00007ff813621000 	C:\Windows\System32\WS2_32.dll
0x00007ff800000000 - 0x00007ff80000a000 	C:\Windows\SYSTEM32\VERSION.dll
0x00007ff810b60000 - 0x00007ff810b73000 	C:\Windows\SYSTEM32\UMPDC.dll
0x00007ff80fcc0000 - 0x00007ff80fcd8000 	C:\Windows\SYSTEM32\kernel.appcore.dll
0x00007ff800310000 - 0x00007ff80031a000 	C:\Program Files\Android\Android Studio\jbr\bin\jimage.dll
0x00007ff80e650000 - 0x00007ff80e87e000 	C:\Windows\SYSTEM32\DBGHELP.DLL
0x00007ff812910000 - 0x00007ff812c9a000 	C:\Windows\System32\combase.dll
0x00007ff813310000 - 0x00007ff8133e7000 	C:\Windows\System32\OLEAUT32.dll
0x00007ffff4070000 - 0x00007ffff40a2000 	C:\Windows\SYSTEM32\dbgcore.DLL
0x00007ff811230000 - 0x00007ff8112ab000 	C:\Windows\System32\bcryptPrimitives.dll
0x00007ff8002e0000 - 0x00007ff800305000 	C:\Program Files\Android\Android Studio\jbr\bin\java.dll
0x00007ff8002c0000 - 0x00007ff8002d8000 	C:\Program Files\Android\Android Studio\jbr\bin\zip.dll
0x00007ff812120000 - 0x00007ff81290f000 	C:\Windows\System32\SHELL32.dll
0x00007ff80ec80000 - 0x00007ff80f548000 	C:\Windows\SYSTEM32\windows.storage.dll
0x00007ff80eb40000 - 0x00007ff80ec7e000 	C:\Windows\SYSTEM32\wintypes.dll
0x00007ff811a20000 - 0x00007ff811b11000 	C:\Windows\System32\SHCORE.dll
0x00007ff811c40000 - 0x00007ff811c9e000 	C:\Windows\System32\shlwapi.dll
0x00007ff810be0000 - 0x00007ff810c01000 	C:\Windows\SYSTEM32\profapi.dll
0x00007ff8002a0000 - 0x00007ff8002b9000 	C:\Program Files\Android\Android Studio\jbr\bin\net.dll
0x00007ff80b530000 - 0x00007ff80b65f000 	C:\Windows\SYSTEM32\WINHTTP.dll
0x00007ff810120000 - 0x00007ff810189000 	C:\Windows\system32\mswsock.dll
0x00007ff800280000 - 0x00007ff800296000 	C:\Program Files\Android\Android Studio\jbr\bin\nio.dll
0x00007ffff9df0000 - 0x00007ffff9e00000 	C:\Program Files\Android\Android Studio\jbr\bin\verify.dll

dbghelp: loaded successfully - version: 4.0.5 - missing functions: none
symbol engine: initialized successfully - sym options: 0x614 - pdb path: .;C:\Program Files\Android\Android Studio\jbr\bin;C:\Windows\SYSTEM32;C:\Windows\WinSxS\amd64_microsoft.windows.common-controls_6595b64144ccf1df_6.0.22621.608_none_a9444ca7c10bb01d;C:\Program Files\Android\Android Studio\jbr\bin\server

VM Arguments:
java_command: org.jetbrains.kotlin.cli.jvm.K2JVMCompiler @D:\Mobile\Kisaan1.0\app\build\20240414_14677820338020071477.compiler.options
java_class_path (initial): C:\Users\Sibgha Tullah\.gradle\caches\modules-2\files-2.1\org.jetbrains.kotlin\kotlin-compiler-embeddable\1.9.0\2c8c3a7402becca891f12739b3e9fd2dc2adbd7a\kotlin-compiler-embeddable-1.9.0.jar;C:\Users\Sibgha Tullah\.gradle\caches\modules-2\files-2.1\org.jetbrains.kotlin\kotlin-stdlib\1.9.0\8ee15ef0c67dc83d874f412d84378d7f0eb50b63\kotlin-stdlib-1.9.0.jar;C:\Users\Sibgha Tullah\.gradle\caches\modules-2\files-2.1\org.jetbrains.kotlin\kotlin-script-runtime\1.9.0\4b3102cbbb7e1b58d9d1adf89563f00069ffa7d1\kotlin-script-runtime-1.9.0.jar;C:\Users\Sibgha Tullah\.gradle\caches\modules-2\files-2.1\org.jetbrains.kotlin\kotlin-reflect\1.6.10\1cbe9c92c12a94eea200d23c2bbaedaf3daf5132\kotlin-reflect-1.6.10.jar;C:\Users\Sibgha Tullah\.gradle\caches\modules-2\files-2.1\org.jetbrains.kotlin\kotlin-daemon-embeddable\1.9.0\186543f5e28cf8d9a0290fecc2cf34301c40a65c\kotlin-daemon-embeddable-1.9.0.jar;C:\Users\Sibgha Tullah\.gradle\caches\modules-2\files-2.1\org.jetbrains.intellij.deps\trove4j\1.0.20200330\3afb14d5f9ceb459d724e907a21145e8ff394f02\trove4j-1.0.20200330.jar;C:\Users\Sibgha Tullah\.gradle\caches\modules-2\files-2.1\org.jetbrains.kotlin\kotlin-stdlib-common\1.9.0\cd65c21cfd1eec4d44ef09f9f52b6d9f8a720636\kotlin-stdlib-common-1.9.0.jar;C:\Users\Sibgha Tullah\.gradle\caches\modules-2\files-2.1\org.jetbrains\annotations\13.0\919f0dfe192fb4e063e7dacadee7f8bb9a2672a9\annotations-13.0.jar
Launcher Type: SUN_STANDARD

[Global flags]
     intx CICompilerCount                          = 4                                         {product} {ergonomic}
     uint ConcGCThreads                            = 3                                         {product} {ergonomic}
     uint G1ConcRefinementThreads                  = 10                                        {product} {ergonomic}
   size_t G1HeapRegionSize                         = 1048576                                   {product} {ergonomic}
    uintx GCDrainStackTargetSize                   = 64                                        {product} {ergonomic}
   size_t InitialHeapSize                          = 130023424                                 {product} {ergonomic}
   size_t MarkStackSize                            = 4194304                                   {product} {ergonomic}
   size_t MaxHeapSize                              = 2076180480                                {product} {ergonomic}
   size_t MaxNewSize                               = 1245708288                                {product} {ergonomic}
   size_t MinHeapDeltaBytes                        = 1048576                                   {product} {ergonomic}
   size_t MinHeapSize                              = 8388608                                   {product} {ergonomic}
    uintx NonNMethodCodeHeapSize                   = 5839372                                {pd product} {ergonomic}
    uintx NonProfiledCodeHeapSize                  = 122909434                              {pd product} {ergonomic}
    uintx ProfiledCodeHeapSize                     = 122909434                              {pd product} {ergonomic}
    uintx ReservedCodeCacheSize                    = 251658240                              {pd product} {ergonomic}
     bool SegmentedCodeCache                       = true                                      {product} {ergonomic}
   size_t SoftMaxHeapSize                          = 2076180480                             {manageable} {ergonomic}
     bool UseCompressedClassPointers               = true                           {product lp64_product} {ergonomic}
     bool UseCompressedOops                        = true                           {product lp64_product} {ergonomic}
     bool UseG1GC                                  = true                                      {product} {ergonomic}
     bool UseLargePagesIndividualAllocation        = false                                  {pd product} {ergonomic}

Logging:
Log output configuration:
 #0: stdout all=warning uptime,level,tags
 #1: stderr all=off uptime,level,tags

Environment Variables:
PATH=C:\Python312\Scripts\;C:\Python312\;C:\Windows\system32;C:\Windows;C:\Windows\System32\Wbem;C:\Windows\System32\WindowsPowerShell\v1.0\;C:\Windows\System32\OpenSSH\;C:\Program Files\Git\cmd;C:\Program Files\nodejs\;C:\ProgramData\chocolatey\bin;C:\Users\Sibgha Tullah\AppData\Local\Microsoft\WindowsApps;C:\Users\Sibgha Tullah\AppData\Local\Programs\Microsoft VS Code\bin;C:\Users\Sibgha Tullah\AppData\Roaming\npm
USERNAME=Sibgha Tullah
OS=Windows_NT
PROCESSOR_IDENTIFIER=Intel64 Family 6 Model 154 Stepping 4, GenuineIntel
TMP=C:\Users\SIBGHA~1\AppData\Local\Temp
TEMP=C:\Users\SIBGHA~1\AppData\Local\Temp



Periodic native trim disabled

JNI global refs:
JNI global refs: 11, weak refs: 22

JNI global refs memory usage: 843, weak refs: 841

OOME stack traces (most recent first):
Classloader memory used:
Loader jdk.internal.loader.ClassLoaders$AppClassLoader                                 : 9255K
Loader bootstrap                                                                       : 1463K
Loader java.net.URLClassLoader                                                         : 276K
Loader jdk.internal.reflect.DelegatingClassLoader                                      : 19902B


---------------  S Y S T E M  ---------------

OS:
 Windows 11 , 64 bit Build 22621 (10.0.22621.1105)
OS uptime: 17 days 14:11 hours
Hyper-V role detected

CPU: total 12 (initial active 12) (6 cores per cpu, 2 threads per core) family 6 model 154 stepping 4 microcode 0x424, cx8, cmov, fxsr, ht, mmx, 3dnowpref, sse, sse2, sse3, ssse3, sse4.1, sse4.2, popcnt, lzcnt, tsc, tscinvbit, avx, avx2, aes, erms, clmul, bmi1, bmi2, adx, sha, fma, vzeroupper, clflush, clflushopt, clwb, hv
Processor Information for processor 0
  Max Mhz: 1300, Current Mhz: 1300, Mhz Limit: 1300
Processor Information for processor 1
  Max Mhz: 1300, Current Mhz: 1300, Mhz Limit: 1300
Processor Information for processor 2
  Max Mhz: 1300, Current Mhz: 1300, Mhz Limit: 1300
Processor Information for processor 3
  Max Mhz: 1300, Current Mhz: 1300, Mhz Limit: 1300
Processor Information for processor 4
  Max Mhz: 900, Current Mhz: 900, Mhz Limit: 900
Processor Information for processor 5
  Max Mhz: 900, Current Mhz: 900, Mhz Limit: 900
Processor Information for processor 6
  Max Mhz: 900, Current Mhz: 900, Mhz Limit: 900
Processor Information for processor 7
  Max Mhz: 900, Current Mhz: 900, Mhz Limit: 900
Processor Information for processor 8
  Max Mhz: 900, Current Mhz: 900, Mhz Limit: 900
Processor Information for processor 9
  Max Mhz: 900, Current Mhz: 900, Mhz Limit: 900
Processor Information for processor 10
  Max Mhz: 900, Current Mhz: 900, Mhz Limit: 900
Processor Information for processor 11
  Max Mhz: 900, Current Mhz: 900, Mhz Limit: 900

Memory: 4k page, system-wide physical 7916M (343M free)
TotalPageFile size 20324M (AvailPageFile size 19M)
current process WorkingSet (physical memory assigned to process): 477M, peak: 478M
current process commit charge ("private bytes"): 520M, peak: 746M

vm_info: OpenJDK 64-Bit Server VM (17.0.9+0--11185874) for windows-amd64 JRE (17.0.9+0--11185874), built on Dec  6 2023 18:57:44 by "androidbuild" with MS VC++ 16.10 / 16.11 (VS2019)

END.
