#
# There is insufficient memory for the Java Runtime Environment to continue.
# Native memory allocation (malloc) failed to allocate 1269456 bytes for Chunk::new
# Possible reasons:
#   The system is out of physical RAM or swap space
#   The process is running with CompressedOops enabled, and the Java Heap may be blocking the growth of the native heap
# Possible solutions:
#   Reduce memory load on the system
#   Increase physical memory or swap space
#   Check if swap backing store is full
#   Decrease Java heap size (-Xmx/-Xms)
#   Decrease number of Java threads
#   Decrease Java thread stack sizes (-Xss)
#   Set larger code cache with -XX:ReservedCodeCacheSize=
#   JVM is running with Unscaled Compressed Oops mode in which the Java heap is
#     placed in the first 4GB address space. The Java Heap base address is the
#     maximum limit for the native heap growth. Please use -XX:HeapBaseMinAddress
#     to set the Java Heap base and to place the Java Heap above 4GB virtual address.
# This output file may be truncated or incomplete.
#
#  Out of Memory Error (arena.cpp:191), pid=104960, tid=94000
#
# JRE version: OpenJDK Runtime Environment (17.0.9) (build 17.0.9+0--11185874)
# Java VM: OpenJDK 64-Bit Server VM (17.0.9+0--11185874, mixed mode, tiered, compressed oops, compressed class ptrs, g1 gc, windows-amd64)
# No core dump will be written. Minidumps are not enabled by default on client versions of Windows
#

---------------  S U M M A R Y ------------

Command Line: org.jetbrains.kotlin.cli.jvm.K2JVMCompiler @D:\Mobile\Kisaan1.0\app\build\20240414_184618794320565823.compiler.options

Host: 12th Gen Intel(R) Core(TM) i5-1235U, 12 cores, 7G,  Windows 11 , 64 bit Build 22621 (10.0.22621.1105)
Time: Sun Apr 14 13:34:21 2024 Pacific Daylight Time elapsed time: 16.782064 seconds (0d 0h 0m 16s)

---------------  T H R E A D  ---------------

Current thread (0x0000025e190511b0):  JavaThread "C2 CompilerThread0" daemon [_thread_in_native, id=94000, stack(0x000000ec52d00000,0x000000ec52e00000)]


Current CompileTask:
C2:  16782 15709       4       org.jetbrains.kotlin.load.kotlin.TypeSignatureMappingKt::mapBuiltInType (339 bytes)

Stack: [0x000000ec52d00000,0x000000ec52e00000]
Native frames: (J=compiled Java code, j=interpreted, Vv=VM code, C=native code)
V  [jvm.dll+0x6886e9]
V  [jvm.dll+0x841e4a]
V  [jvm.dll+0x843a8e]
V  [jvm.dll+0x8440f3]
V  [jvm.dll+0x24c14f]
V  [jvm.dll+0xac44c]
V  [jvm.dll+0xaca9c]
V  [jvm.dll+0x36c1a2]
V  [jvm.dll+0x33651a]
V  [jvm.dll+0x3359ba]
V  [jvm.dll+0x21ddb1]
V  [jvm.dll+0x21d1d1]
V  [jvm.dll+0x1a674d]
V  [jvm.dll+0x22d088]
V  [jvm.dll+0x22b1c0]
V  [jvm.dll+0x7f62f7]
V  [jvm.dll+0x7f06aa]
V  [jvm.dll+0x687565]
C  [ucrtbase.dll+0x29363]
C  [KERNEL32.DLL+0x126bd]
C  [ntdll.dll+0x5dfb8]


---------------  P R O C E S S  ---------------

Threads class SMR info:
_java_thread_list=0x0000025e1b035920, length=13, elements={
0x0000025e78934c00, 0x0000025e7fb24550, 0x0000025e7fb27840, 0x0000025e1904d7e0,
0x0000025e1904e1a0, 0x0000025e1904ed70, 0x0000025e1904f730, 0x0000025e190511b0,
0x0000025e19051ed0, 0x0000025e190537f0, 0x0000025e191e0f50, 0x0000025e191e7860,
0x0000025e1be98dd0
}

Java Threads: ( => current thread )
  0x0000025e78934c00 JavaThread "main" [_thread_blocked, id=90976, stack(0x000000ec52000000,0x000000ec52100000)]
  0x0000025e7fb24550 JavaThread "Reference Handler" daemon [_thread_blocked, id=101656, stack(0x000000ec52700000,0x000000ec52800000)]
  0x0000025e7fb27840 JavaThread "Finalizer" daemon [_thread_blocked, id=108376, stack(0x000000ec52800000,0x000000ec52900000)]
  0x0000025e1904d7e0 JavaThread "Signal Dispatcher" daemon [_thread_blocked, id=105424, stack(0x000000ec52900000,0x000000ec52a00000)]
  0x0000025e1904e1a0 JavaThread "Attach Listener" daemon [_thread_blocked, id=104772, stack(0x000000ec52a00000,0x000000ec52b00000)]
  0x0000025e1904ed70 JavaThread "Service Thread" daemon [_thread_blocked, id=108112, stack(0x000000ec52b00000,0x000000ec52c00000)]
  0x0000025e1904f730 JavaThread "Monitor Deflation Thread" daemon [_thread_blocked, id=94824, stack(0x000000ec52c00000,0x000000ec52d00000)]
=>0x0000025e190511b0 JavaThread "C2 CompilerThread0" daemon [_thread_in_native, id=94000, stack(0x000000ec52d00000,0x000000ec52e00000)]
  0x0000025e19051ed0 JavaThread "C1 CompilerThread0" daemon [_thread_blocked, id=99916, stack(0x000000ec52e00000,0x000000ec52f00000)]
  0x0000025e190537f0 JavaThread "Sweeper thread" daemon [_thread_blocked, id=107148, stack(0x000000ec52f00000,0x000000ec53000000)]
  0x0000025e191e0f50 JavaThread "Notification Thread" daemon [_thread_blocked, id=108204, stack(0x000000ec53000000,0x000000ec53100000)]
  0x0000025e191e7860 JavaThread "Common-Cleaner" daemon [_thread_blocked, id=107364, stack(0x000000ec53200000,0x000000ec53300000)]
  0x0000025e1be98dd0 JavaThread "C2 CompilerThread1" daemon [_thread_blocked, id=105224, stack(0x000000ec53f00000,0x000000ec54000000)]

Other Threads:
  0x0000025e7fb202e0 VMThread "VM Thread" [stack: 0x000000ec52600000,0x000000ec52700000] [id=81476]
  0x0000025e7faae240 WatcherThread [stack: 0x000000ec53100000,0x000000ec53200000] [id=93052]
  0x0000025e7898f990 GCTaskThread "GC Thread#0" [stack: 0x000000ec52100000,0x000000ec52200000] [id=90328]
  0x0000025e197f21e0 GCTaskThread "GC Thread#1" [stack: 0x000000ec53400000,0x000000ec53500000] [id=102064]
  0x0000025e19082b20 GCTaskThread "GC Thread#2" [stack: 0x000000ec53500000,0x000000ec53600000] [id=89200]
  0x0000025e19084df0 GCTaskThread "GC Thread#3" [stack: 0x000000ec53600000,0x000000ec53700000] [id=92276]
  0x0000025e19085ce0 GCTaskThread "GC Thread#4" [stack: 0x000000ec53700000,0x000000ec53800000] [id=90444]
  0x0000025e1a13afd0 GCTaskThread "GC Thread#5" [stack: 0x000000ec53800000,0x000000ec53900000] [id=77684]
  0x0000025e1a1097b0 GCTaskThread "GC Thread#6" [stack: 0x000000ec53900000,0x000000ec53a00000] [id=54752]
  0x0000025e1a109a70 GCTaskThread "GC Thread#7" [stack: 0x000000ec53a00000,0x000000ec53b00000] [id=108456]
  0x0000025e1a109d30 GCTaskThread "GC Thread#8" [stack: 0x000000ec53b00000,0x000000ec53c00000] [id=89028]
  0x0000025e1b1969a0 GCTaskThread "GC Thread#9" [stack: 0x000000ec53e00000,0x000000ec53f00000] [id=100172]
  0x0000025e789a0060 ConcurrentGCThread "G1 Main Marker" [stack: 0x000000ec52200000,0x000000ec52300000] [id=95288]
  0x0000025e789a0a80 ConcurrentGCThread "G1 Conc#0" [stack: 0x000000ec52300000,0x000000ec52400000] [id=85696]
  0x0000025e19b50e60 ConcurrentGCThread "G1 Conc#1" [stack: 0x000000ec53c00000,0x000000ec53d00000] [id=87320]
  0x0000025e19b51120 ConcurrentGCThread "G1 Conc#2" [stack: 0x000000ec53d00000,0x000000ec53e00000] [id=72940]
  0x0000025e7f9664e0 ConcurrentGCThread "G1 Refine#0" [stack: 0x000000ec52400000,0x000000ec52500000] [id=107640]
  0x0000025e1bbef350 ConcurrentGCThread "G1 Refine#1" [stack: 0x000000ec53300000,0x000000ec53400000] [id=98452]
  0x0000025e1b7c2830 ConcurrentGCThread "G1 Refine#2" [stack: 0x000000ec54000000,0x000000ec54100000] [id=96672]
  0x0000025e1b7c2540 ConcurrentGCThread "G1 Refine#3" [stack: 0x000000ec54100000,0x000000ec54200000] [id=102632]
  0x0000025e1b7c2b20 ConcurrentGCThread "G1 Refine#4" [stack: 0x000000ec54200000,0x000000ec54300000] [id=100916]
  0x0000025e789edf60 ConcurrentGCThread "G1 Service" [stack: 0x000000ec52500000,0x000000ec52600000] [id=108148]

Threads with active compile tasks:
C2 CompilerThread0    16794 15709       4       org.jetbrains.kotlin.load.kotlin.TypeSignatureMappingKt::mapBuiltInType (339 bytes)
C1 CompilerThread0    16794 15873       3       org.jetbrains.kotlin.backend.jvm.mapping.MethodSignatureMapper::forceBoxedReturnTypeOnDefaultImplFun (40 bytes)
C2 CompilerThread1    16794 15828       4       java.io.WinNTFileSystem::normalize (224 bytes)

VM state: at safepoint (normal execution)

VM Mutex/Monitor currently owned by a thread:  ([mutex/lock_event])
[0x0000025e7892fc10] Threads_lock - owner thread: 0x0000025e7fb202e0
[0x0000025e7892f790] Heap_lock - owner thread: 0x0000025e78934c00

Heap address: 0x0000000084400000, size: 1980 MB, Compressed Oops mode: 32-bit

CDS archive(s) not mapped
Compressed class space mapped at: 0x0000000100000000-0x0000000140000000, reserved size: 1073741824
Narrow klass base: 0x0000000000000000, Narrow klass shift: 3, Narrow klass range: 0x140000000

GC Precious Log:
 CPUs: 12 total, 12 available
 Memory: 7916M
 Large Page Support: Disabled
 NUMA Support: Disabled
 Compressed Oops: Enabled (32-bit)
 Heap Region Size: 1M
 Heap Min Capacity: 8M
 Heap Initial Capacity: 124M
 Heap Max Capacity: 1980M
 Pre-touch: Disabled
 Parallel Workers: 10
 Concurrent Workers: 3
 Concurrent Refinement Workers: 10
 Periodic GC: Disabled

Heap:
 garbage-first heap   total 201728K, used 116392K [0x0000000084400000, 0x0000000100000000)
  region size 1024K, 4 young (4096K), 4 survivors (4096K)
 Metaspace       used 86256K, committed 86592K, reserved 1179648K
  class space    used 9430K, committed 9600K, reserved 1048576K

Heap Regions: E=young(eden), S=young(survivor), O=old, HS=humongous(starts), HC=humongous(continues), CS=collection set, F=free, OA=open archive, CA=closed archive, TAMS=top-at-mark-start (previous, next)
|   0|0x0000000084400000, 0x0000000084500000, 0x0000000084500000|100%|HS|  |TAMS 0x0000000084500000, 0x0000000084400000| Complete 
|   1|0x0000000084500000, 0x0000000084600000, 0x0000000084600000|100%|HC|  |TAMS 0x0000000084600000, 0x0000000084500000| Complete 
|   2|0x0000000084600000, 0x0000000084700000, 0x0000000084700000|100%|HC|  |TAMS 0x0000000084700000, 0x0000000084600000| Complete 
|   3|0x0000000084700000, 0x0000000084800000, 0x0000000084800000|100%|HC|  |TAMS 0x0000000084800000, 0x0000000084700000| Complete 
|   4|0x0000000084800000, 0x0000000084900000, 0x0000000084900000|100%| O|  |TAMS 0x0000000084900000, 0x0000000084800000| Untracked 
|   5|0x0000000084900000, 0x0000000084a00000, 0x0000000084a00000|100%| O|  |TAMS 0x0000000084a00000, 0x0000000084900000| Untracked 
|   6|0x0000000084a00000, 0x0000000084b00000, 0x0000000084b00000|100%| O|  |TAMS 0x0000000084b00000, 0x0000000084a00000| Untracked 
|   7|0x0000000084b00000, 0x0000000084c00000, 0x0000000084c00000|100%| O|  |TAMS 0x0000000084c00000, 0x0000000084b00000| Untracked 
|   8|0x0000000084c00000, 0x0000000084d00000, 0x0000000084d00000|100%| O|  |TAMS 0x0000000084c00000, 0x0000000084c00000| Untracked 
|   9|0x0000000084d00000, 0x0000000084e00000, 0x0000000084e00000|100%| O|  |TAMS 0x0000000084e00000, 0x0000000084d00000| Untracked 
|  10|0x0000000084e00000, 0x0000000084f00000, 0x0000000084f00000|100%| O|  |TAMS 0x0000000084f00000, 0x0000000084e00000| Untracked 
|  11|0x0000000084f00000, 0x0000000085000000, 0x0000000085000000|100%| O|  |TAMS 0x0000000085000000, 0x0000000084f00000| Untracked 
|  12|0x0000000085000000, 0x0000000085100000, 0x0000000085100000|100%| O|  |TAMS 0x0000000085100000, 0x0000000085000000| Untracked 
|  13|0x0000000085100000, 0x0000000085200000, 0x0000000085200000|100%| O|  |TAMS 0x0000000085200000, 0x0000000085100000| Untracked 
|  14|0x0000000085200000, 0x0000000085300000, 0x0000000085300000|100%| O|  |TAMS 0x0000000085300000, 0x0000000085200000| Untracked 
|  15|0x0000000085300000, 0x0000000085400000, 0x0000000085400000|100%| O|  |TAMS 0x0000000085400000, 0x0000000085300000| Untracked 
|  16|0x0000000085400000, 0x0000000085500000, 0x0000000085500000|100%| O|  |TAMS 0x0000000085500000, 0x0000000085400000| Untracked 
|  17|0x0000000085500000, 0x0000000085600000, 0x0000000085600000|100%| O|  |TAMS 0x0000000085600000, 0x0000000085500000| Untracked 
|  18|0x0000000085600000, 0x0000000085700000, 0x0000000085700000|100%| O|  |TAMS 0x0000000085700000, 0x0000000085600000| Untracked 
|  19|0x0000000085700000, 0x0000000085800000, 0x0000000085800000|100%| O|  |TAMS 0x0000000085800000, 0x0000000085700000| Untracked 
|  20|0x0000000085800000, 0x0000000085900000, 0x0000000085900000|100%| O|  |TAMS 0x0000000085900000, 0x0000000085800000| Untracked 
|  21|0x0000000085900000, 0x0000000085a00000, 0x0000000085a00000|100%| O|  |TAMS 0x0000000085a00000, 0x0000000085900000| Untracked 
|  22|0x0000000085a00000, 0x0000000085b00000, 0x0000000085b00000|100%| O|  |TAMS 0x0000000085b00000, 0x0000000085a00000| Untracked 
|  23|0x0000000085b00000, 0x0000000085c00000, 0x0000000085c00000|100%| O|  |TAMS 0x0000000085c00000, 0x0000000085b00000| Untracked 
|  24|0x0000000085c00000, 0x0000000085d00000, 0x0000000085d00000|100%| O|  |TAMS 0x0000000085d00000, 0x0000000085c00000| Untracked 
|  25|0x0000000085d00000, 0x0000000085e00000, 0x0000000085e00000|100%| O|  |TAMS 0x0000000085e00000, 0x0000000085d00000| Untracked 
|  26|0x0000000085e00000, 0x0000000085f00000, 0x0000000085f00000|100%| O|  |TAMS 0x0000000085f00000, 0x0000000085e00000| Untracked 
|  27|0x0000000085f00000, 0x0000000086000000, 0x0000000086000000|100%|HS|  |TAMS 0x0000000086000000, 0x0000000085f00000| Complete 
|  28|0x0000000086000000, 0x0000000086100000, 0x0000000086100000|100%|HC|  |TAMS 0x0000000086100000, 0x0000000086000000| Complete 
|  29|0x0000000086100000, 0x0000000086200000, 0x0000000086200000|100%| O|  |TAMS 0x0000000086200000, 0x0000000086100000| Untracked 
|  30|0x0000000086200000, 0x0000000086300000, 0x0000000086300000|100%| O|  |TAMS 0x0000000086300000, 0x0000000086200000| Untracked 
|  31|0x0000000086300000, 0x0000000086400000, 0x0000000086400000|100%| O|  |TAMS 0x0000000086400000, 0x0000000086300000| Untracked 
|  32|0x0000000086400000, 0x0000000086500000, 0x0000000086500000|100%| O|  |TAMS 0x0000000086500000, 0x0000000086400000| Untracked 
|  33|0x0000000086500000, 0x0000000086600000, 0x0000000086600000|100%| O|  |TAMS 0x0000000086600000, 0x0000000086500000| Untracked 
|  34|0x0000000086600000, 0x0000000086700000, 0x0000000086700000|100%| O|  |TAMS 0x0000000086700000, 0x0000000086600000| Untracked 
|  35|0x0000000086700000, 0x0000000086800000, 0x0000000086800000|100%| O|  |TAMS 0x0000000086800000, 0x0000000086700000| Untracked 
|  36|0x0000000086800000, 0x0000000086900000, 0x0000000086900000|100%| O|  |TAMS 0x0000000086900000, 0x0000000086800000| Untracked 
|  37|0x0000000086900000, 0x0000000086a00000, 0x0000000086a00000|100%| O|  |TAMS 0x0000000086a00000, 0x0000000086900000| Untracked 
|  38|0x0000000086a00000, 0x0000000086b00000, 0x0000000086b00000|100%| O|  |TAMS 0x0000000086b00000, 0x0000000086a00000| Untracked 
|  39|0x0000000086b00000, 0x0000000086c00000, 0x0000000086c00000|100%| O|  |TAMS 0x0000000086c00000, 0x0000000086b00000| Untracked 
|  40|0x0000000086c00000, 0x0000000086d00000, 0x0000000086d00000|100%| O|  |TAMS 0x0000000086d00000, 0x0000000086c00000| Untracked 
|  41|0x0000000086d00000, 0x0000000086e00000, 0x0000000086e00000|100%| O|  |TAMS 0x0000000086e00000, 0x0000000086d00000| Untracked 
|  42|0x0000000086e00000, 0x0000000086f00000, 0x0000000086f00000|100%| O|  |TAMS 0x0000000086f00000, 0x0000000086e00000| Untracked 
|  43|0x0000000086f00000, 0x0000000087000000, 0x0000000087000000|100%| O|  |TAMS 0x0000000087000000, 0x0000000086f00000| Untracked 
|  44|0x0000000087000000, 0x0000000087100000, 0x0000000087100000|100%| O|  |TAMS 0x0000000087100000, 0x0000000087000000| Untracked 
|  45|0x0000000087100000, 0x0000000087200000, 0x0000000087200000|100%| O|  |TAMS 0x0000000087200000, 0x0000000087100000| Untracked 
|  46|0x0000000087200000, 0x0000000087300000, 0x0000000087300000|100%|HS|  |TAMS 0x0000000087200000, 0x0000000087200000| Complete 
|  47|0x0000000087300000, 0x0000000087400000, 0x0000000087400000|100%|HC|  |TAMS 0x0000000087300000, 0x0000000087300000| Complete 
|  48|0x0000000087400000, 0x0000000087500000, 0x0000000087500000|100%| O|  |TAMS 0x0000000087500000, 0x0000000087400000| Untracked 
|  49|0x0000000087500000, 0x0000000087600000, 0x0000000087600000|100%| O|  |TAMS 0x0000000087600000, 0x0000000087500000| Untracked 
|  50|0x0000000087600000, 0x0000000087700000, 0x0000000087700000|100%| O|  |TAMS 0x0000000087700000, 0x0000000087600000| Untracked 
|  51|0x0000000087700000, 0x0000000087800000, 0x0000000087800000|100%| O|  |TAMS 0x0000000087800000, 0x0000000087700000| Untracked 
|  52|0x0000000087800000, 0x0000000087900000, 0x0000000087900000|100%| O|  |TAMS 0x0000000087900000, 0x0000000087800000| Untracked 
|  53|0x0000000087900000, 0x0000000087a00000, 0x0000000087a00000|100%| O|  |TAMS 0x0000000087a00000, 0x0000000087900000| Untracked 
|  54|0x0000000087a00000, 0x0000000087b00000, 0x0000000087b00000|100%| O|  |TAMS 0x0000000087a00000, 0x0000000087a00000| Untracked 
|  55|0x0000000087b00000, 0x0000000087c00000, 0x0000000087c00000|100%| O|  |TAMS 0x0000000087b00000, 0x0000000087b00000| Untracked 
|  56|0x0000000087c00000, 0x0000000087d00000, 0x0000000087d00000|100%| O|  |TAMS 0x0000000087c00000, 0x0000000087c00000| Untracked 
|  57|0x0000000087d00000, 0x0000000087e00000, 0x0000000087e00000|100%| O|  |TAMS 0x0000000087d00000, 0x0000000087d00000| Untracked 
|  58|0x0000000087e00000, 0x0000000087f00000, 0x0000000087f00000|100%| O|  |TAMS 0x0000000087e00000, 0x0000000087e00000| Untracked 
|  59|0x0000000087f00000, 0x0000000088000000, 0x0000000088000000|100%| O|  |TAMS 0x0000000087f00000, 0x0000000087f00000| Untracked 
|  60|0x0000000088000000, 0x0000000088100000, 0x0000000088100000|100%| O|  |TAMS 0x0000000088000000, 0x0000000088000000| Untracked 
|  61|0x0000000088100000, 0x0000000088200000, 0x0000000088200000|100%| O|  |TAMS 0x0000000088100000, 0x0000000088100000| Untracked 
|  62|0x0000000088200000, 0x0000000088300000, 0x0000000088300000|100%| O|  |TAMS 0x0000000088200000, 0x0000000088200000| Untracked 
|  63|0x0000000088300000, 0x0000000088400000, 0x0000000088400000|100%| O|  |TAMS 0x0000000088300000, 0x0000000088300000| Untracked 
|  64|0x0000000088400000, 0x0000000088500000, 0x0000000088500000|100%| O|  |TAMS 0x0000000088400000, 0x0000000088400000| Untracked 
|  65|0x0000000088500000, 0x0000000088600000, 0x0000000088600000|100%| O|  |TAMS 0x0000000088500000, 0x0000000088500000| Untracked 
|  66|0x0000000088600000, 0x0000000088700000, 0x0000000088700000|100%| O|  |TAMS 0x0000000088600000, 0x0000000088600000| Untracked 
|  67|0x0000000088700000, 0x0000000088800000, 0x0000000088800000|100%| O|  |TAMS 0x0000000088700000, 0x0000000088700000| Untracked 
|  68|0x0000000088800000, 0x0000000088900000, 0x0000000088900000|100%| O|  |TAMS 0x0000000088800000, 0x0000000088800000| Untracked 
|  69|0x0000000088900000, 0x0000000088a00000, 0x0000000088a00000|100%| O|  |TAMS 0x0000000088900000, 0x0000000088900000| Untracked 
|  70|0x0000000088a00000, 0x0000000088b00000, 0x0000000088b00000|100%| O|  |TAMS 0x0000000088a00000, 0x0000000088a00000| Untracked 
|  71|0x0000000088b00000, 0x0000000088c00000, 0x0000000088c00000|100%| O|  |TAMS 0x0000000088b00000, 0x0000000088b00000| Untracked 
|  72|0x0000000088c00000, 0x0000000088d00000, 0x0000000088d00000|100%| O|  |TAMS 0x0000000088c00000, 0x0000000088c00000| Untracked 
|  73|0x0000000088d00000, 0x0000000088e00000, 0x0000000088e00000|100%| O|  |TAMS 0x0000000088d00000, 0x0000000088d00000| Untracked 
|  74|0x0000000088e00000, 0x0000000088f00000, 0x0000000088f00000|100%| O|  |TAMS 0x0000000088e00000, 0x0000000088e00000| Untracked 
|  75|0x0000000088f00000, 0x0000000089000000, 0x0000000089000000|100%| O|  |TAMS 0x0000000088f00000, 0x0000000088f00000| Untracked 
|  76|0x0000000089000000, 0x0000000089100000, 0x0000000089100000|100%| O|  |TAMS 0x0000000089000000, 0x0000000089000000| Untracked 
|  77|0x0000000089100000, 0x0000000089200000, 0x0000000089200000|100%| O|  |TAMS 0x0000000089100000, 0x0000000089100000| Untracked 
|  78|0x0000000089200000, 0x0000000089300000, 0x0000000089300000|100%| O|  |TAMS 0x0000000089200000, 0x0000000089200000| Untracked 
|  79|0x0000000089300000, 0x0000000089400000, 0x0000000089400000|100%| O|  |TAMS 0x0000000089300000, 0x0000000089300000| Untracked 
|  80|0x0000000089400000, 0x0000000089500000, 0x0000000089500000|100%| O|  |TAMS 0x0000000089400000, 0x0000000089400000| Untracked 
|  81|0x0000000089500000, 0x0000000089600000, 0x0000000089600000|100%| O|  |TAMS 0x0000000089500000, 0x0000000089500000| Untracked 
|  82|0x0000000089600000, 0x0000000089700000, 0x0000000089700000|100%| O|  |TAMS 0x0000000089600000, 0x0000000089600000| Untracked 
|  83|0x0000000089700000, 0x0000000089800000, 0x0000000089800000|100%| O|  |TAMS 0x0000000089700000, 0x0000000089700000| Untracked 
|  84|0x0000000089800000, 0x0000000089900000, 0x0000000089900000|100%| O|  |TAMS 0x0000000089800000, 0x0000000089800000| Untracked 
|  85|0x0000000089900000, 0x0000000089a00000, 0x0000000089a00000|100%| O|  |TAMS 0x0000000089900000, 0x0000000089900000| Untracked 
|  86|0x0000000089a00000, 0x0000000089b00000, 0x0000000089b00000|100%| O|  |TAMS 0x0000000089a00000, 0x0000000089a00000| Untracked 
|  87|0x0000000089b00000, 0x0000000089c00000, 0x0000000089c00000|100%| O|  |TAMS 0x0000000089b00000, 0x0000000089b00000| Untracked 
|  88|0x0000000089c00000, 0x0000000089d00000, 0x0000000089d00000|100%| O|  |TAMS 0x0000000089c00000, 0x0000000089c00000| Untracked 
|  89|0x0000000089d00000, 0x0000000089e00000, 0x0000000089e00000|100%| O|  |TAMS 0x0000000089d00000, 0x0000000089d00000| Untracked 
|  90|0x0000000089e00000, 0x0000000089f00000, 0x0000000089f00000|100%| O|  |TAMS 0x0000000089e00000, 0x0000000089e00000| Untracked 
|  91|0x0000000089f00000, 0x000000008a000000, 0x000000008a000000|100%| O|  |TAMS 0x0000000089f00000, 0x0000000089f00000| Untracked 
|  92|0x000000008a000000, 0x000000008a100000, 0x000000008a100000|100%| O|  |TAMS 0x000000008a000000, 0x000000008a000000| Untracked 
|  93|0x000000008a100000, 0x000000008a200000, 0x000000008a200000|100%| O|  |TAMS 0x000000008a100000, 0x000000008a100000| Untracked 
|  94|0x000000008a200000, 0x000000008a300000, 0x000000008a300000|100%| O|  |TAMS 0x000000008a200000, 0x000000008a200000| Untracked 
|  95|0x000000008a300000, 0x000000008a400000, 0x000000008a400000|100%| O|  |TAMS 0x000000008a300000, 0x000000008a300000| Untracked 
|  96|0x000000008a400000, 0x000000008a500000, 0x000000008a500000|100%| O|  |TAMS 0x000000008a400000, 0x000000008a400000| Untracked 
|  97|0x000000008a500000, 0x000000008a600000, 0x000000008a600000|100%| O|  |TAMS 0x000000008a500000, 0x000000008a500000| Untracked 
|  98|0x000000008a600000, 0x000000008a700000, 0x000000008a700000|100%| O|  |TAMS 0x000000008a600000, 0x000000008a600000| Untracked 
|  99|0x000000008a700000, 0x000000008a800000, 0x000000008a800000|100%| O|  |TAMS 0x000000008a700000, 0x000000008a700000| Untracked 
| 100|0x000000008a800000, 0x000000008a900000, 0x000000008a900000|100%| O|  |TAMS 0x000000008a800000, 0x000000008a800000| Untracked 
| 101|0x000000008a900000, 0x000000008aa00000, 0x000000008aa00000|100%| O|  |TAMS 0x000000008a900000, 0x000000008a900000| Untracked 
| 102|0x000000008aa00000, 0x000000008ab00000, 0x000000008ab00000|100%| O|  |TAMS 0x000000008aa00000, 0x000000008aa00000| Untracked 
| 103|0x000000008ab00000, 0x000000008ac00000, 0x000000008ac00000|100%| O|  |TAMS 0x000000008ab00000, 0x000000008ab00000| Untracked 
| 104|0x000000008ac00000, 0x000000008ad00000, 0x000000008ad00000|100%| O|  |TAMS 0x000000008ac00000, 0x000000008ac00000| Untracked 
| 105|0x000000008ad00000, 0x000000008ae00000, 0x000000008ae00000|100%| O|  |TAMS 0x000000008ad00000, 0x000000008ad00000| Untracked 
| 106|0x000000008ae00000, 0x000000008af00000, 0x000000008af00000|100%| O|  |TAMS 0x000000008ae00000, 0x000000008ae00000| Untracked 
| 107|0x000000008af00000, 0x000000008b000000, 0x000000008b000000|100%| O|  |TAMS 0x000000008af00000, 0x000000008af00000| Untracked 
| 108|0x000000008b000000, 0x000000008b100000, 0x000000008b100000|100%| O|  |TAMS 0x000000008b000000, 0x000000008b000000| Untracked 
| 109|0x000000008b100000, 0x000000008b200000, 0x000000008b200000|100%| O|  |TAMS 0x000000008b100000, 0x000000008b100000| Untracked 
| 110|0x000000008b200000, 0x000000008b200000, 0x000000008b300000|  0%| F|  |TAMS 0x000000008b200000, 0x000000008b200000| Untracked 
| 111|0x000000008b300000, 0x000000008b300000, 0x000000008b400000|  0%| F|  |TAMS 0x000000008b300000, 0x000000008b300000| Untracked 
| 112|0x000000008b400000, 0x000000008b400000, 0x000000008b500000|  0%| F|  |TAMS 0x000000008b400000, 0x000000008b400000| Untracked 
| 113|0x000000008b500000, 0x000000008b500000, 0x000000008b600000|  0%| F|  |TAMS 0x000000008b500000, 0x000000008b500000| Untracked 
| 114|0x000000008b600000, 0x000000008b600000, 0x000000008b700000|  0%| F|  |TAMS 0x000000008b600000, 0x000000008b600000| Untracked 
| 115|0x000000008b700000, 0x000000008b700000, 0x000000008b800000|  0%| F|  |TAMS 0x000000008b700000, 0x000000008b700000| Untracked 
| 116|0x000000008b800000, 0x000000008b800000, 0x000000008b900000|  0%| F|  |TAMS 0x000000008b800000, 0x000000008b800000| Untracked 
| 117|0x000000008b900000, 0x000000008b900000, 0x000000008ba00000|  0%| F|  |TAMS 0x000000008b900000, 0x000000008b900000| Untracked 
| 118|0x000000008ba00000, 0x000000008ba00000, 0x000000008bb00000|  0%| F|  |TAMS 0x000000008ba00000, 0x000000008ba00000| Untracked 
| 119|0x000000008bb00000, 0x000000008bb00000, 0x000000008bc00000|  0%| F|  |TAMS 0x000000008bb00000, 0x000000008bb00000| Untracked 
| 120|0x000000008bc00000, 0x000000008bc00000, 0x000000008bd00000|  0%| F|  |TAMS 0x000000008bc00000, 0x000000008bc00000| Untracked 
| 121|0x000000008bd00000, 0x000000008bd00000, 0x000000008be00000|  0%| F|  |TAMS 0x000000008bd00000, 0x000000008bd00000| Untracked 
| 122|0x000000008be00000, 0x000000008be00000, 0x000000008bf00000|  0%| F|  |TAMS 0x000000008be00000, 0x000000008be00000| Untracked 
| 123|0x000000008bf00000, 0x000000008bf00000, 0x000000008c000000|  0%| F|  |TAMS 0x000000008bf00000, 0x000000008bf00000| Untracked 
| 124|0x000000008c000000, 0x000000008c000000, 0x000000008c100000|  0%| F|  |TAMS 0x000000008c000000, 0x000000008c000000| Untracked 
| 125|0x000000008c100000, 0x000000008c100000, 0x000000008c200000|  0%| F|  |TAMS 0x000000008c100000, 0x000000008c100000| Untracked 
| 126|0x000000008c200000, 0x000000008c200000, 0x000000008c300000|  0%| F|  |TAMS 0x000000008c200000, 0x000000008c200000| Untracked 
| 127|0x000000008c300000, 0x000000008c300000, 0x000000008c400000|  0%| F|  |TAMS 0x000000008c300000, 0x000000008c300000| Untracked 
| 128|0x000000008c400000, 0x000000008c400000, 0x000000008c500000|  0%| F|  |TAMS 0x000000008c400000, 0x000000008c400000| Untracked 
| 129|0x000000008c500000, 0x000000008c500000, 0x000000008c600000|  0%| F|  |TAMS 0x000000008c500000, 0x000000008c500000| Untracked 
| 130|0x000000008c600000, 0x000000008c600000, 0x000000008c700000|  0%| F|  |TAMS 0x000000008c600000, 0x000000008c600000| Untracked 
| 131|0x000000008c700000, 0x000000008c700000, 0x000000008c800000|  0%| F|  |TAMS 0x000000008c700000, 0x000000008c700000| Untracked 
| 132|0x000000008c800000, 0x000000008c800000, 0x000000008c900000|  0%| F|  |TAMS 0x000000008c800000, 0x000000008c800000| Untracked 
| 133|0x000000008c900000, 0x000000008c900000, 0x000000008ca00000|  0%| F|  |TAMS 0x000000008c900000, 0x000000008c900000| Untracked 
| 134|0x000000008ca00000, 0x000000008ca00000, 0x000000008cb00000|  0%| F|  |TAMS 0x000000008ca00000, 0x000000008ca00000| Untracked 
| 135|0x000000008cb00000, 0x000000008cb00000, 0x000000008cc00000|  0%| F|  |TAMS 0x000000008cb00000, 0x000000008cb00000| Untracked 
| 136|0x000000008cc00000, 0x000000008cc00000, 0x000000008cd00000|  0%| F|  |TAMS 0x000000008cc00000, 0x000000008cc00000| Untracked 
| 137|0x000000008cd00000, 0x000000008cd00000, 0x000000008ce00000|  0%| F|  |TAMS 0x000000008cd00000, 0x000000008cd00000| Untracked 
| 138|0x000000008ce00000, 0x000000008ce00000, 0x000000008cf00000|  0%| F|  |TAMS 0x000000008ce00000, 0x000000008ce00000| Untracked 
| 139|0x000000008cf00000, 0x000000008cf00000, 0x000000008d000000|  0%| F|  |TAMS 0x000000008cf00000, 0x000000008cf00000| Untracked 
| 140|0x000000008d000000, 0x000000008d000000, 0x000000008d100000|  0%| F|  |TAMS 0x000000008d000000, 0x000000008d000000| Untracked 
| 141|0x000000008d100000, 0x000000008d100000, 0x000000008d200000|  0%| F|  |TAMS 0x000000008d100000, 0x000000008d100000| Untracked 
| 142|0x000000008d200000, 0x000000008d200000, 0x000000008d300000|  0%| F|  |TAMS 0x000000008d200000, 0x000000008d200000| Untracked 
| 143|0x000000008d300000, 0x000000008d300000, 0x000000008d400000|  0%| F|  |TAMS 0x000000008d300000, 0x000000008d300000| Untracked 
| 144|0x000000008d400000, 0x000000008d4aa0a0, 0x000000008d500000| 66%| S|CS|TAMS 0x000000008d400000, 0x000000008d400000| Complete 
| 145|0x000000008d500000, 0x000000008d600000, 0x000000008d600000|100%| S|CS|TAMS 0x000000008d500000, 0x000000008d500000| Complete 
| 146|0x000000008d600000, 0x000000008d700000, 0x000000008d700000|100%| S|CS|TAMS 0x000000008d600000, 0x000000008d600000| Complete 
| 147|0x000000008d700000, 0x000000008d800000, 0x000000008d800000|100%| S|CS|TAMS 0x000000008d700000, 0x000000008d700000| Complete 
| 148|0x000000008d800000, 0x000000008d800000, 0x000000008d900000|  0%| F|  |TAMS 0x000000008d800000, 0x000000008d800000| Untracked 
| 149|0x000000008d900000, 0x000000008d900000, 0x000000008da00000|  0%| F|  |TAMS 0x000000008d900000, 0x000000008d900000| Untracked 
| 150|0x000000008da00000, 0x000000008da00000, 0x000000008db00000|  0%| F|  |TAMS 0x000000008da00000, 0x000000008da00000| Untracked 
| 151|0x000000008db00000, 0x000000008db00000, 0x000000008dc00000|  0%| F|  |TAMS 0x000000008db00000, 0x000000008db00000| Untracked 
| 152|0x000000008dc00000, 0x000000008dc00000, 0x000000008dd00000|  0%| F|  |TAMS 0x000000008dc00000, 0x000000008dc00000| Untracked 
| 153|0x000000008dd00000, 0x000000008dd00000, 0x000000008de00000|  0%| F|  |TAMS 0x000000008dd00000, 0x000000008dd00000| Untracked 
| 154|0x000000008de00000, 0x000000008de00000, 0x000000008df00000|  0%| F|  |TAMS 0x000000008de00000, 0x000000008de00000| Untracked 
| 155|0x000000008df00000, 0x000000008df00000, 0x000000008e000000|  0%| F|  |TAMS 0x000000008df00000, 0x000000008df00000| Untracked 
| 156|0x000000008e000000, 0x000000008e000000, 0x000000008e100000|  0%| F|  |TAMS 0x000000008e000000, 0x000000008e000000| Untracked 
| 157|0x000000008e100000, 0x000000008e100000, 0x000000008e200000|  0%| F|  |TAMS 0x000000008e100000, 0x000000008e100000| Untracked 
| 158|0x000000008e200000, 0x000000008e200000, 0x000000008e300000|  0%| F|  |TAMS 0x000000008e200000, 0x000000008e200000| Untracked 
| 159|0x000000008e300000, 0x000000008e300000, 0x000000008e400000|  0%| F|  |TAMS 0x000000008e300000, 0x000000008e300000| Untracked 
| 160|0x000000008e400000, 0x000000008e400000, 0x000000008e500000|  0%| F|  |TAMS 0x000000008e400000, 0x000000008e400000| Untracked 
| 161|0x000000008e500000, 0x000000008e500000, 0x000000008e600000|  0%| F|  |TAMS 0x000000008e500000, 0x000000008e500000| Untracked 
| 162|0x000000008e600000, 0x000000008e600000, 0x000000008e700000|  0%| F|  |TAMS 0x000000008e600000, 0x000000008e600000| Untracked 
| 163|0x000000008e700000, 0x000000008e700000, 0x000000008e800000|  0%| F|  |TAMS 0x000000008e700000, 0x000000008e700000| Untracked 
| 164|0x000000008e800000, 0x000000008e800000, 0x000000008e900000|  0%| F|  |TAMS 0x000000008e800000, 0x000000008e800000| Untracked 
| 165|0x000000008e900000, 0x000000008e900000, 0x000000008ea00000|  0%| F|  |TAMS 0x000000008e900000, 0x000000008e900000| Untracked 
| 166|0x000000008ea00000, 0x000000008ea00000, 0x000000008eb00000|  0%| F|  |TAMS 0x000000008ea00000, 0x000000008ea00000| Untracked 
| 167|0x000000008eb00000, 0x000000008eb00000, 0x000000008ec00000|  0%| F|  |TAMS 0x000000008eb00000, 0x000000008eb00000| Untracked 
| 168|0x000000008ec00000, 0x000000008ec00000, 0x000000008ed00000|  0%| F|  |TAMS 0x000000008ec00000, 0x000000008ec00000| Untracked 
| 169|0x000000008ed00000, 0x000000008ed00000, 0x000000008ee00000|  0%| F|  |TAMS 0x000000008ed00000, 0x000000008ed00000| Untracked 
| 170|0x000000008ee00000, 0x000000008ee00000, 0x000000008ef00000|  0%| F|  |TAMS 0x000000008ee00000, 0x000000008ee00000| Untracked 
| 171|0x000000008ef00000, 0x000000008ef00000, 0x000000008f000000|  0%| F|  |TAMS 0x000000008ef00000, 0x000000008ef00000| Untracked 
| 172|0x000000008f000000, 0x000000008f000000, 0x000000008f100000|  0%| F|  |TAMS 0x000000008f000000, 0x000000008f000000| Untracked 
| 173|0x000000008f100000, 0x000000008f100000, 0x000000008f200000|  0%| F|  |TAMS 0x000000008f100000, 0x000000008f100000| Untracked 
| 174|0x000000008f200000, 0x000000008f200000, 0x000000008f300000|  0%| F|  |TAMS 0x000000008f200000, 0x000000008f200000| Untracked 
| 175|0x000000008f300000, 0x000000008f300000, 0x000000008f400000|  0%| F|  |TAMS 0x000000008f300000, 0x000000008f300000| Untracked 
| 176|0x000000008f400000, 0x000000008f400000, 0x000000008f500000|  0%| F|  |TAMS 0x000000008f400000, 0x000000008f400000| Untracked 
| 177|0x000000008f500000, 0x000000008f500000, 0x000000008f600000|  0%| F|  |TAMS 0x000000008f500000, 0x000000008f500000| Untracked 
| 178|0x000000008f600000, 0x000000008f600000, 0x000000008f700000|  0%| F|  |TAMS 0x000000008f600000, 0x000000008f600000| Untracked 
| 179|0x000000008f700000, 0x000000008f700000, 0x000000008f800000|  0%| F|  |TAMS 0x000000008f700000, 0x000000008f700000| Untracked 
| 180|0x000000008f800000, 0x000000008f800000, 0x000000008f900000|  0%| F|  |TAMS 0x000000008f800000, 0x000000008f800000| Untracked 
| 181|0x000000008f900000, 0x000000008f900000, 0x000000008fa00000|  0%| F|  |TAMS 0x000000008f900000, 0x000000008f900000| Untracked 
| 182|0x000000008fa00000, 0x000000008fa00000, 0x000000008fb00000|  0%| F|  |TAMS 0x000000008fa00000, 0x000000008fa00000| Untracked 
| 183|0x000000008fb00000, 0x000000008fb00000, 0x000000008fc00000|  0%| F|  |TAMS 0x000000008fb00000, 0x000000008fb00000| Untracked 
| 184|0x000000008fc00000, 0x000000008fc00000, 0x000000008fd00000|  0%| F|  |TAMS 0x000000008fc00000, 0x000000008fc00000| Untracked 
| 185|0x000000008fd00000, 0x000000008fd00000, 0x000000008fe00000|  0%| F|  |TAMS 0x000000008fd00000, 0x000000008fd00000| Untracked 
| 186|0x000000008fe00000, 0x000000008fe00000, 0x000000008ff00000|  0%| F|  |TAMS 0x000000008fe00000, 0x000000008fe00000| Untracked 
| 187|0x000000008ff00000, 0x000000008ff00000, 0x0000000090000000|  0%| F|  |TAMS 0x000000008ff00000, 0x000000008ff00000| Untracked 
| 188|0x0000000090000000, 0x0000000090000000, 0x0000000090100000|  0%| F|  |TAMS 0x0000000090000000, 0x0000000090000000| Untracked 
| 189|0x0000000090100000, 0x0000000090100000, 0x0000000090200000|  0%| F|  |TAMS 0x0000000090100000, 0x0000000090100000| Untracked 
| 190|0x0000000090200000, 0x0000000090200000, 0x0000000090300000|  0%| F|  |TAMS 0x0000000090200000, 0x0000000090200000| Untracked 
| 191|0x0000000090300000, 0x0000000090300000, 0x0000000090400000|  0%| F|  |TAMS 0x0000000090300000, 0x0000000090300000| Untracked 
| 192|0x0000000090400000, 0x0000000090400000, 0x0000000090500000|  0%| F|  |TAMS 0x0000000090400000, 0x0000000090400000| Untracked 
| 193|0x0000000090500000, 0x0000000090500000, 0x0000000090600000|  0%| F|  |TAMS 0x0000000090500000, 0x0000000090500000| Untracked 
| 243|0x0000000093700000, 0x0000000093700000, 0x0000000093800000|  0%| F|  |TAMS 0x0000000093700000, 0x0000000093700000| Untracked 
| 244|0x0000000093800000, 0x0000000093800000, 0x0000000093900000|  0%| F|  |TAMS 0x0000000093800000, 0x0000000093800000| Untracked 
| 245|0x0000000093900000, 0x0000000093900000, 0x0000000093a00000|  0%| F|  |TAMS 0x0000000093900000, 0x0000000093900000| Untracked 

Card table byte_map: [0x0000025e7e650000,0x0000025e7ea30000] _byte_map_base: 0x0000025e7e22e000

Marking Bits (Prev, Next): (CMBitMap*) 0x0000025e7898fff0, (CMBitMap*) 0x0000025e7898ffb0
 Prev Bits: [0x0000025e10ef0000, 0x0000025e12de0000)
 Next Bits: [0x0000025e0f000000, 0x0000025e10ef0000)

Polling page: 0x0000025e789f0000

Metaspace:

Usage:
  Non-class:     75.03 MB used.
      Class:      9.21 MB used.
       Both:     84.23 MB used.

Virtual space:
  Non-class space:      128.00 MB reserved,      75.19 MB ( 59%) committed,  2 nodes.
      Class space:        1.00 GB reserved,       9.38 MB ( <1%) committed,  1 nodes.
             Both:        1.12 GB reserved,      84.56 MB (  7%) committed. 

Chunk freelists:
   Non-Class:  4.81 MB
       Class:  6.66 MB
        Both:  11.47 MB

MaxMetaspaceSize: unlimited
CompressedClassSpaceSize: 1.00 GB
Initial GC threshold: 21.00 MB
Current GC threshold: 92.81 MB
CDS: off
MetaspaceReclaimPolicy: balanced
 - commit_granule_bytes: 65536.
 - commit_granule_words: 8192.
 - virtual_space_node_default_size: 8388608.
 - enlarge_chunks_in_place: 1.
 - new_chunks_are_fully_committed: 0.
 - uncommit_free_chunks: 1.
 - use_allocation_guard: 0.
 - handle_deallocations: 1.


Internal statistics:

num_allocs_failed_limit: 6.
num_arena_births: 458.
num_arena_deaths: 0.
num_vsnodes_births: 3.
num_vsnodes_deaths: 0.
num_space_committed: 1351.
num_space_uncommitted: 0.
num_chunks_returned_to_freelist: 6.
num_chunks_taken_from_freelist: 3259.
num_chunk_merges: 6.
num_chunk_splits: 2666.
num_chunks_enlarged: 2313.
num_inconsistent_stats: 0.

CodeHeap 'non-profiled nmethods': size=120000Kb used=6745Kb max_used=6745Kb free=113254Kb
 bounds [0x0000025e07ad0000, 0x0000025e08170000, 0x0000025e0f000000]
CodeHeap 'profiled nmethods': size=120000Kb used=35041Kb max_used=35041Kb free=84958Kb
 bounds [0x0000025e00000000, 0x0000025e02250000, 0x0000025e07530000]
CodeHeap 'non-nmethods': size=5760Kb used=1413Kb max_used=1460Kb free=4346Kb
 bounds [0x0000025e07530000, 0x0000025e077a0000, 0x0000025e07ad0000]
 total_blobs=13555 nmethods=12812 adapters=651
 compilation: enabled
              stopped_count=0, restarted_count=0
 full_count=0

Compilation events (20 events):
Event: 16.767 Thread 0x0000025e19051ed0 nmethod 15883 0x0000025e02237610 code [0x0000025e022377e0, 0x0000025e02237a68]
Event: 16.767 Thread 0x0000025e19051ed0 15884       3       gnu.trove.TIntHash::insertionIndex (223 bytes)
Event: 16.768 Thread 0x0000025e19051ed0 nmethod 15884 0x0000025e02237b90 code [0x0000025e02237dc0, 0x0000025e02238758]
Event: 16.768 Thread 0x0000025e19051ed0 15892       3       org.jetbrains.kotlin.backend.jvm.mapping.IrTypeCheckerContextForTypeMapping::isInlineClass (18 bytes)
Event: 16.768 Thread 0x0000025e19051ed0 nmethod 15892 0x0000025e02238a90 code [0x0000025e02238ca0, 0x0000025e02239308]
Event: 16.768 Thread 0x0000025e19051ed0 15891       3       org.jetbrains.kotlin.backend.jvm.ir.JvmIrUtilsKt::constantValue (130 bytes)
Event: 16.769 Thread 0x0000025e19051ed0 nmethod 15891 0x0000025e02239590 code [0x0000025e02239960, 0x0000025e0223b3d8]
Event: 16.769 Thread 0x0000025e19051ed0 15893       3       java.util.BitSet::set (18 bytes)
Event: 16.770 Thread 0x0000025e19051ed0 nmethod 15893 0x0000025e0223bb10 code [0x0000025e0223bcc0, 0x0000025e0223bf98]
Event: 16.770 Thread 0x0000025e19051ed0 15894       3       org.jetbrains.org.objectweb.asm.MethodVisitor::visitTypeInsn (17 bytes)
Event: 16.770 Thread 0x0000025e19051ed0 nmethod 15894 0x0000025e0223c090 code [0x0000025e0223c240, 0x0000025e0223c448]
Event: 16.770 Thread 0x0000025e19051ed0 15878       3       org.jetbrains.kotlin.backend.jvm.ir.JvmIrInlineUtilsKt::isInlineOnly (98 bytes)
Event: 16.771 Thread 0x0000025e19051ed0 nmethod 15878 0x0000025e0223c510 code [0x0000025e0223c7e0, 0x0000025e0223d888]
Event: 16.771 Thread 0x0000025e19051ed0 15895       3       org.jetbrains.kotlin.backend.jvm.codegen.PromisedValueKt::materializeAt (26 bytes)
Event: 16.772 Thread 0x0000025e19051ed0 nmethod 15895 0x0000025e0223dc90 code [0x0000025e0223dfa0, 0x0000025e0223ef08]
Event: 16.772 Thread 0x0000025e19051ed0 15897       3       org.jetbrains.org.objectweb.asm.MethodVisitor::visitMaxs (17 bytes)
Event: 16.772 Thread 0x0000025e19051ed0 nmethod 15897 0x0000025e0223f490 code [0x0000025e0223f640, 0x0000025e0223f848]
Event: 16.772 Thread 0x0000025e19051ed0 15896       3       org.jetbrains.org.objectweb.asm.tree.MethodNode::visitMethodInsn (59 bytes)
Event: 16.773 Thread 0x0000025e19051ed0 nmethod 15896 0x0000025e0223f910 code [0x0000025e0223fb00, 0x0000025e02240018]
Event: 16.773 Thread 0x0000025e19051ed0 15873       3       org.jetbrains.kotlin.backend.jvm.mapping.MethodSignatureMapper::forceBoxedReturnTypeOnDefaultImplFun (40 bytes)

GC Heap History (20 events):
Event: 6.421 GC heap after
{Heap after GC invocations=22 (full 0):
 garbage-first heap   total 95232K, used 55626K [0x0000000084400000, 0x0000000100000000)
  region size 1024K, 3 young (3072K), 3 survivors (3072K)
 Metaspace       used 56944K, committed 57152K, reserved 1114112K
  class space    used 6709K, committed 6784K, reserved 1048576K
}
Event: 6.426 GC heap before
{Heap before GC invocations=22 (full 0):
 garbage-first heap   total 95232K, used 56650K [0x0000000084400000, 0x0000000100000000)
  region size 1024K, 4 young (4096K), 3 survivors (3072K)
 Metaspace       used 56944K, committed 57152K, reserved 1114112K
  class space    used 6709K, committed 6784K, reserved 1048576K
}
Event: 6.436 GC heap after
{Heap after GC invocations=23 (full 0):
 garbage-first heap   total 95232K, used 55467K [0x0000000084400000, 0x0000000100000000)
  region size 1024K, 1 young (1024K), 1 survivors (1024K)
 Metaspace       used 56944K, committed 57152K, reserved 1114112K
  class space    used 6709K, committed 6784K, reserved 1048576K
}
Event: 6.529 GC heap before
{Heap before GC invocations=23 (full 0):
 garbage-first heap   total 95232K, used 75947K [0x0000000084400000, 0x0000000100000000)
  region size 1024K, 21 young (21504K), 1 survivors (1024K)
 Metaspace       used 56944K, committed 57152K, reserved 1114112K
  class space    used 6709K, committed 6784K, reserved 1048576K
}
Event: 6.534 GC heap after
{Heap after GC invocations=24 (full 0):
 garbage-first heap   total 251904K, used 56687K [0x0000000084400000, 0x0000000100000000)
  region size 1024K, 2 young (2048K), 2 survivors (2048K)
 Metaspace       used 56944K, committed 57152K, reserved 1114112K
  class space    used 6709K, committed 6784K, reserved 1048576K
}
Event: 7.194 GC heap before
{Heap before GC invocations=25 (full 0):
 garbage-first heap   total 201728K, used 176495K [0x0000000084400000, 0x0000000100000000)
  region size 1024K, 120 young (122880K), 2 survivors (2048K)
 Metaspace       used 56965K, committed 57152K, reserved 1114112K
  class space    used 6709K, committed 6784K, reserved 1048576K
}
Event: 7.207 GC heap after
{Heap after GC invocations=26 (full 0):
 garbage-first heap   total 201728K, used 68544K [0x0000000084400000, 0x0000000100000000)
  region size 1024K, 14 young (14336K), 14 survivors (14336K)
 Metaspace       used 56965K, committed 57152K, reserved 1114112K
  class space    used 6709K, committed 6784K, reserved 1048576K
}
Event: 7.208 GC heap before
{Heap before GC invocations=26 (full 0):
 garbage-first heap   total 201728K, used 69568K [0x0000000084400000, 0x0000000100000000)
  region size 1024K, 15 young (15360K), 14 survivors (14336K)
 Metaspace       used 56965K, committed 57152K, reserved 1114112K
  class space    used 6709K, committed 6784K, reserved 1048576K
}
Event: 7.216 GC heap after
{Heap after GC invocations=27 (full 0):
 garbage-first heap   total 201728K, used 69247K [0x0000000084400000, 0x0000000100000000)
  region size 1024K, 1 young (1024K), 1 survivors (1024K)
 Metaspace       used 56965K, committed 57152K, reserved 1114112K
  class space    used 6709K, committed 6784K, reserved 1048576K
}
Event: 7.879 GC heap before
{Heap before GC invocations=27 (full 0):
 garbage-first heap   total 201728K, used 149119K [0x0000000084400000, 0x0000000100000000)
  region size 1024K, 79 young (80896K), 1 survivors (1024K)
 Metaspace       used 58183K, committed 58432K, reserved 1114112K
  class space    used 6800K, committed 6912K, reserved 1048576K
}
Event: 7.891 GC heap after
{Heap after GC invocations=28 (full 0):
 garbage-first heap   total 201728K, used 80384K [0x0000000084400000, 0x0000000100000000)
  region size 1024K, 10 young (10240K), 10 survivors (10240K)
 Metaspace       used 58183K, committed 58432K, reserved 1114112K
  class space    used 6800K, committed 6912K, reserved 1048576K
}
Event: 10.234 GC heap before
{Heap before GC invocations=28 (full 0):
 garbage-first heap   total 201728K, used 154112K [0x0000000084400000, 0x0000000100000000)
  region size 1024K, 81 young (82944K), 10 survivors (10240K)
 Metaspace       used 60705K, committed 60928K, reserved 1114112K
  class space    used 6898K, committed 6976K, reserved 1048576K
}
Event: 10.250 GC heap after
{Heap after GC invocations=29 (full 0):
 garbage-first heap   total 201728K, used 87002K [0x0000000084400000, 0x0000000100000000)
  region size 1024K, 9 young (9216K), 9 survivors (9216K)
 Metaspace       used 60705K, committed 60928K, reserved 1114112K
  class space    used 6898K, committed 6976K, reserved 1048576K
}
Event: 12.143 GC heap before
{Heap before GC invocations=29 (full 0):
 garbage-first heap   total 201728K, used 158682K [0x0000000084400000, 0x0000000100000000)
  region size 1024K, 77 young (78848K), 9 survivors (9216K)
 Metaspace       used 65892K, committed 66240K, reserved 1114112K
  class space    used 7388K, committed 7552K, reserved 1048576K
}
Event: 12.162 GC heap after
{Heap after GC invocations=30 (full 0):
 garbage-first heap   total 201728K, used 95420K [0x0000000084400000, 0x0000000100000000)
  region size 1024K, 7 young (7168K), 7 survivors (7168K)
 Metaspace       used 65892K, committed 66240K, reserved 1114112K
  class space    used 7388K, committed 7552K, reserved 1048576K
}
Event: 13.959 GC heap before
{Heap before GC invocations=30 (full 0):
 garbage-first heap   total 201728K, used 160956K [0x0000000084400000, 0x0000000100000000)
  region size 1024K, 71 young (72704K), 7 survivors (7168K)
 Metaspace       used 71754K, committed 72064K, reserved 1114112K
  class space    used 8033K, committed 8192K, reserved 1048576K
}
Event: 13.982 GC heap after
{Heap after GC invocations=31 (full 0):
 garbage-first heap   total 201728K, used 105222K [0x0000000084400000, 0x0000000100000000)
  region size 1024K, 9 young (9216K), 9 survivors (9216K)
 Metaspace       used 71754K, committed 72064K, reserved 1114112K
  class space    used 8033K, committed 8192K, reserved 1048576K
}
Event: 15.343 GC heap before
{Heap before GC invocations=31 (full 0):
 garbage-first heap   total 201728K, used 161542K [0x0000000084400000, 0x0000000100000000)
  region size 1024K, 64 young (65536K), 9 survivors (9216K)
 Metaspace       used 78712K, committed 79104K, reserved 1179648K
  class space    used 8744K, committed 8960K, reserved 1048576K
}
Event: 15.365 GC heap after
{Heap after GC invocations=32 (full 0):
 garbage-first heap   total 201728K, used 112798K [0x0000000084400000, 0x0000000100000000)
  region size 1024K, 7 young (7168K), 7 survivors (7168K)
 Metaspace       used 78712K, committed 79104K, reserved 1179648K
  class space    used 8744K, committed 8960K, reserved 1048576K
}
Event: 16.774 GC heap before
{Heap before GC invocations=32 (full 0):
 garbage-first heap   total 201728K, used 162974K [0x0000000084400000, 0x0000000100000000)
  region size 1024K, 56 young (57344K), 7 survivors (7168K)
 Metaspace       used 86256K, committed 86592K, reserved 1179648K
  class space    used 9430K, committed 9600K, reserved 1048576K
}

Dll operation events (2 events):
Event: 0.005 Loaded shared library C:\Program Files\Android\Android Studio\jbr\bin\java.dll
Event: 1.540 Loaded shared library C:\Program Files\Android\Android Studio\jbr\bin\verify.dll

Deoptimization events (20 events):
Event: 16.730 Thread 0x0000025e78934c00 DEOPT PACKING pc=0x0000025e07b21444 sp=0x000000ec520f7620
Event: 16.730 Thread 0x0000025e78934c00 DEOPT UNPACKING pc=0x0000025e075869a3 sp=0x000000ec520f75c0 mode 2
Event: 16.731 Thread 0x0000025e78934c00 Uncommon trap: trap_request=0xffffff45 fr.pc=0x0000025e07d8869c relative=0x00000000000000fc
Event: 16.731 Thread 0x0000025e78934c00 Uncommon trap: reason=unstable_if action=reinterpret pc=0x0000025e07d8869c method=java.lang.StringLatin1.lastIndexOf([BI[BII)I @ 32 c2
Event: 16.731 Thread 0x0000025e78934c00 DEOPT PACKING pc=0x0000025e07d8869c sp=0x000000ec520f7420
Event: 16.731 Thread 0x0000025e78934c00 DEOPT UNPACKING pc=0x0000025e075869a3 sp=0x000000ec520f7280 mode 2
Event: 16.732 Thread 0x0000025e78934c00 Uncommon trap: trap_request=0xffffff45 fr.pc=0x0000025e07d87f70 relative=0x00000000000000d0
Event: 16.732 Thread 0x0000025e78934c00 Uncommon trap: reason=unstable_if action=reinterpret pc=0x0000025e07d87f70 method=java.lang.StringLatin1.lastIndexOf([BI[BII)I @ 32 c2
Event: 16.732 Thread 0x0000025e78934c00 DEOPT PACKING pc=0x0000025e07d87f70 sp=0x000000ec520f73a0
Event: 16.732 Thread 0x0000025e78934c00 DEOPT UNPACKING pc=0x0000025e075869a3 sp=0x000000ec520f7280 mode 2
Event: 16.732 Thread 0x0000025e78934c00 Uncommon trap: trap_request=0xffffff45 fr.pc=0x0000025e07db163c relative=0x000000000000009c
Event: 16.732 Thread 0x0000025e78934c00 Uncommon trap: reason=unstable_if action=reinterpret pc=0x0000025e07db163c method=java.lang.StringLatin1.lastIndexOf([BI[BII)I @ 32 c2
Event: 16.732 Thread 0x0000025e78934c00 DEOPT PACKING pc=0x0000025e07db163c sp=0x000000ec520f7190
Event: 16.732 Thread 0x0000025e78934c00 DEOPT UNPACKING pc=0x0000025e075869a3 sp=0x000000ec520f7110 mode 2
Event: 16.732 Thread 0x0000025e78934c00 Uncommon trap: trap_request=0xffffffc6 fr.pc=0x0000025e07d25374 relative=0x0000000000000d34
Event: 16.732 Thread 0x0000025e78934c00 Uncommon trap: reason=bimorphic_or_optimized_type_check action=maybe_recompile pc=0x0000025e07d25374 method=gnu.trove.THash.postInsertHook(Z)V @ 60 c2
Event: 16.732 Thread 0x0000025e78934c00 DEOPT PACKING pc=0x0000025e07d25374 sp=0x000000ec520f7350
Event: 16.732 Thread 0x0000025e78934c00 DEOPT UNPACKING pc=0x0000025e075869a3 sp=0x000000ec520f7338 mode 2
Event: 16.740 Thread 0x0000025e78934c00 DEOPT PACKING pc=0x0000025e003da943 sp=0x000000ec520f4b40
Event: 16.740 Thread 0x0000025e78934c00 DEOPT UNPACKING pc=0x0000025e07587143 sp=0x000000ec520f4060 mode 0

Classes unloaded (0 events):
No events

Classes redefined (0 events):
No events

Internal exceptions (20 events):
Event: 5.536 Thread 0x0000025e78934c00 Implicit null exception at 0x0000025e07d424ad to 0x0000025e07d42864
Event: 5.557 Thread 0x0000025e78934c00 Implicit null exception at 0x0000025e07be0089 to 0x0000025e07be0170
Event: 5.557 Thread 0x0000025e78934c00 Implicit null exception at 0x0000025e07b38958 to 0x0000025e07b389ea
Event: 5.668 Thread 0x0000025e78934c00 Exception <a 'java/lang/NoSuchMethodError'{0x0000000089dab210}: 'java.lang.Object java.lang.invoke.DirectMethodHandle$Holder.invokeInterface(java.lang.Object, java.lang.Object, java.lang.Object)'> (0x0000000089dab210) 
thrown [s\src\hotspot\share\interpreter\linkResolver.cpp, line 771]
Event: 5.668 Thread 0x0000025e78934c00 Exception <a 'java/lang/IncompatibleClassChangeError'{0x0000000089daeb80}: Found class java.lang.Object, but interface was expected> (0x0000000089daeb80) 
thrown [s\src\hotspot\share\interpreter\linkResolver.cpp, line 838]
Event: 5.877 Thread 0x0000025e78934c00 Exception <a 'java/lang/NoSuchMethodError'{0x0000000089228960}: 'int java.lang.invoke.DirectMethodHandle$Holder.invokeStaticInit(java.lang.Object, int)'> (0x0000000089228960) 
thrown [s\src\hotspot\share\interpreter\linkResolver.cpp, line 771]
Event: 7.921 Thread 0x0000025e78934c00 Exception <a 'java/lang/NoSuchMethodError'{0x0000000093817fd8}: 'java.lang.Object java.lang.invoke.DirectMethodHandle$Holder.newInvokeSpecial(java.lang.Object, java.lang.Object, java.lang.Object, java.lang.Object, java.lang.Object, java.lang.Object, java.lang.Object)'> (0x0000000093817fd8) 
thrown [s\src\hotspot\share\interpreter\linkResolver.cpp, line 771]
Event: 7.922 Thread 0x0000025e78934c00 Exception <a 'java/lang/NoSuchMethodError'{0x000000009381eb70}: 'java.lang.Object java.lang.invoke.Invokers$Holder.linkToTargetMethod(java.lang.Object, java.lang.Object, java.lang.Object, java.lang.Object, java.lang.Object, java.lang.Object, java.lang.Object)'> (0x000000009381eb70) 
thrown [s\src\hotspot\share\interpreter\linkResolver.cpp, line 771]
Event: 9.592 Thread 0x0000025e78934c00 Implicit null exception at 0x0000025e07e49df7 to 0x0000025e07e4b980
Event: 10.782 Thread 0x0000025e78934c00 Implicit null exception at 0x0000025e07ed8cac to 0x0000025e07ed8d6c
Event: 11.391 Thread 0x0000025e78934c00 Implicit null exception at 0x0000025e07b719ea to 0x0000025e07b71ba8
Event: 11.869 Thread 0x0000025e78934c00 Exception <a 'java/lang/NoSuchMethodError'{0x000000008ce23218}: 'java.lang.Object java.lang.invoke.DirectMethodHandle$Holder.invokeStaticInit(java.lang.Object, java.lang.Object, java.lang.Object, java.lang.Object)'> (0x000000008ce23218) 
thrown [s\src\hotspot\share\interpreter\linkResolver.cpp, line 771]
Event: 12.284 Thread 0x0000025e78934c00 Exception <a 'java/lang/NoSuchMethodError'{0x000000009044fea8}: 'java.lang.Object java.lang.invoke.DirectMethodHandle$Holder.newInvokeSpecial(java.lang.Object, java.lang.Object, java.lang.Object, int, int)'> (0x000000009044fea8) 
thrown [s\src\hotspot\share\interpreter\linkResolver.cpp, line 771]
Event: 12.285 Thread 0x0000025e78934c00 Exception <a 'java/lang/NoSuchMethodError'{0x0000000090453ce8}: 'java.lang.Object java.lang.invoke.DirectMethodHandle$Holder.invokeSpecial(java.lang.Object, java.lang.Object, java.lang.Object, java.lang.Object, int, int)'> (0x0000000090453ce8) 
thrown [s\src\hotspot\share\interpreter\linkResolver.cpp, line 771]
Event: 12.387 Thread 0x0000025e78934c00 Exception <a 'java/lang/NoSuchMethodError'{0x0000000090141780}: 'java.lang.Object java.lang.invoke.DirectMethodHandle$Holder.invokeSpecial(java.lang.Object, java.lang.Object, int, int, java.lang.Object, java.lang.Object, java.lang.Object, java.lang.Object, java.lang.Object)'> (0x0000000090141780) 
thrown [s\src\hotspot\share\interpreter\linkResolver.cpp, line 771]
Event: 12.404 Thread 0x0000025e78934c00 Implicit null exception at 0x0000025e07b3e76d to 0x0000025e07b3e98c
Event: 12.417 Thread 0x0000025e78934c00 Exception <a 'java/lang/NoSuchMethodError'{0x00000000901d4168}: 'java.lang.Object java.lang.invoke.DirectMethodHandle$Holder.invokeStatic(java.lang.Object, int, java.lang.Object)'> (0x00000000901d4168) 
thrown [s\src\hotspot\share\interpreter\linkResolver.cpp, line 771]
Event: 12.428 Thread 0x0000025e78934c00 Exception <a 'java/lang/NoSuchMethodError'{0x00000000901f9c70}: 'java.lang.Object java.lang.invoke.DirectMethodHandle$Holder.newInvokeSpecial(java.lang.Object, int, java.lang.Object, java.lang.Object)'> (0x00000000901f9c70) 
thrown [s\src\hotspot\share\interpreter\linkResolver.cpp, line 771]
Event: 12.713 Thread 0x0000025e78934c00 Exception <a 'java/lang/NoSuchMethodError'{0x000000008f703220}: 'java.lang.Object java.lang.invoke.DirectMethodHandle$Holder.newInvokeSpecial(java.lang.Object, java.lang.Object, int, int, java.lang.Object, java.lang.Object, java.lang.Object)'> (0x000000008f703220) 
thrown [s\src\hotspot\share\interpreter\linkResolver.cpp, line 771]
Event: 12.713 Thread 0x0000025e78934c00 Exception <a 'java/lang/NoSuchMethodError'{0x000000008f708018}: 'java.lang.Object java.lang.invoke.DirectMethodHandle$Holder.invokeSpecial(java.lang.Object, java.lang.Object, java.lang.Object, int, int, java.lang.Object, java.lang.Object, java.lang.Object)'> (0x000000008f708018) 
thrown [s\src\hotspot\share\interpreter\linkResolver.cpp, line 771]

VM Operations (20 events):
Event: 16.239 Executing VM operation: HandshakeAllThreads done
Event: 16.340 Executing VM operation: ICBufferFull
Event: 16.340 Executing VM operation: ICBufferFull done
Event: 16.405 Executing VM operation: HandshakeAllThreads
Event: 16.405 Executing VM operation: HandshakeAllThreads done
Event: 16.414 Executing VM operation: HandshakeAllThreads
Event: 16.414 Executing VM operation: HandshakeAllThreads done
Event: 16.420 Executing VM operation: HandshakeAllThreads
Event: 16.420 Executing VM operation: HandshakeAllThreads done
Event: 16.422 Executing VM operation: HandshakeAllThreads
Event: 16.422 Executing VM operation: HandshakeAllThreads done
Event: 16.621 Executing VM operation: ICBufferFull
Event: 16.621 Executing VM operation: ICBufferFull done
Event: 16.632 Executing VM operation: HandshakeAllThreads
Event: 16.632 Executing VM operation: HandshakeAllThreads done
Event: 16.688 Executing VM operation: HandshakeAllThreads
Event: 16.688 Executing VM operation: HandshakeAllThreads done
Event: 16.716 Executing VM operation: ICBufferFull
Event: 16.717 Executing VM operation: ICBufferFull done
Event: 16.774 Executing VM operation: G1CollectForAllocation

Events (20 events):
Event: 16.697 Thread 0x0000025e190537f0 flushing nmethod 0x0000025e004dc810
Event: 16.698 Thread 0x0000025e190537f0 flushing nmethod 0x0000025e00565190
Event: 16.700 Thread 0x0000025e190537f0 flushing nmethod 0x0000025e0070b910
Event: 16.702 Thread 0x0000025e190537f0 flushing nmethod 0x0000025e0086b310
Event: 16.702 Thread 0x0000025e190537f0 flushing nmethod 0x0000025e008e8810
Event: 16.703 Thread 0x0000025e190537f0 flushing nmethod 0x0000025e00a2ed10
Event: 16.703 Thread 0x0000025e190537f0 flushing nmethod 0x0000025e00a66190
Event: 16.704 Thread 0x0000025e190537f0 flushing nmethod 0x0000025e00b20310
Event: 16.705 Thread 0x0000025e190537f0 flushing nmethod 0x0000025e00c76d10
Event: 16.706 Thread 0x0000025e190537f0 flushing nmethod 0x0000025e00dadf10
Event: 16.706 Thread 0x0000025e190537f0 flushing nmethod 0x0000025e00e8ac10
Event: 16.708 Thread 0x0000025e190537f0 flushing nmethod 0x0000025e01155390
Event: 16.708 Thread 0x0000025e190537f0 flushing nmethod 0x0000025e011a0510
Event: 16.711 Thread 0x0000025e190537f0 flushing nmethod 0x0000025e01445690
Event: 16.712 Thread 0x0000025e190537f0 flushing nmethod 0x0000025e0148c510
Event: 16.712 Thread 0x0000025e190537f0 flushing nmethod 0x0000025e01583390
Event: 16.715 Thread 0x0000025e190537f0 flushing nmethod 0x0000025e0193e190
Event: 16.718 Thread 0x0000025e190537f0 flushing nmethod 0x0000025e01b6f190
Event: 16.718 Thread 0x0000025e190537f0 flushing nmethod 0x0000025e01b7e510
Event: 16.718 Thread 0x0000025e190537f0 flushing nmethod 0x0000025e01b95190


Dynamic libraries:
0x00007ff79adc0000 - 0x00007ff79adca000 	C:\Program Files\Android\Android Studio\jbr\bin\java.exe
0x00007ff813890000 - 0x00007ff813aa4000 	C:\Windows\SYSTEM32\ntdll.dll
0x00007ff812f60000 - 0x00007ff813023000 	C:\Windows\System32\KERNEL32.DLL
0x00007ff8112e0000 - 0x00007ff81167d000 	C:\Windows\System32\KERNELBASE.dll
0x00007ff811070000 - 0x00007ff811181000 	C:\Windows\System32\ucrtbase.dll
0x00007ff80d9b0000 - 0x00007ff80d9cb000 	C:\Program Files\Android\Android Studio\jbr\bin\VCRUNTIME140.dll
0x00007fffe9dd0000 - 0x00007fffe9de7000 	C:\Program Files\Android\Android Studio\jbr\bin\jli.dll
0x00007ff813160000 - 0x00007ff81330d000 	C:\Windows\System32\USER32.dll
0x00007ff8112b0000 - 0x00007ff8112d6000 	C:\Windows\System32\win32u.dll
0x00007ff813580000 - 0x00007ff8135a9000 	C:\Windows\System32\GDI32.dll
0x00007ffff4480000 - 0x00007ffff470e000 	C:\Windows\WinSxS\amd64_microsoft.windows.common-controls_6595b64144ccf1df_6.0.22621.608_none_a9444ca7c10bb01d\COMCTL32.dll
0x00007ff810cb0000 - 0x00007ff810dc2000 	C:\Windows\System32\gdi32full.dll
0x00007ff811190000 - 0x00007ff81122a000 	C:\Windows\System32\msvcp_win.dll
0x00007ff813090000 - 0x00007ff813137000 	C:\Windows\System32\msvcrt.dll
0x00007ff811680000 - 0x00007ff8116b2000 	C:\Windows\System32\IMM32.DLL
0x00007ff80bcd0000 - 0x00007ff80bcdc000 	C:\Program Files\Android\Android Studio\jbr\bin\vcruntime140_1.dll
0x00007ffff9f20000 - 0x00007ffff9fad000 	C:\Program Files\Android\Android Studio\jbr\bin\msvcp140.dll
0x00007fffaee60000 - 0x00007fffafae3000 	C:\Program Files\Android\Android Studio\jbr\bin\server\jvm.dll
0x00007ff812eb0000 - 0x00007ff812f5e000 	C:\Windows\System32\ADVAPI32.dll
0x00007ff8116c0000 - 0x00007ff811764000 	C:\Windows\System32\sechost.dll
0x00007ff811b20000 - 0x00007ff811c35000 	C:\Windows\System32\RPCRT4.dll
0x00007ff810b80000 - 0x00007ff810bcd000 	C:\Windows\SYSTEM32\POWRPROF.dll
0x00007fffeb460000 - 0x00007fffeb469000 	C:\Windows\SYSTEM32\WSOCK32.dll
0x00007ff809aa0000 - 0x00007ff809ad4000 	C:\Windows\SYSTEM32\WINMM.dll
0x00007ff800000000 - 0x00007ff80000a000 	C:\Windows\SYSTEM32\VERSION.dll
0x00007ff8135b0000 - 0x00007ff813621000 	C:\Windows\System32\WS2_32.dll
0x00007ff810b60000 - 0x00007ff810b73000 	C:\Windows\SYSTEM32\UMPDC.dll
0x00007ff80fcc0000 - 0x00007ff80fcd8000 	C:\Windows\SYSTEM32\kernel.appcore.dll
0x00007ff800310000 - 0x00007ff80031a000 	C:\Program Files\Android\Android Studio\jbr\bin\jimage.dll
0x00007ff80e650000 - 0x00007ff80e87e000 	C:\Windows\SYSTEM32\DBGHELP.DLL
0x00007ff812910000 - 0x00007ff812c9a000 	C:\Windows\System32\combase.dll
0x00007ff813310000 - 0x00007ff8133e7000 	C:\Windows\System32\OLEAUT32.dll
0x00007ffff4070000 - 0x00007ffff40a2000 	C:\Windows\SYSTEM32\dbgcore.DLL
0x00007ff811230000 - 0x00007ff8112ab000 	C:\Windows\System32\bcryptPrimitives.dll
0x00007ff8002e0000 - 0x00007ff800305000 	C:\Program Files\Android\Android Studio\jbr\bin\java.dll
0x00007ff8002c0000 - 0x00007ff8002d8000 	C:\Program Files\Android\Android Studio\jbr\bin\zip.dll
0x00007ff812120000 - 0x00007ff81290f000 	C:\Windows\System32\SHELL32.dll
0x00007ff80ec80000 - 0x00007ff80f548000 	C:\Windows\SYSTEM32\windows.storage.dll
0x00007ff80eb40000 - 0x00007ff80ec7e000 	C:\Windows\SYSTEM32\wintypes.dll
0x00007ff811a20000 - 0x00007ff811b11000 	C:\Windows\System32\SHCORE.dll
0x00007ff811c40000 - 0x00007ff811c9e000 	C:\Windows\System32\shlwapi.dll
0x00007ff810be0000 - 0x00007ff810c01000 	C:\Windows\SYSTEM32\profapi.dll
0x00007ff8002a0000 - 0x00007ff8002b9000 	C:\Program Files\Android\Android Studio\jbr\bin\net.dll
0x00007ff80b530000 - 0x00007ff80b65f000 	C:\Windows\SYSTEM32\WINHTTP.dll
0x00007ff810120000 - 0x00007ff810189000 	C:\Windows\system32\mswsock.dll
0x00007ff800280000 - 0x00007ff800296000 	C:\Program Files\Android\Android Studio\jbr\bin\nio.dll
0x00007ffff9df0000 - 0x00007ffff9e00000 	C:\Program Files\Android\Android Studio\jbr\bin\verify.dll

dbghelp: loaded successfully - version: 4.0.5 - missing functions: none
symbol engine: initialized successfully - sym options: 0x614 - pdb path: .;C:\Program Files\Android\Android Studio\jbr\bin;C:\Windows\SYSTEM32;C:\Windows\WinSxS\amd64_microsoft.windows.common-controls_6595b64144ccf1df_6.0.22621.608_none_a9444ca7c10bb01d;C:\Program Files\Android\Android Studio\jbr\bin\server

VM Arguments:
java_command: org.jetbrains.kotlin.cli.jvm.K2JVMCompiler @D:\Mobile\Kisaan1.0\app\build\20240414_184618794320565823.compiler.options
java_class_path (initial): C:\Users\Sibgha Tullah\.gradle\caches\modules-2\files-2.1\org.jetbrains.kotlin\kotlin-compiler-embeddable\1.9.0\2c8c3a7402becca891f12739b3e9fd2dc2adbd7a\kotlin-compiler-embeddable-1.9.0.jar;C:\Users\Sibgha Tullah\.gradle\caches\modules-2\files-2.1\org.jetbrains.kotlin\kotlin-stdlib\1.9.0\8ee15ef0c67dc83d874f412d84378d7f0eb50b63\kotlin-stdlib-1.9.0.jar;C:\Users\Sibgha Tullah\.gradle\caches\modules-2\files-2.1\org.jetbrains.kotlin\kotlin-script-runtime\1.9.0\4b3102cbbb7e1b58d9d1adf89563f00069ffa7d1\kotlin-script-runtime-1.9.0.jar;C:\Users\Sibgha Tullah\.gradle\caches\modules-2\files-2.1\org.jetbrains.kotlin\kotlin-reflect\1.6.10\1cbe9c92c12a94eea200d23c2bbaedaf3daf5132\kotlin-reflect-1.6.10.jar;C:\Users\Sibgha Tullah\.gradle\caches\modules-2\files-2.1\org.jetbrains.kotlin\kotlin-daemon-embeddable\1.9.0\186543f5e28cf8d9a0290fecc2cf34301c40a65c\kotlin-daemon-embeddable-1.9.0.jar;C:\Users\Sibgha Tullah\.gradle\caches\modules-2\files-2.1\org.jetbrains.intellij.deps\trove4j\1.0.20200330\3afb14d5f9ceb459d724e907a21145e8ff394f02\trove4j-1.0.20200330.jar;C:\Users\Sibgha Tullah\.gradle\caches\modules-2\files-2.1\org.jetbrains.kotlin\kotlin-stdlib-common\1.9.0\cd65c21cfd1eec4d44ef09f9f52b6d9f8a720636\kotlin-stdlib-common-1.9.0.jar;C:\Users\Sibgha Tullah\.gradle\caches\modules-2\files-2.1\org.jetbrains\annotations\13.0\919f0dfe192fb4e063e7dacadee7f8bb9a2672a9\annotations-13.0.jar
Launcher Type: SUN_STANDARD

[Global flags]
     intx CICompilerCount                          = 4                                         {product} {ergonomic}
     uint ConcGCThreads                            = 3                                         {product} {ergonomic}
     uint G1ConcRefinementThreads                  = 10                                        {product} {ergonomic}
   size_t G1HeapRegionSize                         = 1048576                                   {product} {ergonomic}
    uintx GCDrainStackTargetSize                   = 64                                        {product} {ergonomic}
   size_t InitialHeapSize                          = 130023424                                 {product} {ergonomic}
   size_t MarkStackSize                            = 4194304                                   {product} {ergonomic}
   size_t MaxHeapSize                              = 2076180480                                {product} {ergonomic}
   size_t MaxNewSize                               = 1245708288                                {product} {ergonomic}
   size_t MinHeapDeltaBytes                        = 1048576                                   {product} {ergonomic}
   size_t MinHeapSize                              = 8388608                                   {product} {ergonomic}
    uintx NonNMethodCodeHeapSize                   = 5839372                                {pd product} {ergonomic}
    uintx NonProfiledCodeHeapSize                  = 122909434                              {pd product} {ergonomic}
    uintx ProfiledCodeHeapSize                     = 122909434                              {pd product} {ergonomic}
    uintx ReservedCodeCacheSize                    = 251658240                              {pd product} {ergonomic}
     bool SegmentedCodeCache                       = true                                      {product} {ergonomic}
   size_t SoftMaxHeapSize                          = 2076180480                             {manageable} {ergonomic}
     bool UseCompressedClassPointers               = true                           {product lp64_product} {ergonomic}
     bool UseCompressedOops                        = true                           {product lp64_product} {ergonomic}
     bool UseG1GC                                  = true                                      {product} {ergonomic}
     bool UseLargePagesIndividualAllocation        = false                                  {pd product} {ergonomic}

Logging:
Log output configuration:
 #0: stdout all=warning uptime,level,tags
 #1: stderr all=off uptime,level,tags

Environment Variables:
PATH=C:\Python312\Scripts\;C:\Python312\;C:\Windows\system32;C:\Windows;C:\Windows\System32\Wbem;C:\Windows\System32\WindowsPowerShell\v1.0\;C:\Windows\System32\OpenSSH\;C:\Program Files\Git\cmd;C:\Program Files\nodejs\;C:\ProgramData\chocolatey\bin;C:\Users\Sibgha Tullah\AppData\Local\Microsoft\WindowsApps;C:\Users\Sibgha Tullah\AppData\Local\Programs\Microsoft VS Code\bin;C:\Users\Sibgha Tullah\AppData\Roaming\npm
USERNAME=Sibgha Tullah
OS=Windows_NT
PROCESSOR_IDENTIFIER=Intel64 Family 6 Model 154 Stepping 4, GenuineIntel
TMP=C:\Users\SIBGHA~1\AppData\Local\Temp
TEMP=C:\Users\SIBGHA~1\AppData\Local\Temp



Periodic native trim disabled

JNI global refs:
JNI global refs: 11, weak refs: 8

JNI global refs memory usage: 843, weak refs: 841

OOME stack traces (most recent first):
Classloader memory used:
Loader jdk.internal.loader.ClassLoaders$AppClassLoader                                 : 9031K
Loader bootstrap                                                                       : 1460K
Loader java.net.URLClassLoader                                                         : 270K
Loader jdk.internal.reflect.DelegatingClassLoader                                      : 19908B


---------------  S Y S T E M  ---------------

OS:
 Windows 11 , 64 bit Build 22621 (10.0.22621.1105)
OS uptime: 17 days 14:21 hours
Hyper-V role detected

CPU: total 12 (initial active 12) (6 cores per cpu, 2 threads per core) family 6 model 154 stepping 4 microcode 0x424, cx8, cmov, fxsr, ht, mmx, 3dnowpref, sse, sse2, sse3, ssse3, sse4.1, sse4.2, popcnt, lzcnt, tsc, tscinvbit, avx, avx2, aes, erms, clmul, bmi1, bmi2, adx, sha, fma, vzeroupper, clflush, clflushopt, clwb, hv
Processor Information for processor 0
  Max Mhz: 1300, Current Mhz: 1300, Mhz Limit: 1300
Processor Information for processor 1
  Max Mhz: 1300, Current Mhz: 1300, Mhz Limit: 1300
Processor Information for processor 2
  Max Mhz: 1300, Current Mhz: 1300, Mhz Limit: 1300
Processor Information for processor 3
  Max Mhz: 1300, Current Mhz: 1300, Mhz Limit: 1300
Processor Information for processor 4
  Max Mhz: 900, Current Mhz: 900, Mhz Limit: 900
Processor Information for processor 5
  Max Mhz: 900, Current Mhz: 900, Mhz Limit: 900
Processor Information for processor 6
  Max Mhz: 900, Current Mhz: 900, Mhz Limit: 900
Processor Information for processor 7
  Max Mhz: 900, Current Mhz: 900, Mhz Limit: 900
Processor Information for processor 8
  Max Mhz: 900, Current Mhz: 900, Mhz Limit: 900
Processor Information for processor 9
  Max Mhz: 900, Current Mhz: 900, Mhz Limit: 900
Processor Information for processor 10
  Max Mhz: 900, Current Mhz: 900, Mhz Limit: 900
Processor Information for processor 11
  Max Mhz: 900, Current Mhz: 900, Mhz Limit: 900

Memory: 4k page, system-wide physical 7916M (560M free)
TotalPageFile size 20324M (AvailPageFile size 6M)
current process WorkingSet (physical memory assigned to process): 431M, peak: 431M
current process commit charge ("private bytes"): 473M, peak: 523M

vm_info: OpenJDK 64-Bit Server VM (17.0.9+0--11185874) for windows-amd64 JRE (17.0.9+0--11185874), built on Dec  6 2023 18:57:44 by "androidbuild" with MS VC++ 16.10 / 16.11 (VS2019)

END.
