#
# There is insufficient memory for the Java Runtime Environment to continue.
# Native memory allocation (malloc) failed to allocate 1962240 bytes for Chunk::new
# Possible reasons:
#   The system is out of physical RAM or swap space
#   The process is running with CompressedOops enabled, and the Java Heap may be blocking the growth of the native heap
# Possible solutions:
#   Reduce memory load on the system
#   Increase physical memory or swap space
#   Check if swap backing store is full
#   Decrease Java heap size (-Xmx/-Xms)
#   Decrease number of Java threads
#   Decrease Java thread stack sizes (-Xss)
#   Set larger code cache with -XX:ReservedCodeCacheSize=
#   JVM is running with Unscaled Compressed Oops mode in which the Java heap is
#     placed in the first 4GB address space. The Java Heap base address is the
#     maximum limit for the native heap growth. Please use -XX:HeapBaseMinAddress
#     to set the Java Heap base and to place the Java Heap above 4GB virtual address.
# This output file may be truncated or incomplete.
#
#  Out of Memory Error (arena.cpp:191), pid=98300, tid=91556
#
# JRE version: OpenJDK Runtime Environment (17.0.9) (build 17.0.9+0--11185874)
# Java VM: OpenJDK 64-Bit Server VM (17.0.9+0--11185874, mixed mode, tiered, compressed oops, compressed class ptrs, g1 gc, windows-amd64)
# No core dump will be written. Minidumps are not enabled by default on client versions of Windows
#

---------------  S U M M A R Y ------------

Command Line: org.jetbrains.kotlin.cli.jvm.K2JVMCompiler @D:\Mobile\Kisaan1.0\app\build\20240414_8981042192347352421.compiler.options

Host: 12th Gen Intel(R) Core(TM) i5-1235U, 12 cores, 7G,  Windows 11 , 64 bit Build 22621 (10.0.22621.1105)
Time: Sun Apr 14 13:27:16 2024 Pacific Daylight Time elapsed time: 16.403205 seconds (0d 0h 0m 16s)

---------------  T H R E A D  ---------------

Current thread (0x000002cc7d04ad80):  JavaThread "C2 CompilerThread0" daemon [_thread_in_native, id=91556, stack(0x000000cd40b00000,0x000000cd40c00000)]


Current CompileTask:
C2:  16403 15777       4       org.jetbrains.kotlin.types.AbstractTypeMapper::mapType (568 bytes)

Stack: [0x000000cd40b00000,0x000000cd40c00000]
Native frames: (J=compiled Java code, j=interpreted, Vv=VM code, C=native code)
V  [jvm.dll+0x6886e9]
V  [jvm.dll+0x841e4a]
V  [jvm.dll+0x843a8e]
V  [jvm.dll+0x8440f3]
V  [jvm.dll+0x24c14f]
V  [jvm.dll+0xac44c]
V  [jvm.dll+0xaca9c]
V  [jvm.dll+0x36c1f7]
V  [jvm.dll+0x33651a]
V  [jvm.dll+0x3359ba]
V  [jvm.dll+0x21ddb1]
V  [jvm.dll+0x21d1d1]
V  [jvm.dll+0x1a674d]
V  [jvm.dll+0x22d088]
V  [jvm.dll+0x22b1c0]
V  [jvm.dll+0x7f62f7]
V  [jvm.dll+0x7f06aa]
V  [jvm.dll+0x687565]
C  [ucrtbase.dll+0x29363]
C  [KERNEL32.DLL+0x126bd]
C  [ntdll.dll+0x5dfb8]


---------------  P R O C E S S  ---------------

Threads class SMR info:
_java_thread_list=0x000002cc01b464f0, length=13, elements={
0x000002cc5ee14ec0, 0x000002cc78e45270, 0x000002cc78e45c30, 0x000002cc7d048440,
0x000002cc7d048d10, 0x000002cc7d0496d0, 0x000002cc7d04a090, 0x000002cc7d04ad80,
0x000002cc7d04b830, 0x000002cc7d04c230, 0x000002cc7d1cc720, 0x000002cc7d1e1410,
0x000002cc0129c010
}

Java Threads: ( => current thread )
  0x000002cc5ee14ec0 JavaThread "main" [_thread_in_native, id=81996, stack(0x000000cd3fe00000,0x000000cd3ff00000)]
  0x000002cc78e45270 JavaThread "Reference Handler" daemon [_thread_blocked, id=106460, stack(0x000000cd40500000,0x000000cd40600000)]
  0x000002cc78e45c30 JavaThread "Finalizer" daemon [_thread_blocked, id=106392, stack(0x000000cd40600000,0x000000cd40700000)]
  0x000002cc7d048440 JavaThread "Signal Dispatcher" daemon [_thread_blocked, id=107228, stack(0x000000cd40700000,0x000000cd40800000)]
  0x000002cc7d048d10 JavaThread "Attach Listener" daemon [_thread_blocked, id=93144, stack(0x000000cd40800000,0x000000cd40900000)]
  0x000002cc7d0496d0 JavaThread "Service Thread" daemon [_thread_blocked, id=103176, stack(0x000000cd40900000,0x000000cd40a00000)]
  0x000002cc7d04a090 JavaThread "Monitor Deflation Thread" daemon [_thread_blocked, id=100416, stack(0x000000cd40a00000,0x000000cd40b00000)]
=>0x000002cc7d04ad80 JavaThread "C2 CompilerThread0" daemon [_thread_in_native, id=91556, stack(0x000000cd40b00000,0x000000cd40c00000)]
  0x000002cc7d04b830 JavaThread "C1 CompilerThread0" daemon [_thread_in_vm, id=85064, stack(0x000000cd40c00000,0x000000cd40d00000)]
  0x000002cc7d04c230 JavaThread "Sweeper thread" daemon [_thread_in_vm, id=90772, stack(0x000000cd40d00000,0x000000cd40e00000)]
  0x000002cc7d1cc720 JavaThread "Notification Thread" daemon [_thread_blocked, id=92324, stack(0x000000cd40e00000,0x000000cd40f00000)]
  0x000002cc7d1e1410 JavaThread "Common-Cleaner" daemon [_thread_blocked, id=91956, stack(0x000000cd41000000,0x000000cd41100000)]
  0x000002cc0129c010 JavaThread "C2 CompilerThread1" daemon [_thread_in_native, id=88300, stack(0x000000cd41100000,0x000000cd41200000)]

Other Threads:
  0x000002cc78e3f880 VMThread "VM Thread" [stack: 0x000000cd40400000,0x000000cd40500000] [id=70940]
  0x000002cc78dddd10 WatcherThread [stack: 0x000000cd40f00000,0x000000cd41000000] [id=97420]
  0x000002cc5ee6fc50 GCTaskThread "GC Thread#0" [stack: 0x000000cd3ff00000,0x000000cd40000000] [id=82908]
  0x000002cc7d7a3d40 GCTaskThread "GC Thread#1" [stack: 0x000000cd41200000,0x000000cd41300000] [id=103400]
  0x000002cc7d8f6d80 GCTaskThread "GC Thread#2" [stack: 0x000000cd41300000,0x000000cd41400000] [id=98904]
  0x000002cc7d90e010 GCTaskThread "GC Thread#3" [stack: 0x000000cd41400000,0x000000cd41500000] [id=87376]
  0x000002cc7d9102e0 GCTaskThread "GC Thread#4" [stack: 0x000000cd41500000,0x000000cd41600000] [id=91188]
  0x000002cc7de41380 GCTaskThread "GC Thread#5" [stack: 0x000000cd41600000,0x000000cd41700000] [id=103024]
  0x000002cc7df77760 GCTaskThread "GC Thread#6" [stack: 0x000000cd41700000,0x000000cd41800000] [id=93676]
  0x000002cc7dbf3ca0 GCTaskThread "GC Thread#7" [stack: 0x000000cd41800000,0x000000cd41900000] [id=107476]
  0x000002cc7e0661e0 GCTaskThread "GC Thread#8" [stack: 0x000000cd41900000,0x000000cd41a00000] [id=90524]
  0x000002cc7f051920 GCTaskThread "GC Thread#9" [stack: 0x000000cd41c00000,0x000000cd41d00000] [id=72720]
  0x000002cc5ee80320 ConcurrentGCThread "G1 Main Marker" [stack: 0x000000cd40000000,0x000000cd40100000] [id=96528]
  0x000002cc5ee80ea0 ConcurrentGCThread "G1 Conc#0" [stack: 0x000000cd40100000,0x000000cd40200000] [id=108000]
  0x000002cc7e0664a0 ConcurrentGCThread "G1 Conc#1" [stack: 0x000000cd41a00000,0x000000cd41b00000] [id=20252]
  0x000002cc7dbf2cc0 ConcurrentGCThread "G1 Conc#2" [stack: 0x000000cd41b00000,0x000000cd41c00000] [id=91516]
  0x000002cc78c960e0 ConcurrentGCThread "G1 Refine#0" [stack: 0x000000cd40200000,0x000000cd40300000] [id=63268]
  0x000002cc7f711ad0 ConcurrentGCThread "G1 Refine#1" [stack: 0x000000cd41d00000,0x000000cd41e00000] [id=92488]
  0x000002cc7f1da0a0 ConcurrentGCThread "G1 Refine#2" [stack: 0x000000cd41e00000,0x000000cd41f00000] [id=96492]
  0x000002cc7f1dc3e0 ConcurrentGCThread "G1 Refine#3" [stack: 0x000000cd41f00000,0x000000cd42000000] [id=90804]
  0x000002cc7f1db240 ConcurrentGCThread "G1 Refine#4" [stack: 0x000000cd42000000,0x000000cd42100000] [id=53304]
  0x000002cc78c968b0 ConcurrentGCThread "G1 Service" [stack: 0x000000cd40300000,0x000000cd40400000] [id=91868]

Threads with active compile tasks:
C2 CompilerThread0    16419 15777       4       org.jetbrains.kotlin.types.AbstractTypeMapper::mapType (568 bytes)
C1 CompilerThread0    16419 15988       3       org.jetbrains.kotlin.backend.jvm.codegen.ExpressionCodegen::visitConst (237 bytes)
C2 CompilerThread1    16420 15974       4       org.jetbrains.kotlin.ir.types.SimpleTypeNullability$Companion::fromHasQuestionMark (14 bytes)

VM state: not at safepoint (normal execution)

VM Mutex/Monitor currently owned by a thread:  ([mutex/lock_event])
[0x000002cc5cba3db0] CodeCache_lock - owner thread: 0x0000000000000000
[0x000002cc5ee112d0] CompiledIC_lock - owner thread: 0x000002cc7d04c230

Heap address: 0x0000000084400000, size: 1980 MB, Compressed Oops mode: 32-bit

CDS archive(s) not mapped
Compressed class space mapped at: 0x0000000100000000-0x0000000140000000, reserved size: 1073741824
Narrow klass base: 0x0000000000000000, Narrow klass shift: 3, Narrow klass range: 0x140000000

GC Precious Log:
 CPUs: 12 total, 12 available
 Memory: 7916M
 Large Page Support: Disabled
 NUMA Support: Disabled
 Compressed Oops: Enabled (32-bit)
 Heap Region Size: 1M
 Heap Min Capacity: 8M
 Heap Initial Capacity: 124M
 Heap Max Capacity: 1980M
 Pre-touch: Disabled
 Parallel Workers: 10
 Concurrent Workers: 3
 Concurrent Refinement Workers: 10
 Periodic GC: Disabled

Heap:
 garbage-first heap   total 235520K, used 113239K [0x0000000084400000, 0x0000000100000000)
  region size 1024K, 10 young (10240K), 7 survivors (7168K)
 Metaspace       used 87287K, committed 87616K, reserved 1179648K
  class space    used 9459K, committed 9600K, reserved 1048576K

Heap Regions: E=young(eden), S=young(survivor), O=old, HS=humongous(starts), HC=humongous(continues), CS=collection set, F=free, OA=open archive, CA=closed archive, TAMS=top-at-mark-start (previous, next)
|   0|0x0000000084400000, 0x0000000084500000, 0x0000000084500000|100%|HS|  |TAMS 0x0000000084500000, 0x0000000084400000| Complete 
|   1|0x0000000084500000, 0x0000000084600000, 0x0000000084600000|100%|HC|  |TAMS 0x0000000084600000, 0x0000000084500000| Complete 
|   2|0x0000000084600000, 0x0000000084700000, 0x0000000084700000|100%|HC|  |TAMS 0x0000000084700000, 0x0000000084600000| Complete 
|   3|0x0000000084700000, 0x0000000084800000, 0x0000000084800000|100%|HC|  |TAMS 0x0000000084800000, 0x0000000084700000| Complete 
|   4|0x0000000084800000, 0x0000000084900000, 0x0000000084900000|100%| O|  |TAMS 0x0000000084900000, 0x0000000084800000| Untracked 
|   5|0x0000000084900000, 0x0000000084a00000, 0x0000000084a00000|100%| O|  |TAMS 0x0000000084a00000, 0x0000000084900000| Untracked 
|   6|0x0000000084a00000, 0x0000000084b00000, 0x0000000084b00000|100%| O|  |TAMS 0x0000000084b00000, 0x0000000084a00000| Untracked 
|   7|0x0000000084b00000, 0x0000000084c00000, 0x0000000084c00000|100%| O|  |TAMS 0x0000000084c00000, 0x0000000084b00000| Untracked 
|   8|0x0000000084c00000, 0x0000000084d00000, 0x0000000084d00000|100%| O|  |TAMS 0x0000000084c00000, 0x0000000084c00000| Untracked 
|   9|0x0000000084d00000, 0x0000000084e00000, 0x0000000084e00000|100%| O|  |TAMS 0x0000000084e00000, 0x0000000084d00000| Untracked 
|  10|0x0000000084e00000, 0x0000000084f00000, 0x0000000084f00000|100%| O|  |TAMS 0x0000000084f00000, 0x0000000084e00000| Untracked 
|  11|0x0000000084f00000, 0x0000000085000000, 0x0000000085000000|100%| O|  |TAMS 0x0000000085000000, 0x0000000084f00000| Untracked 
|  12|0x0000000085000000, 0x0000000085100000, 0x0000000085100000|100%| O|  |TAMS 0x0000000085100000, 0x0000000085000000| Untracked 
|  13|0x0000000085100000, 0x0000000085200000, 0x0000000085200000|100%| O|  |TAMS 0x0000000085200000, 0x0000000085100000| Untracked 
|  14|0x0000000085200000, 0x0000000085300000, 0x0000000085300000|100%| O|  |TAMS 0x0000000085300000, 0x0000000085200000| Untracked 
|  15|0x0000000085300000, 0x0000000085400000, 0x0000000085400000|100%| O|  |TAMS 0x0000000085400000, 0x0000000085300000| Untracked 
|  16|0x0000000085400000, 0x0000000085500000, 0x0000000085500000|100%| O|  |TAMS 0x0000000085500000, 0x0000000085400000| Untracked 
|  17|0x0000000085500000, 0x0000000085600000, 0x0000000085600000|100%| O|  |TAMS 0x0000000085600000, 0x0000000085500000| Untracked 
|  18|0x0000000085600000, 0x0000000085700000, 0x0000000085700000|100%| O|  |TAMS 0x0000000085700000, 0x0000000085600000| Untracked 
|  19|0x0000000085700000, 0x0000000085800000, 0x0000000085800000|100%| O|  |TAMS 0x0000000085800000, 0x0000000085700000| Untracked 
|  20|0x0000000085800000, 0x0000000085900000, 0x0000000085900000|100%| O|  |TAMS 0x0000000085900000, 0x0000000085800000| Untracked 
|  21|0x0000000085900000, 0x0000000085a00000, 0x0000000085a00000|100%| O|  |TAMS 0x0000000085a00000, 0x0000000085900000| Untracked 
|  22|0x0000000085a00000, 0x0000000085b00000, 0x0000000085b00000|100%| O|  |TAMS 0x0000000085b00000, 0x0000000085a00000| Untracked 
|  23|0x0000000085b00000, 0x0000000085c00000, 0x0000000085c00000|100%|HS|  |TAMS 0x0000000085c00000, 0x0000000085b00000| Complete 
|  24|0x0000000085c00000, 0x0000000085d00000, 0x0000000085d00000|100%|HC|  |TAMS 0x0000000085d00000, 0x0000000085c00000| Complete 
|  25|0x0000000085d00000, 0x0000000085e00000, 0x0000000085e00000|100%| O|  |TAMS 0x0000000085e00000, 0x0000000085d00000| Untracked 
|  26|0x0000000085e00000, 0x0000000085f00000, 0x0000000085f00000|100%| O|  |TAMS 0x0000000085f00000, 0x0000000085e00000| Untracked 
|  27|0x0000000085f00000, 0x0000000086000000, 0x0000000086000000|100%| O|  |TAMS 0x0000000086000000, 0x0000000085f00000| Untracked 
|  28|0x0000000086000000, 0x0000000086100000, 0x0000000086100000|100%| O|  |TAMS 0x0000000086100000, 0x0000000086000000| Untracked 
|  29|0x0000000086100000, 0x0000000086200000, 0x0000000086200000|100%| O|  |TAMS 0x0000000086200000, 0x0000000086100000| Untracked 
|  30|0x0000000086200000, 0x0000000086300000, 0x0000000086300000|100%| O|  |TAMS 0x0000000086300000, 0x0000000086200000| Untracked 
|  31|0x0000000086300000, 0x0000000086400000, 0x0000000086400000|100%| O|  |TAMS 0x0000000086400000, 0x0000000086300000| Untracked 
|  32|0x0000000086400000, 0x0000000086500000, 0x0000000086500000|100%| O|  |TAMS 0x0000000086500000, 0x0000000086400000| Untracked 
|  33|0x0000000086500000, 0x0000000086600000, 0x0000000086600000|100%| O|  |TAMS 0x0000000086600000, 0x0000000086500000| Untracked 
|  34|0x0000000086600000, 0x0000000086700000, 0x0000000086700000|100%| O|  |TAMS 0x0000000086700000, 0x0000000086600000| Untracked 
|  35|0x0000000086700000, 0x0000000086800000, 0x0000000086800000|100%| O|  |TAMS 0x0000000086700000, 0x0000000086700000| Untracked 
|  36|0x0000000086800000, 0x0000000086900000, 0x0000000086900000|100%| O|  |TAMS 0x0000000086900000, 0x0000000086800000| Untracked 
|  37|0x0000000086900000, 0x0000000086a00000, 0x0000000086a00000|100%| O|  |TAMS 0x0000000086a00000, 0x0000000086900000| Untracked 
|  38|0x0000000086a00000, 0x0000000086b00000, 0x0000000086b00000|100%| O|  |TAMS 0x0000000086b00000, 0x0000000086a00000| Untracked 
|  39|0x0000000086b00000, 0x0000000086c00000, 0x0000000086c00000|100%| O|  |TAMS 0x0000000086c00000, 0x0000000086b00000| Untracked 
|  40|0x0000000086c00000, 0x0000000086d00000, 0x0000000086d00000|100%| O|  |TAMS 0x0000000086d00000, 0x0000000086c00000| Untracked 
|  41|0x0000000086d00000, 0x0000000086e00000, 0x0000000086e00000|100%| O|  |TAMS 0x0000000086e00000, 0x0000000086d00000| Untracked 
|  42|0x0000000086e00000, 0x0000000086f00000, 0x0000000086f00000|100%| O|  |TAMS 0x0000000086f00000, 0x0000000086e00000| Untracked 
|  43|0x0000000086f00000, 0x0000000087000000, 0x0000000087000000|100%| O|  |TAMS 0x0000000087000000, 0x0000000086f00000| Untracked 
|  44|0x0000000087000000, 0x0000000087100000, 0x0000000087100000|100%| O|  |TAMS 0x0000000087100000, 0x0000000087000000| Untracked 
|  45|0x0000000087100000, 0x0000000087200000, 0x0000000087200000|100%| O|  |TAMS 0x0000000087200000, 0x0000000087100000| Untracked 
|  46|0x0000000087200000, 0x0000000087300000, 0x0000000087300000|100%| O|  |TAMS 0x0000000087300000, 0x0000000087200000| Untracked 
|  47|0x0000000087300000, 0x0000000087400000, 0x0000000087400000|100%| O|  |TAMS 0x0000000087400000, 0x0000000087300000| Untracked 
|  48|0x0000000087400000, 0x0000000087500000, 0x0000000087500000|100%| O|  |TAMS 0x0000000087500000, 0x0000000087400000| Untracked 
|  49|0x0000000087500000, 0x0000000087600000, 0x0000000087600000|100%| O|  |TAMS 0x0000000087600000, 0x0000000087500000| Untracked 
|  50|0x0000000087600000, 0x0000000087700000, 0x0000000087700000|100%| O|  |TAMS 0x0000000087600000, 0x0000000087600000| Untracked 
|  51|0x0000000087700000, 0x0000000087800000, 0x0000000087800000|100%| O|  |TAMS 0x0000000087700000, 0x0000000087700000| Untracked 
|  52|0x0000000087800000, 0x0000000087900000, 0x0000000087900000|100%| O|  |TAMS 0x0000000087800000, 0x0000000087800000| Untracked 
|  53|0x0000000087900000, 0x0000000087a00000, 0x0000000087a00000|100%| O|  |TAMS 0x0000000087900000, 0x0000000087900000| Untracked 
|  54|0x0000000087a00000, 0x0000000087ab9800, 0x0000000087b00000| 72%| O|  |TAMS 0x0000000087a00000, 0x0000000087a00000| Untracked 
|  55|0x0000000087b00000, 0x0000000087c00000, 0x0000000087c00000|100%| O|  |TAMS 0x0000000087b00000, 0x0000000087b00000| Untracked 
|  56|0x0000000087c00000, 0x0000000087d00000, 0x0000000087d00000|100%| O|  |TAMS 0x0000000087c00000, 0x0000000087c00000| Untracked 
|  57|0x0000000087d00000, 0x0000000087e00000, 0x0000000087e00000|100%| O|  |TAMS 0x0000000087d00000, 0x0000000087d00000| Untracked 
|  58|0x0000000087e00000, 0x0000000087f00000, 0x0000000087f00000|100%| O|  |TAMS 0x0000000087e00000, 0x0000000087e00000| Untracked 
|  59|0x0000000087f00000, 0x0000000088000000, 0x0000000088000000|100%| O|  |TAMS 0x0000000087f00000, 0x0000000087f00000| Untracked 
|  60|0x0000000088000000, 0x0000000088100000, 0x0000000088100000|100%| O|  |TAMS 0x0000000088000000, 0x0000000088000000| Untracked 
|  61|0x0000000088100000, 0x0000000088200000, 0x0000000088200000|100%| O|  |TAMS 0x0000000088100000, 0x0000000088100000| Untracked 
|  62|0x0000000088200000, 0x0000000088300000, 0x0000000088300000|100%| O|  |TAMS 0x0000000088200000, 0x0000000088200000| Untracked 
|  63|0x0000000088300000, 0x0000000088400000, 0x0000000088400000|100%| O|  |TAMS 0x0000000088300000, 0x0000000088300000| Untracked 
|  64|0x0000000088400000, 0x0000000088500000, 0x0000000088500000|100%| O|  |TAMS 0x0000000088400000, 0x0000000088400000| Untracked 
|  65|0x0000000088500000, 0x0000000088600000, 0x0000000088600000|100%| O|  |TAMS 0x0000000088500000, 0x0000000088500000| Untracked 
|  66|0x0000000088600000, 0x0000000088700000, 0x0000000088700000|100%| O|  |TAMS 0x0000000088600000, 0x0000000088600000| Untracked 
|  67|0x0000000088700000, 0x0000000088800000, 0x0000000088800000|100%| O|  |TAMS 0x0000000088700000, 0x0000000088700000| Untracked 
|  68|0x0000000088800000, 0x0000000088900000, 0x0000000088900000|100%| O|  |TAMS 0x0000000088800000, 0x0000000088800000| Untracked 
|  69|0x0000000088900000, 0x0000000088a00000, 0x0000000088a00000|100%| O|  |TAMS 0x0000000088900000, 0x0000000088900000| Untracked 
|  70|0x0000000088a00000, 0x0000000088b00000, 0x0000000088b00000|100%| O|  |TAMS 0x0000000088a00000, 0x0000000088a00000| Untracked 
|  71|0x0000000088b00000, 0x0000000088c00000, 0x0000000088c00000|100%| O|  |TAMS 0x0000000088b00000, 0x0000000088b00000| Untracked 
|  72|0x0000000088c00000, 0x0000000088d00000, 0x0000000088d00000|100%| O|  |TAMS 0x0000000088c00000, 0x0000000088c00000| Untracked 
|  73|0x0000000088d00000, 0x0000000088e00000, 0x0000000088e00000|100%| O|  |TAMS 0x0000000088d00000, 0x0000000088d00000| Untracked 
|  74|0x0000000088e00000, 0x0000000088f00000, 0x0000000088f00000|100%| O|  |TAMS 0x0000000088e00000, 0x0000000088e00000| Untracked 
|  75|0x0000000088f00000, 0x0000000089000000, 0x0000000089000000|100%| O|  |TAMS 0x0000000088f00000, 0x0000000088f00000| Untracked 
|  76|0x0000000089000000, 0x0000000089100000, 0x0000000089100000|100%| O|  |TAMS 0x0000000089000000, 0x0000000089000000| Untracked 
|  77|0x0000000089100000, 0x0000000089200000, 0x0000000089200000|100%| O|  |TAMS 0x0000000089100000, 0x0000000089100000| Untracked 
|  78|0x0000000089200000, 0x0000000089300000, 0x0000000089300000|100%| O|  |TAMS 0x0000000089200000, 0x0000000089200000| Untracked 
|  79|0x0000000089300000, 0x0000000089400000, 0x0000000089400000|100%| O|  |TAMS 0x0000000089300000, 0x0000000089300000| Untracked 
|  80|0x0000000089400000, 0x0000000089500000, 0x0000000089500000|100%| O|  |TAMS 0x0000000089400000, 0x0000000089400000| Untracked 
|  81|0x0000000089500000, 0x0000000089600000, 0x0000000089600000|100%| O|  |TAMS 0x0000000089500000, 0x0000000089500000| Untracked 
|  82|0x0000000089600000, 0x0000000089700000, 0x0000000089700000|100%| O|  |TAMS 0x0000000089600000, 0x0000000089600000| Untracked 
|  83|0x0000000089700000, 0x0000000089800000, 0x0000000089800000|100%| O|  |TAMS 0x0000000089700000, 0x0000000089700000| Untracked 
|  84|0x0000000089800000, 0x0000000089900000, 0x0000000089900000|100%| O|  |TAMS 0x0000000089800000, 0x0000000089800000| Untracked 
|  85|0x0000000089900000, 0x0000000089a00000, 0x0000000089a00000|100%| O|  |TAMS 0x0000000089900000, 0x0000000089900000| Untracked 
|  86|0x0000000089a00000, 0x0000000089b00000, 0x0000000089b00000|100%| O|  |TAMS 0x0000000089a00000, 0x0000000089a00000| Untracked 
|  87|0x0000000089b00000, 0x0000000089c00000, 0x0000000089c00000|100%| O|  |TAMS 0x0000000089b00000, 0x0000000089b00000| Untracked 
|  88|0x0000000089c00000, 0x0000000089d00000, 0x0000000089d00000|100%| O|  |TAMS 0x0000000089c00000, 0x0000000089c00000| Untracked 
|  89|0x0000000089d00000, 0x0000000089e00000, 0x0000000089e00000|100%| O|  |TAMS 0x0000000089d00000, 0x0000000089d00000| Untracked 
|  90|0x0000000089e00000, 0x0000000089f00000, 0x0000000089f00000|100%| O|  |TAMS 0x0000000089e00000, 0x0000000089e00000| Untracked 
|  91|0x0000000089f00000, 0x000000008a000000, 0x000000008a000000|100%| O|  |TAMS 0x0000000089f00000, 0x0000000089f00000| Untracked 
|  92|0x000000008a000000, 0x000000008a100000, 0x000000008a100000|100%| O|  |TAMS 0x000000008a000000, 0x000000008a000000| Untracked 
|  93|0x000000008a100000, 0x000000008a200000, 0x000000008a200000|100%| O|  |TAMS 0x000000008a100000, 0x000000008a100000| Untracked 
|  94|0x000000008a200000, 0x000000008a300000, 0x000000008a300000|100%| O|  |TAMS 0x000000008a200000, 0x000000008a200000| Untracked 
|  95|0x000000008a300000, 0x000000008a400000, 0x000000008a400000|100%| O|  |TAMS 0x000000008a300000, 0x000000008a300000| Untracked 
|  96|0x000000008a400000, 0x000000008a500000, 0x000000008a500000|100%| O|  |TAMS 0x000000008a400000, 0x000000008a400000| Untracked 
|  97|0x000000008a500000, 0x000000008a600000, 0x000000008a600000|100%| O|  |TAMS 0x000000008a500000, 0x000000008a500000| Untracked 
|  98|0x000000008a600000, 0x000000008a700000, 0x000000008a700000|100%| O|  |TAMS 0x000000008a600000, 0x000000008a600000| Untracked 
|  99|0x000000008a700000, 0x000000008a800000, 0x000000008a800000|100%| O|  |TAMS 0x000000008a700000, 0x000000008a700000| Untracked 
| 100|0x000000008a800000, 0x000000008a900000, 0x000000008a900000|100%| O|  |TAMS 0x000000008a800000, 0x000000008a800000| Untracked 
| 101|0x000000008a900000, 0x000000008aa00000, 0x000000008aa00000|100%| O|  |TAMS 0x000000008a900000, 0x000000008a900000| Untracked 
| 102|0x000000008aa00000, 0x000000008aa00000, 0x000000008ab00000|  0%| F|  |TAMS 0x000000008aa00000, 0x000000008aa00000| Untracked 
| 103|0x000000008ab00000, 0x000000008ab00000, 0x000000008ac00000|  0%| F|  |TAMS 0x000000008ab00000, 0x000000008ab00000| Untracked 
| 104|0x000000008ac00000, 0x000000008ac00000, 0x000000008ad00000|  0%| F|  |TAMS 0x000000008ac00000, 0x000000008ac00000| Untracked 
| 105|0x000000008ad00000, 0x000000008ad00000, 0x000000008ae00000|  0%| F|  |TAMS 0x000000008ad00000, 0x000000008ad00000| Untracked 
| 106|0x000000008ae00000, 0x000000008ae00000, 0x000000008af00000|  0%| F|  |TAMS 0x000000008ae00000, 0x000000008ae00000| Untracked 
| 107|0x000000008af00000, 0x000000008af00000, 0x000000008b000000|  0%| F|  |TAMS 0x000000008af00000, 0x000000008af00000| Untracked 
| 108|0x000000008b000000, 0x000000008b000000, 0x000000008b100000|  0%| F|  |TAMS 0x000000008b000000, 0x000000008b000000| Untracked 
| 109|0x000000008b100000, 0x000000008b100000, 0x000000008b200000|  0%| F|  |TAMS 0x000000008b100000, 0x000000008b100000| Untracked 
| 110|0x000000008b200000, 0x000000008b200000, 0x000000008b300000|  0%| F|  |TAMS 0x000000008b200000, 0x000000008b200000| Untracked 
| 111|0x000000008b300000, 0x000000008b300000, 0x000000008b400000|  0%| F|  |TAMS 0x000000008b300000, 0x000000008b300000| Untracked 
| 112|0x000000008b400000, 0x000000008b400000, 0x000000008b500000|  0%| F|  |TAMS 0x000000008b400000, 0x000000008b400000| Untracked 
| 113|0x000000008b500000, 0x000000008b500000, 0x000000008b600000|  0%| F|  |TAMS 0x000000008b500000, 0x000000008b500000| Untracked 
| 114|0x000000008b600000, 0x000000008b600000, 0x000000008b700000|  0%| F|  |TAMS 0x000000008b600000, 0x000000008b600000| Untracked 
| 115|0x000000008b700000, 0x000000008b700000, 0x000000008b800000|  0%| F|  |TAMS 0x000000008b700000, 0x000000008b700000| Untracked 
| 116|0x000000008b800000, 0x000000008b800000, 0x000000008b900000|  0%| F|  |TAMS 0x000000008b800000, 0x000000008b800000| Untracked 
| 117|0x000000008b900000, 0x000000008b900000, 0x000000008ba00000|  0%| F|  |TAMS 0x000000008b900000, 0x000000008b900000| Untracked 
| 118|0x000000008ba00000, 0x000000008ba00000, 0x000000008bb00000|  0%| F|  |TAMS 0x000000008ba00000, 0x000000008ba00000| Untracked 
| 119|0x000000008bb00000, 0x000000008bb00000, 0x000000008bc00000|  0%| F|  |TAMS 0x000000008bb00000, 0x000000008bb00000| Untracked 
| 120|0x000000008bc00000, 0x000000008bc00000, 0x000000008bd00000|  0%| F|  |TAMS 0x000000008bc00000, 0x000000008bc00000| Untracked 
| 121|0x000000008bd00000, 0x000000008bd00000, 0x000000008be00000|  0%| F|  |TAMS 0x000000008bd00000, 0x000000008bd00000| Untracked 
| 122|0x000000008be00000, 0x000000008be00000, 0x000000008bf00000|  0%| F|  |TAMS 0x000000008be00000, 0x000000008be00000| Untracked 
| 123|0x000000008bf00000, 0x000000008bf00000, 0x000000008c000000|  0%| F|  |TAMS 0x000000008bf00000, 0x000000008bf00000| Untracked 
| 124|0x000000008c000000, 0x000000008c000000, 0x000000008c100000|  0%| F|  |TAMS 0x000000008c000000, 0x000000008c000000| Untracked 
| 125|0x000000008c100000, 0x000000008c100000, 0x000000008c200000|  0%| F|  |TAMS 0x000000008c100000, 0x000000008c100000| Untracked 
| 126|0x000000008c200000, 0x000000008c200000, 0x000000008c300000|  0%| F|  |TAMS 0x000000008c200000, 0x000000008c200000| Untracked 
| 127|0x000000008c300000, 0x000000008c300000, 0x000000008c400000|  0%| F|  |TAMS 0x000000008c300000, 0x000000008c300000| Untracked 
| 128|0x000000008c400000, 0x000000008c400000, 0x000000008c500000|  0%| F|  |TAMS 0x000000008c400000, 0x000000008c400000| Untracked 
| 129|0x000000008c500000, 0x000000008c500000, 0x000000008c600000|  0%| F|  |TAMS 0x000000008c500000, 0x000000008c500000| Untracked 
| 130|0x000000008c600000, 0x000000008c600000, 0x000000008c700000|  0%| F|  |TAMS 0x000000008c600000, 0x000000008c600000| Untracked 
| 131|0x000000008c700000, 0x000000008c700000, 0x000000008c800000|  0%| F|  |TAMS 0x000000008c700000, 0x000000008c700000| Untracked 
| 132|0x000000008c800000, 0x000000008c800000, 0x000000008c900000|  0%| F|  |TAMS 0x000000008c800000, 0x000000008c800000| Untracked 
| 133|0x000000008c900000, 0x000000008c900000, 0x000000008ca00000|  0%| F|  |TAMS 0x000000008c900000, 0x000000008c900000| Untracked 
| 134|0x000000008ca00000, 0x000000008ca00000, 0x000000008cb00000|  0%| F|  |TAMS 0x000000008ca00000, 0x000000008ca00000| Untracked 
| 135|0x000000008cb00000, 0x000000008cb00000, 0x000000008cc00000|  0%| F|  |TAMS 0x000000008cb00000, 0x000000008cb00000| Untracked 
| 136|0x000000008cc00000, 0x000000008cc00000, 0x000000008cd00000|  0%| F|  |TAMS 0x000000008cc00000, 0x000000008cc00000| Untracked 
| 137|0x000000008cd00000, 0x000000008cd00000, 0x000000008ce00000|  0%| F|  |TAMS 0x000000008cd00000, 0x000000008cd00000| Untracked 
| 138|0x000000008ce00000, 0x000000008ce00000, 0x000000008cf00000|  0%| F|  |TAMS 0x000000008ce00000, 0x000000008ce00000| Untracked 
| 139|0x000000008cf00000, 0x000000008cf00000, 0x000000008d000000|  0%| F|  |TAMS 0x000000008cf00000, 0x000000008cf00000| Untracked 
| 140|0x000000008d000000, 0x000000008d000000, 0x000000008d100000|  0%| F|  |TAMS 0x000000008d000000, 0x000000008d000000| Untracked 
| 141|0x000000008d100000, 0x000000008d100000, 0x000000008d200000|  0%| F|  |TAMS 0x000000008d100000, 0x000000008d100000| Untracked 
| 142|0x000000008d200000, 0x000000008d200000, 0x000000008d300000|  0%| F|  |TAMS 0x000000008d200000, 0x000000008d200000| Untracked 
| 143|0x000000008d300000, 0x000000008d300000, 0x000000008d400000|  0%| F|  |TAMS 0x000000008d300000, 0x000000008d300000| Untracked 
| 144|0x000000008d400000, 0x000000008d4dc4e0, 0x000000008d500000| 86%| S|CS|TAMS 0x000000008d400000, 0x000000008d400000| Complete 
| 145|0x000000008d500000, 0x000000008d600000, 0x000000008d600000|100%| S|CS|TAMS 0x000000008d500000, 0x000000008d500000| Complete 
| 146|0x000000008d600000, 0x000000008d700000, 0x000000008d700000|100%| S|CS|TAMS 0x000000008d600000, 0x000000008d600000| Complete 
| 147|0x000000008d700000, 0x000000008d800000, 0x000000008d800000|100%| S|CS|TAMS 0x000000008d700000, 0x000000008d700000| Complete 
| 148|0x000000008d800000, 0x000000008d900000, 0x000000008d900000|100%| S|CS|TAMS 0x000000008d800000, 0x000000008d800000| Complete 
| 149|0x000000008d900000, 0x000000008da00000, 0x000000008da00000|100%| S|CS|TAMS 0x000000008d900000, 0x000000008d900000| Complete 
| 150|0x000000008da00000, 0x000000008db00000, 0x000000008db00000|100%| S|CS|TAMS 0x000000008da00000, 0x000000008da00000| Complete 
| 151|0x000000008db00000, 0x000000008db00000, 0x000000008dc00000|  0%| F|  |TAMS 0x000000008db00000, 0x000000008db00000| Untracked 
| 152|0x000000008dc00000, 0x000000008dc00000, 0x000000008dd00000|  0%| F|  |TAMS 0x000000008dc00000, 0x000000008dc00000| Untracked 
| 153|0x000000008dd00000, 0x000000008dd00000, 0x000000008de00000|  0%| F|  |TAMS 0x000000008dd00000, 0x000000008dd00000| Untracked 
| 154|0x000000008de00000, 0x000000008de00000, 0x000000008df00000|  0%| F|  |TAMS 0x000000008de00000, 0x000000008de00000| Untracked 
| 155|0x000000008df00000, 0x000000008df00000, 0x000000008e000000|  0%| F|  |TAMS 0x000000008df00000, 0x000000008df00000| Untracked 
| 156|0x000000008e000000, 0x000000008e000000, 0x000000008e100000|  0%| F|  |TAMS 0x000000008e000000, 0x000000008e000000| Untracked 
| 157|0x000000008e100000, 0x000000008e100000, 0x000000008e200000|  0%| F|  |TAMS 0x000000008e100000, 0x000000008e100000| Untracked 
| 158|0x000000008e200000, 0x000000008e200000, 0x000000008e300000|  0%| F|  |TAMS 0x000000008e200000, 0x000000008e200000| Untracked 
| 159|0x000000008e300000, 0x000000008e300000, 0x000000008e400000|  0%| F|  |TAMS 0x000000008e300000, 0x000000008e300000| Untracked 
| 160|0x000000008e400000, 0x000000008e400000, 0x000000008e500000|  0%| F|  |TAMS 0x000000008e400000, 0x000000008e400000| Untracked 
| 161|0x000000008e500000, 0x000000008e500000, 0x000000008e600000|  0%| F|  |TAMS 0x000000008e500000, 0x000000008e500000| Untracked 
| 162|0x000000008e600000, 0x000000008e600000, 0x000000008e700000|  0%| F|  |TAMS 0x000000008e600000, 0x000000008e600000| Untracked 
| 163|0x000000008e700000, 0x000000008e700000, 0x000000008e800000|  0%| F|  |TAMS 0x000000008e700000, 0x000000008e700000| Untracked 
| 164|0x000000008e800000, 0x000000008e800000, 0x000000008e900000|  0%| F|  |TAMS 0x000000008e800000, 0x000000008e800000| Untracked 
| 165|0x000000008e900000, 0x000000008e900000, 0x000000008ea00000|  0%| F|  |TAMS 0x000000008e900000, 0x000000008e900000| Untracked 
| 166|0x000000008ea00000, 0x000000008ea00000, 0x000000008eb00000|  0%| F|  |TAMS 0x000000008ea00000, 0x000000008ea00000| Untracked 
| 167|0x000000008eb00000, 0x000000008eb00000, 0x000000008ec00000|  0%| F|  |TAMS 0x000000008eb00000, 0x000000008eb00000| Untracked 
| 168|0x000000008ec00000, 0x000000008ec00000, 0x000000008ed00000|  0%| F|  |TAMS 0x000000008ec00000, 0x000000008ec00000| Untracked 
| 169|0x000000008ed00000, 0x000000008ed00000, 0x000000008ee00000|  0%| F|  |TAMS 0x000000008ed00000, 0x000000008ed00000| Untracked 
| 170|0x000000008ee00000, 0x000000008ee00000, 0x000000008ef00000|  0%| F|  |TAMS 0x000000008ee00000, 0x000000008ee00000| Untracked 
| 171|0x000000008ef00000, 0x000000008ef00000, 0x000000008f000000|  0%| F|  |TAMS 0x000000008ef00000, 0x000000008ef00000| Untracked 
| 172|0x000000008f000000, 0x000000008f000000, 0x000000008f100000|  0%| F|  |TAMS 0x000000008f000000, 0x000000008f000000| Untracked 
| 173|0x000000008f100000, 0x000000008f100000, 0x000000008f200000|  0%| F|  |TAMS 0x000000008f100000, 0x000000008f100000| Untracked 
| 174|0x000000008f200000, 0x000000008f200000, 0x000000008f300000|  0%| F|  |TAMS 0x000000008f200000, 0x000000008f200000| Untracked 
| 175|0x000000008f300000, 0x000000008f300000, 0x000000008f400000|  0%| F|  |TAMS 0x000000008f300000, 0x000000008f300000| Untracked 
| 176|0x000000008f400000, 0x000000008f400000, 0x000000008f500000|  0%| F|  |TAMS 0x000000008f400000, 0x000000008f400000| Untracked 
| 177|0x000000008f500000, 0x000000008f500000, 0x000000008f600000|  0%| F|  |TAMS 0x000000008f500000, 0x000000008f500000| Untracked 
| 178|0x000000008f600000, 0x000000008f600000, 0x000000008f700000|  0%| F|  |TAMS 0x000000008f600000, 0x000000008f600000| Untracked 
| 179|0x000000008f700000, 0x000000008f700000, 0x000000008f800000|  0%| F|  |TAMS 0x000000008f700000, 0x000000008f700000| Untracked 
| 180|0x000000008f800000, 0x000000008f800000, 0x000000008f900000|  0%| F|  |TAMS 0x000000008f800000, 0x000000008f800000| Untracked 
| 181|0x000000008f900000, 0x000000008f900000, 0x000000008fa00000|  0%| F|  |TAMS 0x000000008f900000, 0x000000008f900000| Untracked 
| 182|0x000000008fa00000, 0x000000008fa00000, 0x000000008fb00000|  0%| F|  |TAMS 0x000000008fa00000, 0x000000008fa00000| Untracked 
| 183|0x000000008fb00000, 0x000000008fb00000, 0x000000008fc00000|  0%| F|  |TAMS 0x000000008fb00000, 0x000000008fb00000| Untracked 
| 184|0x000000008fc00000, 0x000000008fc00000, 0x000000008fd00000|  0%| F|  |TAMS 0x000000008fc00000, 0x000000008fc00000| Untracked 
| 185|0x000000008fd00000, 0x000000008fd00000, 0x000000008fe00000|  0%| F|  |TAMS 0x000000008fd00000, 0x000000008fd00000| Untracked 
| 186|0x000000008fe00000, 0x000000008fe00000, 0x000000008ff00000|  0%| F|  |TAMS 0x000000008fe00000, 0x000000008fe00000| Untracked 
| 187|0x000000008ff00000, 0x000000008ff00000, 0x0000000090000000|  0%| F|  |TAMS 0x000000008ff00000, 0x000000008ff00000| Untracked 
| 188|0x0000000090000000, 0x0000000090000000, 0x0000000090100000|  0%| F|  |TAMS 0x0000000090000000, 0x0000000090000000| Untracked 
| 189|0x0000000090100000, 0x0000000090100000, 0x0000000090200000|  0%| F|  |TAMS 0x0000000090100000, 0x0000000090100000| Untracked 
| 190|0x0000000090200000, 0x0000000090200000, 0x0000000090300000|  0%| F|  |TAMS 0x0000000090200000, 0x0000000090200000| Untracked 
| 191|0x0000000090300000, 0x0000000090300000, 0x0000000090400000|  0%| F|  |TAMS 0x0000000090300000, 0x0000000090300000| Untracked 
| 192|0x0000000090400000, 0x0000000090400000, 0x0000000090500000|  0%| F|  |TAMS 0x0000000090400000, 0x0000000090400000| Untracked 
| 193|0x0000000090500000, 0x0000000090500000, 0x0000000090600000|  0%| F|  |TAMS 0x0000000090500000, 0x0000000090500000| Untracked 
| 194|0x0000000090600000, 0x0000000090600000, 0x0000000090700000|  0%| F|  |TAMS 0x0000000090600000, 0x0000000090600000| Untracked 
| 195|0x0000000090700000, 0x0000000090700000, 0x0000000090800000|  0%| F|  |TAMS 0x0000000090700000, 0x0000000090700000| Untracked 
| 196|0x0000000090800000, 0x0000000090800000, 0x0000000090900000|  0%| F|  |TAMS 0x0000000090800000, 0x0000000090800000| Untracked 
| 197|0x0000000090900000, 0x0000000090900000, 0x0000000090a00000|  0%| F|  |TAMS 0x0000000090900000, 0x0000000090900000| Untracked 
| 198|0x0000000090a00000, 0x0000000090a00000, 0x0000000090b00000|  0%| F|  |TAMS 0x0000000090a00000, 0x0000000090a00000| Untracked 
| 199|0x0000000090b00000, 0x0000000090b00000, 0x0000000090c00000|  0%| F|  |TAMS 0x0000000090b00000, 0x0000000090b00000| Untracked 
| 200|0x0000000090c00000, 0x0000000090c00000, 0x0000000090d00000|  0%| F|  |TAMS 0x0000000090c00000, 0x0000000090c00000| Untracked 
| 201|0x0000000090d00000, 0x0000000090d00000, 0x0000000090e00000|  0%| F|  |TAMS 0x0000000090d00000, 0x0000000090d00000| Untracked 
| 202|0x0000000090e00000, 0x0000000090e00000, 0x0000000090f00000|  0%| F|  |TAMS 0x0000000090e00000, 0x0000000090e00000| Untracked 
| 203|0x0000000090f00000, 0x0000000090f00000, 0x0000000091000000|  0%| F|  |TAMS 0x0000000090f00000, 0x0000000090f00000| Untracked 
| 204|0x0000000091000000, 0x0000000091000000, 0x0000000091100000|  0%| F|  |TAMS 0x0000000091000000, 0x0000000091000000| Untracked 
| 205|0x0000000091100000, 0x0000000091100000, 0x0000000091200000|  0%| F|  |TAMS 0x0000000091100000, 0x0000000091100000| Untracked 
| 206|0x0000000091200000, 0x0000000091200000, 0x0000000091300000|  0%| F|  |TAMS 0x0000000091200000, 0x0000000091200000| Untracked 
| 207|0x0000000091300000, 0x0000000091300000, 0x0000000091400000|  0%| F|  |TAMS 0x0000000091300000, 0x0000000091300000| Untracked 
| 208|0x0000000091400000, 0x0000000091400000, 0x0000000091500000|  0%| F|  |TAMS 0x0000000091400000, 0x0000000091400000| Untracked 
| 209|0x0000000091500000, 0x0000000091500000, 0x0000000091600000|  0%| F|  |TAMS 0x0000000091500000, 0x0000000091500000| Untracked 
| 210|0x0000000091600000, 0x0000000091600000, 0x0000000091700000|  0%| F|  |TAMS 0x0000000091600000, 0x0000000091600000| Untracked 
| 211|0x0000000091700000, 0x0000000091700000, 0x0000000091800000|  0%| F|  |TAMS 0x0000000091700000, 0x0000000091700000| Untracked 
| 212|0x0000000091800000, 0x0000000091800000, 0x0000000091900000|  0%| F|  |TAMS 0x0000000091800000, 0x0000000091800000| Untracked 
| 213|0x0000000091900000, 0x0000000091900000, 0x0000000091a00000|  0%| F|  |TAMS 0x0000000091900000, 0x0000000091900000| Untracked 
| 214|0x0000000091a00000, 0x0000000091a00000, 0x0000000091b00000|  0%| F|  |TAMS 0x0000000091a00000, 0x0000000091a00000| Untracked 
| 215|0x0000000091b00000, 0x0000000091b00000, 0x0000000091c00000|  0%| F|  |TAMS 0x0000000091b00000, 0x0000000091b00000| Untracked 
| 216|0x0000000091c00000, 0x0000000091c00000, 0x0000000091d00000|  0%| F|  |TAMS 0x0000000091c00000, 0x0000000091c00000| Untracked 
| 217|0x0000000091d00000, 0x0000000091d00000, 0x0000000091e00000|  0%| F|  |TAMS 0x0000000091d00000, 0x0000000091d00000| Untracked 
| 218|0x0000000091e00000, 0x0000000091e00000, 0x0000000091f00000|  0%| F|  |TAMS 0x0000000091e00000, 0x0000000091e00000| Untracked 
| 219|0x0000000091f00000, 0x0000000091f00000, 0x0000000092000000|  0%| F|  |TAMS 0x0000000091f00000, 0x0000000091f00000| Untracked 
| 262|0x0000000094a00000, 0x0000000094a00000, 0x0000000094b00000|  0%| F|  |TAMS 0x0000000094a00000, 0x0000000094a00000| Untracked 
| 263|0x0000000094b00000, 0x0000000094b00000, 0x0000000094c00000|  0%| F|  |TAMS 0x0000000094b00000, 0x0000000094b00000| Untracked 
| 264|0x0000000094c00000, 0x0000000094c00000, 0x0000000094d00000|  0%| F|  |TAMS 0x0000000094c00000, 0x0000000094c00000| Untracked 
| 265|0x0000000094d00000, 0x0000000094d00000, 0x0000000094e00000|  0%| F|  |TAMS 0x0000000094d00000, 0x0000000094d00000| Untracked 
| 266|0x0000000094e00000, 0x0000000094e00000, 0x0000000094f00000|  0%| F|  |TAMS 0x0000000094e00000, 0x0000000094e00000| Untracked 
| 267|0x0000000094f00000, 0x0000000094f00000, 0x0000000095000000|  0%| F|  |TAMS 0x0000000094f00000, 0x0000000094f00000| Untracked 
| 268|0x0000000095000000, 0x0000000095080800, 0x0000000095100000| 50%| E|  |TAMS 0x0000000095000000, 0x0000000095000000| Complete 
| 269|0x0000000095100000, 0x0000000095200000, 0x0000000095200000|100%| E|CS|TAMS 0x0000000095100000, 0x0000000095100000| Complete 
| 270|0x0000000095200000, 0x0000000095300000, 0x0000000095300000|100%| E|CS|TAMS 0x0000000095200000, 0x0000000095200000| Complete 
| 271|0x0000000095300000, 0x0000000095400000, 0x0000000095400000|100%| E|CS|TAMS 0x0000000095300000, 0x0000000095300000| Complete 

Card table byte_map: [0x000002cc71c20000,0x000002cc72000000] _byte_map_base: 0x000002cc717fe000

Marking Bits (Prev, Next): (CMBitMap*) 0x000002cc5ee70270, (CMBitMap*) 0x000002cc5ee702b0
 Prev Bits: [0x000002cc723e0000, 0x000002cc742d0000)
 Next Bits: [0x000002cc742d0000, 0x000002cc761c0000)

Polling page: 0x000002cc5cd80000

Metaspace:

Usage:
  Non-class:     76.01 MB used.
      Class:      9.24 MB used.
       Both:     85.25 MB used.

Virtual space:
  Non-class space:      128.00 MB reserved,      76.19 MB ( 60%) committed,  2 nodes.
      Class space:        1.00 GB reserved,       9.38 MB ( <1%) committed,  1 nodes.
             Both:        1.12 GB reserved,      85.56 MB (  7%) committed. 

Chunk freelists:
   Non-Class:  3.80 MB
       Class:  6.62 MB
        Both:  10.42 MB

MaxMetaspaceSize: unlimited
CompressedClassSpaceSize: 1.00 GB
Initial GC threshold: 21.00 MB
Current GC threshold: 92.75 MB
CDS: off
MetaspaceReclaimPolicy: balanced
 - commit_granule_bytes: 65536.
 - commit_granule_words: 8192.
 - virtual_space_node_default_size: 8388608.
 - enlarge_chunks_in_place: 1.
 - new_chunks_are_fully_committed: 0.
 - uncommit_free_chunks: 1.
 - use_allocation_guard: 0.
 - handle_deallocations: 1.


Internal statistics:

num_allocs_failed_limit: 6.
num_arena_births: 458.
num_arena_deaths: 0.
num_vsnodes_births: 3.
num_vsnodes_deaths: 0.
num_space_committed: 1367.
num_space_uncommitted: 0.
num_chunks_returned_to_freelist: 6.
num_chunks_taken_from_freelist: 3324.
num_chunk_merges: 6.
num_chunk_splits: 2679.
num_chunks_enlarged: 2330.
num_inconsistent_stats: 0.

CodeHeap 'non-profiled nmethods': size=120000Kb used=7586Kb max_used=7590Kb free=112414Kb
 bounds [0x000002cc69dc0000, 0x000002cc6a530000, 0x000002cc712f0000]
CodeHeap 'profiled nmethods': size=120000Kb used=39707Kb max_used=39707Kb free=80292Kb
 bounds [0x000002cc622f0000, 0x000002cc649c0000, 0x000002cc69820000]
CodeHeap 'non-nmethods': size=5760Kb used=1411Kb max_used=1458Kb free=4348Kb
 bounds [0x000002cc69820000, 0x000002cc69a90000, 0x000002cc69dc0000]
 total_blobs=14321 nmethods=13577 adapters=653
 compilation: enabled
              stopped_count=0, restarted_count=0
 full_count=0

Compilation events (20 events):
Event: 16.399 Thread 0x000002cc7d04b830 nmethod 15962 0x000002cc64990010 code [0x000002cc649901c0, 0x000002cc64990418]
Event: 16.399 Thread 0x000002cc7d04b830 15960       1       org.jetbrains.kotlin.codegen.inline.InliningContext::getLambdaInfo (5 bytes)
Event: 16.399 Thread 0x000002cc7d04b830 nmethod 15960 0x000002cc6a525690 code [0x000002cc6a525820, 0x000002cc6a5258f8]
Event: 16.399 Thread 0x000002cc7d04b830 15954       3       org.jetbrains.org.objectweb.asm.util.CheckSignatureAdapter::visitEnd (40 bytes)
Event: 16.399 Thread 0x000002cc7d04b830 nmethod 15954 0x000002cc64990510 code [0x000002cc649906e0, 0x000002cc64990a58]
Event: 16.399 Thread 0x000002cc7d04b830 15961       3       org.jetbrains.kotlin.codegen.optimization.temporaryVals.StoreLoadFrame::get (13 bytes)
Event: 16.399 Thread 0x000002cc7d04b830 nmethod 15961 0x000002cc64990b90 code [0x000002cc64990da0, 0x000002cc64991328]
Event: 16.399 Thread 0x000002cc7d04b830 15963       3       org.jetbrains.org.objectweb.asm.commons.InstructionAdapter::visitMethodInsn (127 bytes)
Event: 16.399 Thread 0x000002cc7d04b830 nmethod 15963 0x000002cc64991590 code [0x000002cc649917a0, 0x000002cc64991e98]
Event: 16.399 Thread 0x000002cc7d04b830 15955       3       org.jetbrains.kotlin.backend.jvm.ir.JvmIrUtilsKt::isBridge (39 bytes)
Event: 16.400 Thread 0x000002cc7d04b830 nmethod 15955 0x000002cc64992010 code [0x000002cc64992280, 0x000002cc64992d18]
Event: 16.400 Thread 0x000002cc7d04b830 15957       3       org.jetbrains.kotlin.backend.jvm.codegen.ClassCodegen::access$getParentClassCodegen (5 bytes)
Event: 16.400 Thread 0x000002cc0129c010 nmethod 15850 0x000002cc6a525990 code [0x000002cc6a525bc0, 0x000002cc6a5265e0]
Event: 16.400 Thread 0x000002cc0129c010 15869       4       org.jetbrains.kotlin.codegen.JvmCodegenUtil::sanitizeNameIfNeeded (76 bytes)
Event: 16.400 Thread 0x000002cc7d04b830 nmethod 15957 0x000002cc64993090 code [0x000002cc64993240, 0x000002cc64993528]
Event: 16.400 Thread 0x000002cc7d04b830 15958       3       org.jetbrains.kotlin.backend.jvm.codegen.ClassCodegen::isSamWrapper (11 bytes)
Event: 16.401 Thread 0x000002cc7d04b830 nmethod 15958 0x000002cc64993690 code [0x000002cc64993860, 0x000002cc64993bb8]
Event: 16.401 Thread 0x000002cc7d04b830 15964       3       org.jetbrains.kotlin.load.kotlin.TypeMappingMode::wrapInlineClassesMode (46 bytes)
Event: 16.401 Thread 0x000002cc7d04b830 nmethod 15964 0x000002cc64993d10 code [0x000002cc64993ec0, 0x000002cc649940c8]
Event: 16.401 Thread 0x000002cc7d04b830 15968       3       org.jetbrains.kotlin.backend.jvm.codegen.ExpressionCodegen::visitCall (1232 bytes)

GC Heap History (20 events):
Event: 5.999 GC heap before
{Heap before GC invocations=18 (full 0):
 garbage-first heap   total 113664K, used 51861K [0x0000000084400000, 0x0000000100000000)
  region size 1024K, 6 young (6144K), 5 survivors (5120K)
 Metaspace       used 56527K, committed 56768K, reserved 1114112K
  class space    used 6695K, committed 6784K, reserved 1048576K
}
Event: 6.009 GC heap after
{Heap after GC invocations=19 (full 0):
 garbage-first heap   total 113664K, used 51104K [0x0000000084400000, 0x0000000100000000)
  region size 1024K, 1 young (1024K), 1 survivors (1024K)
 Metaspace       used 56527K, committed 56768K, reserved 1114112K
  class space    used 6695K, committed 6784K, reserved 1048576K
}
Event: 6.068 GC heap before
{Heap before GC invocations=19 (full 0):
 garbage-first heap   total 113664K, used 56224K [0x0000000084400000, 0x0000000100000000)
  region size 1024K, 7 young (7168K), 1 survivors (1024K)
 Metaspace       used 56671K, committed 56896K, reserved 1114112K
  class space    used 6712K, committed 6784K, reserved 1048576K
}
Event: 6.073 GC heap after
{Heap after GC invocations=20 (full 0):
 garbage-first heap   total 113664K, used 51453K [0x0000000084400000, 0x0000000100000000)
  region size 1024K, 2 young (2048K), 2 survivors (2048K)
 Metaspace       used 56671K, committed 56896K, reserved 1114112K
  class space    used 6712K, committed 6784K, reserved 1048576K
}
Event: 6.308 GC heap before
{Heap before GC invocations=20 (full 0):
 garbage-first heap   total 113664K, used 87293K [0x0000000084400000, 0x0000000100000000)
  region size 1024K, 35 young (35840K), 2 survivors (2048K)
 Metaspace       used 56679K, committed 56896K, reserved 1114112K
  class space    used 6713K, committed 6784K, reserved 1048576K
}
Event: 6.314 GC heap after
{Heap after GC invocations=21 (full 0):
 garbage-first heap   total 113664K, used 56189K [0x0000000084400000, 0x0000000100000000)
  region size 1024K, 4 young (4096K), 4 survivors (4096K)
 Metaspace       used 56679K, committed 56896K, reserved 1114112K
  class space    used 6713K, committed 6784K, reserved 1048576K
}
Event: 6.487 GC heap before
{Heap before GC invocations=21 (full 0):
 garbage-first heap   total 113664K, used 88957K [0x0000000084400000, 0x0000000100000000)
  region size 1024K, 36 young (36864K), 4 survivors (4096K)
 Metaspace       used 56703K, committed 56960K, reserved 1114112K
  class space    used 6713K, committed 6784K, reserved 1048576K
}
Event: 6.498 GC heap after
{Heap after GC invocations=22 (full 0):
 garbage-first heap   total 278528K, used 59413K [0x0000000084400000, 0x0000000100000000)
  region size 1024K, 4 young (4096K), 4 survivors (4096K)
 Metaspace       used 56703K, committed 56960K, reserved 1114112K
  class space    used 6713K, committed 6784K, reserved 1048576K
}
Event: 7.312 GC heap before
{Heap before GC invocations=23 (full 0):
 garbage-first heap   total 235520K, used 193557K [0x0000000084400000, 0x0000000100000000)
  region size 1024K, 135 young (138240K), 4 survivors (4096K)
 Metaspace       used 56703K, committed 56960K, reserved 1114112K
  class space    used 6713K, committed 6784K, reserved 1048576K
}
Event: 7.325 GC heap after
{Heap after GC invocations=24 (full 0):
 garbage-first heap   total 235520K, used 73040K [0x0000000084400000, 0x0000000100000000)
  region size 1024K, 17 young (17408K), 17 survivors (17408K)
 Metaspace       used 56703K, committed 56960K, reserved 1114112K
  class space    used 6713K, committed 6784K, reserved 1048576K
}
Event: 7.327 GC heap before
{Heap before GC invocations=24 (full 0):
 garbage-first heap   total 235520K, used 74064K [0x0000000084400000, 0x0000000100000000)
  region size 1024K, 18 young (18432K), 17 survivors (17408K)
 Metaspace       used 56703K, committed 56960K, reserved 1114112K
  class space    used 6713K, committed 6784K, reserved 1048576K
}
Event: 7.337 GC heap after
{Heap after GC invocations=25 (full 0):
 garbage-first heap   total 235520K, used 74761K [0x0000000084400000, 0x0000000100000000)
  region size 1024K, 3 young (3072K), 3 survivors (3072K)
 Metaspace       used 56703K, committed 56960K, reserved 1114112K
  class space    used 6713K, committed 6784K, reserved 1048576K
}
Event: 9.629 GC heap before
{Heap before GC invocations=25 (full 0):
 garbage-first heap   total 235520K, used 175113K [0x0000000084400000, 0x0000000100000000)
  region size 1024K, 100 young (102400K), 3 survivors (3072K)
 Metaspace       used 60271K, committed 60480K, reserved 1114112K
  class space    used 6889K, committed 6976K, reserved 1048576K
}
Event: 9.643 GC heap after
{Heap after GC invocations=26 (full 0):
 garbage-first heap   total 235520K, used 84143K [0x0000000084400000, 0x0000000100000000)
  region size 1024K, 13 young (13312K), 13 survivors (13312K)
 Metaspace       used 60271K, committed 60480K, reserved 1114112K
  class space    used 6889K, committed 6976K, reserved 1048576K
}
Event: 11.854 GC heap before
{Heap before GC invocations=26 (full 0):
 garbage-first heap   total 235520K, used 177327K [0x0000000084400000, 0x0000000100000000)
  region size 1024K, 104 young (106496K), 13 survivors (13312K)
 Metaspace       used 67601K, committed 67904K, reserved 1114112K
  class space    used 7618K, committed 7808K, reserved 1048576K
}
Event: 11.872 GC heap after
{Heap after GC invocations=27 (full 0):
 garbage-first heap   total 235520K, used 92263K [0x0000000084400000, 0x0000000100000000)
  region size 1024K, 10 young (10240K), 10 survivors (10240K)
 Metaspace       used 67601K, committed 67904K, reserved 1114112K
  class space    used 7618K, committed 7808K, reserved 1048576K
}
Event: 14.030 GC heap before
{Heap before GC invocations=27 (full 0):
 garbage-first heap   total 235520K, used 182375K [0x0000000084400000, 0x0000000100000000)
  region size 1024K, 98 young (100352K), 10 survivors (10240K)
 Metaspace       used 76537K, committed 76928K, reserved 1179648K
  class space    used 8515K, committed 8704K, reserved 1048576K
}
Event: 14.053 GC heap after
{Heap after GC invocations=28 (full 0):
 garbage-first heap   total 235520K, used 104166K [0x0000000084400000, 0x0000000100000000)
  region size 1024K, 12 young (12288K), 12 survivors (12288K)
 Metaspace       used 76537K, committed 76928K, reserved 1179648K
  class space    used 8515K, committed 8704K, reserved 1048576K
}
Event: 16.330 GC heap before
{Heap before GC invocations=28 (full 0):
 garbage-first heap   total 235520K, used 184038K [0x0000000084400000, 0x0000000100000000)
  region size 1024K, 91 young (93184K), 12 survivors (12288K)
 Metaspace       used 87093K, committed 87424K, reserved 1179648K
  class space    used 9450K, committed 9600K, reserved 1048576K
}
Event: 16.347 GC heap after
{Heap after GC invocations=29 (full 0):
 garbage-first heap   total 235520K, used 111191K [0x0000000084400000, 0x0000000100000000)
  region size 1024K, 7 young (7168K), 7 survivors (7168K)
 Metaspace       used 87093K, committed 87424K, reserved 1179648K
  class space    used 9450K, committed 9600K, reserved 1048576K
}

Dll operation events (2 events):
Event: 0.009 Loaded shared library C:\Program Files\Android\Android Studio\jbr\bin\java.dll
Event: 1.701 Loaded shared library C:\Program Files\Android\Android Studio\jbr\bin\verify.dll

Deoptimization events (20 events):
Event: 16.289 Thread 0x000002cc5ee14ec0 Uncommon trap: trap_request=0xffffff45 fr.pc=0x000002cc69f96f4c relative=0x000000000000070c
Event: 16.289 Thread 0x000002cc5ee14ec0 Uncommon trap: reason=unstable_if action=reinterpret pc=0x000002cc69f96f4c method=org.jetbrains.kotlin.protobuf.GeneratedMessageLite$ExtendableMessage$ExtensionWriter.writeUntil(ILorg/jetbrains/kotlin/protobuf/CodedOutputStream;)V @ 109 c2
Event: 16.289 Thread 0x000002cc5ee14ec0 DEOPT PACKING pc=0x000002cc69f96f4c sp=0x000000cd3fefda30
Event: 16.289 Thread 0x000002cc5ee14ec0 DEOPT UNPACKING pc=0x000002cc698769a3 sp=0x000000cd3fefda38 mode 2
Event: 16.293 Thread 0x000002cc5ee14ec0 Uncommon trap: trap_request=0xffffffc6 fr.pc=0x000002cc6a503db0 relative=0x0000000000000110
Event: 16.293 Thread 0x000002cc5ee14ec0 Uncommon trap: reason=bimorphic_or_optimized_type_check action=maybe_recompile pc=0x000002cc6a503db0 method=kotlin.collections.CollectionsKt___CollectionsKt.lastOrNull(Ljava/util/List;)Ljava/lang/Object; @ 21 c2
Event: 16.293 Thread 0x000002cc5ee14ec0 DEOPT PACKING pc=0x000002cc6a503db0 sp=0x000000cd3fefbe00
Event: 16.293 Thread 0x000002cc5ee14ec0 DEOPT UNPACKING pc=0x000002cc698769a3 sp=0x000000cd3fefbd98 mode 2
Event: 16.294 Thread 0x000002cc5ee14ec0 Uncommon trap: trap_request=0xffffffc6 fr.pc=0x000002cc6a503db0 relative=0x0000000000000110
Event: 16.294 Thread 0x000002cc5ee14ec0 Uncommon trap: reason=bimorphic_or_optimized_type_check action=maybe_recompile pc=0x000002cc6a503db0 method=kotlin.collections.CollectionsKt___CollectionsKt.lastOrNull(Ljava/util/List;)Ljava/lang/Object; @ 21 c2
Event: 16.294 Thread 0x000002cc5ee14ec0 DEOPT PACKING pc=0x000002cc6a503db0 sp=0x000000cd3fefbe00
Event: 16.294 Thread 0x000002cc5ee14ec0 DEOPT UNPACKING pc=0x000002cc698769a3 sp=0x000000cd3fefbd98 mode 2
Event: 16.301 Thread 0x000002cc5ee14ec0 Uncommon trap: trap_request=0xffffffc6 fr.pc=0x000002cc6a503db0 relative=0x0000000000000110
Event: 16.301 Thread 0x000002cc5ee14ec0 Uncommon trap: reason=bimorphic_or_optimized_type_check action=maybe_recompile pc=0x000002cc6a503db0 method=kotlin.collections.CollectionsKt___CollectionsKt.lastOrNull(Ljava/util/List;)Ljava/lang/Object; @ 21 c2
Event: 16.301 Thread 0x000002cc5ee14ec0 DEOPT PACKING pc=0x000002cc6a503db0 sp=0x000000cd3fefc1b0
Event: 16.301 Thread 0x000002cc5ee14ec0 DEOPT UNPACKING pc=0x000002cc698769a3 sp=0x000000cd3fefc148 mode 2
Event: 16.304 Thread 0x000002cc5ee14ec0 Uncommon trap: trap_request=0xffffff45 fr.pc=0x000002cc6a4d5dd0 relative=0x00000000000002b0
Event: 16.304 Thread 0x000002cc5ee14ec0 Uncommon trap: reason=unstable_if action=reinterpret pc=0x000002cc6a4d5dd0 method=gnu.trove.TObjectHash.index(Ljava/lang/Object;)I @ 116 c2
Event: 16.305 Thread 0x000002cc5ee14ec0 DEOPT PACKING pc=0x000002cc6a4d5dd0 sp=0x000000cd3fefc2d0
Event: 16.305 Thread 0x000002cc5ee14ec0 DEOPT UNPACKING pc=0x000002cc698769a3 sp=0x000000cd3fefc248 mode 2

Classes unloaded (0 events):
No events

Classes redefined (0 events):
No events

Internal exceptions (20 events):
Event: 5.080 Thread 0x000002cc5ee14ec0 Exception <a 'java/lang/NoSuchMethodError'{0x0000000088090c08}: 'java.lang.Object java.lang.invoke.DirectMethodHandle$Holder.newInvokeSpecial(java.lang.Object, int, java.lang.Object)'> (0x0000000088090c08) 
thrown [s\src\hotspot\share\interpreter\linkResolver.cpp, line 771]
Event: 5.081 Thread 0x000002cc5ee14ec0 Exception <a 'java/lang/NoSuchMethodError'{0x0000000088096fe0}: 'int java.lang.invoke.DirectMethodHandle$Holder.invokeInterface(java.lang.Object, java.lang.Object)'> (0x0000000088096fe0) 
thrown [s\src\hotspot\share\interpreter\linkResolver.cpp, line 771]
Event: 5.376 Thread 0x000002cc5ee14ec0 Implicit null exception at 0x000002cc69ec3d89 to 0x000002cc69ec3e70
Event: 5.376 Thread 0x000002cc5ee14ec0 Implicit null exception at 0x000002cc69e246d8 to 0x000002cc69e2476a
Event: 5.484 Thread 0x000002cc5ee14ec0 Exception <a 'java/lang/NoSuchMethodError'{0x000000008a2454a8}: 'java.lang.Object java.lang.invoke.DirectMethodHandle$Holder.invokeInterface(java.lang.Object, java.lang.Object, java.lang.Object)'> (0x000000008a2454a8) 
thrown [s\src\hotspot\share\interpreter\linkResolver.cpp, line 771]
Event: 5.485 Thread 0x000002cc5ee14ec0 Exception <a 'java/lang/IncompatibleClassChangeError'{0x000000008a248e18}: Found class java.lang.Object, but interface was expected> (0x000000008a248e18) 
thrown [s\src\hotspot\share\interpreter\linkResolver.cpp, line 838]
Event: 5.712 Thread 0x000002cc5ee14ec0 Exception <a 'java/lang/NoSuchMethodError'{0x00000000898bc0d0}: 'int java.lang.invoke.DirectMethodHandle$Holder.invokeStaticInit(java.lang.Object, int)'> (0x00000000898bc0d0) 
thrown [s\src\hotspot\share\interpreter\linkResolver.cpp, line 771]
Event: 8.061 Thread 0x000002cc5ee14ec0 Exception <a 'java/lang/NoSuchMethodError'{0x000000008fd03bb0}: 'java.lang.Object java.lang.invoke.DirectMethodHandle$Holder.newInvokeSpecial(java.lang.Object, java.lang.Object, java.lang.Object, java.lang.Object, java.lang.Object, java.lang.Object, java.lang.Object)'> (0x000000008fd03bb0) 
thrown [s\src\hotspot\share\interpreter\linkResolver.cpp, line 771]
Event: 8.062 Thread 0x000002cc5ee14ec0 Exception <a 'java/lang/NoSuchMethodError'{0x000000008fd0a748}: 'java.lang.Object java.lang.invoke.Invokers$Holder.linkToTargetMethod(java.lang.Object, java.lang.Object, java.lang.Object, java.lang.Object, java.lang.Object, java.lang.Object, java.lang.Object)'> (0x000000008fd0a748) 
thrown [s\src\hotspot\share\interpreter\linkResolver.cpp, line 771]
Event: 10.968 Thread 0x000002cc5ee14ec0 Implicit null exception at 0x000002cc69e5f0ea to 0x000002cc69e5f2a8
Event: 11.154 Thread 0x000002cc5ee14ec0 Implicit null exception at 0x000002cc6a256b5c to 0x000002cc6a256e4c
Event: 11.390 Thread 0x000002cc5ee14ec0 Exception <a 'java/lang/NoSuchMethodError'{0x000000008e423998}: 'java.lang.Object java.lang.invoke.DirectMethodHandle$Holder.invokeStaticInit(java.lang.Object, java.lang.Object, java.lang.Object, java.lang.Object)'> (0x000000008e423998) 
thrown [s\src\hotspot\share\interpreter\linkResolver.cpp, line 771]
Event: 11.660 Thread 0x000002cc5ee14ec0 Exception <a 'java/lang/NoSuchMethodError'{0x000000008d64fe08}: 'java.lang.Object java.lang.invoke.DirectMethodHandle$Holder.newInvokeSpecial(java.lang.Object, java.lang.Object, java.lang.Object, int, int)'> (0x000000008d64fe08) 
thrown [s\src\hotspot\share\interpreter\linkResolver.cpp, line 771]
Event: 11.661 Thread 0x000002cc5ee14ec0 Exception <a 'java/lang/NoSuchMethodError'{0x000000008d653c48}: 'java.lang.Object java.lang.invoke.DirectMethodHandle$Holder.invokeSpecial(java.lang.Object, java.lang.Object, java.lang.Object, java.lang.Object, int, int)'> (0x000000008d653c48) 
thrown [s\src\hotspot\share\interpreter\linkResolver.cpp, line 771]
Event: 11.737 Thread 0x000002cc5ee14ec0 Exception <a 'java/lang/NoSuchMethodError'{0x000000008d3415b0}: 'java.lang.Object java.lang.invoke.DirectMethodHandle$Holder.invokeSpecial(java.lang.Object, java.lang.Object, int, int, java.lang.Object, java.lang.Object, java.lang.Object, java.lang.Object, java.lang.Object)'> (0x000000008d3415b0) 
thrown [s\src\hotspot\share\interpreter\linkResolver.cpp, line 771]
Event: 11.748 Thread 0x000002cc5ee14ec0 Implicit null exception at 0x000002cc69e2b2ed to 0x000002cc69e2b50c
Event: 11.754 Thread 0x000002cc5ee14ec0 Exception <a 'java/lang/NoSuchMethodError'{0x000000008d3d3e80}: 'java.lang.Object java.lang.invoke.DirectMethodHandle$Holder.invokeStatic(java.lang.Object, int, java.lang.Object)'> (0x000000008d3d3e80) 
thrown [s\src\hotspot\share\interpreter\linkResolver.cpp, line 771]
Event: 11.761 Thread 0x000002cc5ee14ec0 Exception <a 'java/lang/NoSuchMethodError'{0x000000008d3f9660}: 'java.lang.Object java.lang.invoke.DirectMethodHandle$Holder.newInvokeSpecial(java.lang.Object, int, java.lang.Object, java.lang.Object)'> (0x000000008d3f9660) 
thrown [s\src\hotspot\share\interpreter\linkResolver.cpp, line 771]
Event: 12.007 Thread 0x000002cc5ee14ec0 Exception <a 'java/lang/NoSuchMethodError'{0x0000000094ffac48}: 'java.lang.Object java.lang.invoke.DirectMethodHandle$Holder.newInvokeSpecial(java.lang.Object, java.lang.Object, int, int, java.lang.Object, java.lang.Object, java.lang.Object)'> (0x0000000094ffac48) 
thrown [s\src\hotspot\share\interpreter\linkResolver.cpp, line 771]
Event: 12.007 Thread 0x000002cc5ee14ec0 Exception <a 'java/lang/NoSuchMethodError'{0x0000000094fffad8}: 'java.lang.Object java.lang.invoke.DirectMethodHandle$Holder.invokeSpecial(java.lang.Object, java.lang.Object, java.lang.Object, int, int, java.lang.Object, java.lang.Object, java.lang.Object)'> (0x0000000094fffad8) 
thrown [s\src\hotspot\share\interpreter\linkResolver.cpp, line 771]

VM Operations (20 events):
Event: 15.710 Executing VM operation: HandshakeAllThreads
Event: 15.710 Executing VM operation: HandshakeAllThreads done
Event: 15.728 Executing VM operation: HandshakeAllThreads
Event: 15.728 Executing VM operation: HandshakeAllThreads done
Event: 15.744 Executing VM operation: HandshakeAllThreads
Event: 15.744 Executing VM operation: HandshakeAllThreads done
Event: 15.752 Executing VM operation: HandshakeAllThreads
Event: 15.752 Executing VM operation: HandshakeAllThreads done
Event: 15.755 Executing VM operation: HandshakeAllThreads
Event: 15.755 Executing VM operation: HandshakeAllThreads done
Event: 16.003 Executing VM operation: HandshakeAllThreads
Event: 16.003 Executing VM operation: HandshakeAllThreads done
Event: 16.050 Executing VM operation: ICBufferFull
Event: 16.050 Executing VM operation: ICBufferFull done
Event: 16.155 Executing VM operation: ICBufferFull
Event: 16.155 Executing VM operation: ICBufferFull done
Event: 16.306 Executing VM operation: ICBufferFull
Event: 16.306 Executing VM operation: ICBufferFull done
Event: 16.330 Executing VM operation: G1CollectForAllocation
Event: 16.347 Executing VM operation: G1CollectForAllocation done

Events (20 events):
Event: 14.985 loading class java/lang/constant/DirectMethodHandleDescImpl$1
Event: 14.985 loading class java/lang/constant/DirectMethodHandleDescImpl$1 done
Event: 14.985 loading class java/lang/constant/DirectMethodHandleDesc$1
Event: 14.985 loading class java/lang/constant/DirectMethodHandleDesc$1 done
Event: 14.985 loading class java/lang/constant/PrimitiveClassDescImpl
Event: 14.985 loading class java/lang/constant/DynamicConstantDesc
Event: 14.985 loading class java/lang/constant/DynamicConstantDesc done
Event: 14.985 loading class java/lang/constant/PrimitiveClassDescImpl done
Event: 14.986 loading class java/lang/constant/DynamicConstantDesc$AnonymousDynamicConstantDesc
Event: 14.986 loading class java/lang/constant/DynamicConstantDesc$AnonymousDynamicConstantDesc done
Event: 14.986 loading class sun/security/provider/ByteArrayAccess
Event: 14.986 loading class sun/security/provider/ByteArrayAccess done
Event: 14.986 loading class java/util/Base64
Event: 14.987 loading class java/util/Base64 done
Event: 14.987 loading class java/util/Base64$Encoder
Event: 14.987 loading class java/util/Base64$Encoder done
Event: 15.935 loading class java/util/Vector$Itr
Event: 15.935 loading class java/util/Vector$Itr done
Event: 15.943 Thread 0x000002cc7e5ab0d0 Thread exited: 0x000002cc7e5ab0d0
Event: 15.963 Thread 0x000002cc0129c010 Thread added: 0x000002cc0129c010


Dynamic libraries:
0x00007ff79adc0000 - 0x00007ff79adca000 	C:\Program Files\Android\Android Studio\jbr\bin\java.exe
0x00007ff813890000 - 0x00007ff813aa4000 	C:\Windows\SYSTEM32\ntdll.dll
0x00007ff812f60000 - 0x00007ff813023000 	C:\Windows\System32\KERNEL32.DLL
0x00007ff8112e0000 - 0x00007ff81167d000 	C:\Windows\System32\KERNELBASE.dll
0x00007ff811070000 - 0x00007ff811181000 	C:\Windows\System32\ucrtbase.dll
0x00007fffe9dd0000 - 0x00007fffe9de7000 	C:\Program Files\Android\Android Studio\jbr\bin\jli.dll
0x00007ff80d9b0000 - 0x00007ff80d9cb000 	C:\Program Files\Android\Android Studio\jbr\bin\VCRUNTIME140.dll
0x00007ff813160000 - 0x00007ff81330d000 	C:\Windows\System32\USER32.dll
0x00007ff8112b0000 - 0x00007ff8112d6000 	C:\Windows\System32\win32u.dll
0x00007ff813580000 - 0x00007ff8135a9000 	C:\Windows\System32\GDI32.dll
0x00007ffff4480000 - 0x00007ffff470e000 	C:\Windows\WinSxS\amd64_microsoft.windows.common-controls_6595b64144ccf1df_6.0.22621.608_none_a9444ca7c10bb01d\COMCTL32.dll
0x00007ff810cb0000 - 0x00007ff810dc2000 	C:\Windows\System32\gdi32full.dll
0x00007ff811190000 - 0x00007ff81122a000 	C:\Windows\System32\msvcp_win.dll
0x00007ff813090000 - 0x00007ff813137000 	C:\Windows\System32\msvcrt.dll
0x00007ff811680000 - 0x00007ff8116b2000 	C:\Windows\System32\IMM32.DLL
0x00007ff80bcd0000 - 0x00007ff80bcdc000 	C:\Program Files\Android\Android Studio\jbr\bin\vcruntime140_1.dll
0x00007ffff9f20000 - 0x00007ffff9fad000 	C:\Program Files\Android\Android Studio\jbr\bin\msvcp140.dll
0x00007fffaee60000 - 0x00007fffafae3000 	C:\Program Files\Android\Android Studio\jbr\bin\server\jvm.dll
0x00007ff812eb0000 - 0x00007ff812f5e000 	C:\Windows\System32\ADVAPI32.dll
0x00007ff8116c0000 - 0x00007ff811764000 	C:\Windows\System32\sechost.dll
0x00007ff811b20000 - 0x00007ff811c35000 	C:\Windows\System32\RPCRT4.dll
0x00007fffeb460000 - 0x00007fffeb469000 	C:\Windows\SYSTEM32\WSOCK32.dll
0x00007ff810b80000 - 0x00007ff810bcd000 	C:\Windows\SYSTEM32\POWRPROF.dll
0x00007ff8135b0000 - 0x00007ff813621000 	C:\Windows\System32\WS2_32.dll
0x00007ff809aa0000 - 0x00007ff809ad4000 	C:\Windows\SYSTEM32\WINMM.dll
0x00007ff800000000 - 0x00007ff80000a000 	C:\Windows\SYSTEM32\VERSION.dll
0x00007ff810b60000 - 0x00007ff810b73000 	C:\Windows\SYSTEM32\UMPDC.dll
0x00007ff80fcc0000 - 0x00007ff80fcd8000 	C:\Windows\SYSTEM32\kernel.appcore.dll
0x00007ff800310000 - 0x00007ff80031a000 	C:\Program Files\Android\Android Studio\jbr\bin\jimage.dll
0x00007ff80e650000 - 0x00007ff80e87e000 	C:\Windows\SYSTEM32\DBGHELP.DLL
0x00007ff812910000 - 0x00007ff812c9a000 	C:\Windows\System32\combase.dll
0x00007ff813310000 - 0x00007ff8133e7000 	C:\Windows\System32\OLEAUT32.dll
0x00007ffff4070000 - 0x00007ffff40a2000 	C:\Windows\SYSTEM32\dbgcore.DLL
0x00007ff811230000 - 0x00007ff8112ab000 	C:\Windows\System32\bcryptPrimitives.dll
0x00007ff8002e0000 - 0x00007ff800305000 	C:\Program Files\Android\Android Studio\jbr\bin\java.dll
0x00007ff8002c0000 - 0x00007ff8002d8000 	C:\Program Files\Android\Android Studio\jbr\bin\zip.dll
0x00007ff812120000 - 0x00007ff81290f000 	C:\Windows\System32\SHELL32.dll
0x00007ff80ec80000 - 0x00007ff80f548000 	C:\Windows\SYSTEM32\windows.storage.dll
0x00007ff80eb40000 - 0x00007ff80ec7e000 	C:\Windows\SYSTEM32\wintypes.dll
0x00007ff811a20000 - 0x00007ff811b11000 	C:\Windows\System32\SHCORE.dll
0x00007ff811c40000 - 0x00007ff811c9e000 	C:\Windows\System32\shlwapi.dll
0x00007ff810be0000 - 0x00007ff810c01000 	C:\Windows\SYSTEM32\profapi.dll
0x00007ff8002a0000 - 0x00007ff8002b9000 	C:\Program Files\Android\Android Studio\jbr\bin\net.dll
0x00007ff80b530000 - 0x00007ff80b65f000 	C:\Windows\SYSTEM32\WINHTTP.dll
0x00007ff810120000 - 0x00007ff810189000 	C:\Windows\system32\mswsock.dll
0x00007ff800280000 - 0x00007ff800296000 	C:\Program Files\Android\Android Studio\jbr\bin\nio.dll
0x00007ffff9df0000 - 0x00007ffff9e00000 	C:\Program Files\Android\Android Studio\jbr\bin\verify.dll

dbghelp: loaded successfully - version: 4.0.5 - missing functions: none
symbol engine: initialized successfully - sym options: 0x614 - pdb path: .;C:\Program Files\Android\Android Studio\jbr\bin;C:\Windows\SYSTEM32;C:\Windows\WinSxS\amd64_microsoft.windows.common-controls_6595b64144ccf1df_6.0.22621.608_none_a9444ca7c10bb01d;C:\Program Files\Android\Android Studio\jbr\bin\server

VM Arguments:
java_command: org.jetbrains.kotlin.cli.jvm.K2JVMCompiler @D:\Mobile\Kisaan1.0\app\build\20240414_8981042192347352421.compiler.options
java_class_path (initial): C:\Users\Sibgha Tullah\.gradle\caches\modules-2\files-2.1\org.jetbrains.kotlin\kotlin-compiler-embeddable\1.9.0\2c8c3a7402becca891f12739b3e9fd2dc2adbd7a\kotlin-compiler-embeddable-1.9.0.jar;C:\Users\Sibgha Tullah\.gradle\caches\modules-2\files-2.1\org.jetbrains.kotlin\kotlin-stdlib\1.9.0\8ee15ef0c67dc83d874f412d84378d7f0eb50b63\kotlin-stdlib-1.9.0.jar;C:\Users\Sibgha Tullah\.gradle\caches\modules-2\files-2.1\org.jetbrains.kotlin\kotlin-script-runtime\1.9.0\4b3102cbbb7e1b58d9d1adf89563f00069ffa7d1\kotlin-script-runtime-1.9.0.jar;C:\Users\Sibgha Tullah\.gradle\caches\modules-2\files-2.1\org.jetbrains.kotlin\kotlin-reflect\1.6.10\1cbe9c92c12a94eea200d23c2bbaedaf3daf5132\kotlin-reflect-1.6.10.jar;C:\Users\Sibgha Tullah\.gradle\caches\modules-2\files-2.1\org.jetbrains.kotlin\kotlin-daemon-embeddable\1.9.0\186543f5e28cf8d9a0290fecc2cf34301c40a65c\kotlin-daemon-embeddable-1.9.0.jar;C:\Users\Sibgha Tullah\.gradle\caches\modules-2\files-2.1\org.jetbrains.intellij.deps\trove4j\1.0.20200330\3afb14d5f9ceb459d724e907a21145e8ff394f02\trove4j-1.0.20200330.jar;C:\Users\Sibgha Tullah\.gradle\caches\modules-2\files-2.1\org.jetbrains.kotlin\kotlin-stdlib-common\1.9.0\cd65c21cfd1eec4d44ef09f9f52b6d9f8a720636\kotlin-stdlib-common-1.9.0.jar;C:\Users\Sibgha Tullah\.gradle\caches\modules-2\files-2.1\org.jetbrains\annotations\13.0\919f0dfe192fb4e063e7dacadee7f8bb9a2672a9\annotations-13.0.jar
Launcher Type: SUN_STANDARD

[Global flags]
     intx CICompilerCount                          = 4                                         {product} {ergonomic}
     uint ConcGCThreads                            = 3                                         {product} {ergonomic}
     uint G1ConcRefinementThreads                  = 10                                        {product} {ergonomic}
   size_t G1HeapRegionSize                         = 1048576                                   {product} {ergonomic}
    uintx GCDrainStackTargetSize                   = 64                                        {product} {ergonomic}
   size_t InitialHeapSize                          = 130023424                                 {product} {ergonomic}
   size_t MarkStackSize                            = 4194304                                   {product} {ergonomic}
   size_t MaxHeapSize                              = 2076180480                                {product} {ergonomic}
   size_t MaxNewSize                               = 1245708288                                {product} {ergonomic}
   size_t MinHeapDeltaBytes                        = 1048576                                   {product} {ergonomic}
   size_t MinHeapSize                              = 8388608                                   {product} {ergonomic}
    uintx NonNMethodCodeHeapSize                   = 5839372                                {pd product} {ergonomic}
    uintx NonProfiledCodeHeapSize                  = 122909434                              {pd product} {ergonomic}
    uintx ProfiledCodeHeapSize                     = 122909434                              {pd product} {ergonomic}
    uintx ReservedCodeCacheSize                    = 251658240                              {pd product} {ergonomic}
     bool SegmentedCodeCache                       = true                                      {product} {ergonomic}
   size_t SoftMaxHeapSize                          = 2076180480                             {manageable} {ergonomic}
     bool UseCompressedClassPointers               = true                           {product lp64_product} {ergonomic}
     bool UseCompressedOops                        = true                           {product lp64_product} {ergonomic}
     bool UseG1GC                                  = true                                      {product} {ergonomic}
     bool UseLargePagesIndividualAllocation        = false                                  {pd product} {ergonomic}

Logging:
Log output configuration:
 #0: stdout all=warning uptime,level,tags
 #1: stderr all=off uptime,level,tags

Environment Variables:
PATH=C:\Python312\Scripts\;C:\Python312\;C:\Windows\system32;C:\Windows;C:\Windows\System32\Wbem;C:\Windows\System32\WindowsPowerShell\v1.0\;C:\Windows\System32\OpenSSH\;C:\Program Files\Git\cmd;C:\Program Files\nodejs\;C:\ProgramData\chocolatey\bin;C:\Users\Sibgha Tullah\AppData\Local\Microsoft\WindowsApps;C:\Users\Sibgha Tullah\AppData\Local\Programs\Microsoft VS Code\bin;C:\Users\Sibgha Tullah\AppData\Roaming\npm
USERNAME=Sibgha Tullah
OS=Windows_NT
PROCESSOR_IDENTIFIER=Intel64 Family 6 Model 154 Stepping 4, GenuineIntel
TMP=C:\Users\SIBGHA~1\AppData\Local\Temp
TEMP=C:\Users\SIBGHA~1\AppData\Local\Temp



Periodic native trim disabled

JNI global refs:
JNI global refs: 12, weak refs: 8

JNI global refs memory usage: 843, weak refs: 841

OOME stack traces (most recent first):
Classloader memory used:
Loader jdk.internal.loader.ClassLoaders$AppClassLoader                                 : 9146K
Loader bootstrap                                                                       : 1461K
Loader java.net.URLClassLoader                                                         : 286K
Loader jdk.internal.reflect.DelegatingClassLoader                                      : 19964B


---------------  S Y S T E M  ---------------

OS:
 Windows 11 , 64 bit Build 22621 (10.0.22621.1105)
OS uptime: 17 days 14:13 hours
Hyper-V role detected

CPU: total 12 (initial active 12) (6 cores per cpu, 2 threads per core) family 6 model 154 stepping 4 microcode 0x424, cx8, cmov, fxsr, ht, mmx, 3dnowpref, sse, sse2, sse3, ssse3, sse4.1, sse4.2, popcnt, lzcnt, tsc, tscinvbit, avx, avx2, aes, erms, clmul, bmi1, bmi2, adx, sha, fma, vzeroupper, clflush, clflushopt, clwb, hv
Processor Information for processor 0
  Max Mhz: 1300, Current Mhz: 1300, Mhz Limit: 1300
Processor Information for processor 1
  Max Mhz: 1300, Current Mhz: 1300, Mhz Limit: 1300
Processor Information for processor 2
  Max Mhz: 1300, Current Mhz: 1300, Mhz Limit: 1300
Processor Information for processor 3
  Max Mhz: 1300, Current Mhz: 1300, Mhz Limit: 1300
Processor Information for processor 4
  Max Mhz: 900, Current Mhz: 900, Mhz Limit: 900
Processor Information for processor 5
  Max Mhz: 900, Current Mhz: 900, Mhz Limit: 900
Processor Information for processor 6
  Max Mhz: 900, Current Mhz: 900, Mhz Limit: 900
Processor Information for processor 7
  Max Mhz: 900, Current Mhz: 900, Mhz Limit: 900
Processor Information for processor 8
  Max Mhz: 900, Current Mhz: 900, Mhz Limit: 900
Processor Information for processor 9
  Max Mhz: 900, Current Mhz: 900, Mhz Limit: 900
Processor Information for processor 10
  Max Mhz: 900, Current Mhz: 900, Mhz Limit: 900
Processor Information for processor 11
  Max Mhz: 900, Current Mhz: 900, Mhz Limit: 900

Memory: 4k page, system-wide physical 7916M (465M free)
TotalPageFile size 20324M (AvailPageFile size 5M)
current process WorkingSet (physical memory assigned to process): 468M, peak: 468M
current process commit charge ("private bytes"): 511M, peak: 513M

vm_info: OpenJDK 64-Bit Server VM (17.0.9+0--11185874) for windows-amd64 JRE (17.0.9+0--11185874), built on Dec  6 2023 18:57:44 by "androidbuild" with MS VC++ 16.10 / 16.11 (VS2019)

END.
